Log file open, 11/17/19 12:03:24
LogWindows: Failed to load 'aqProf.dll' (GetLastError=126)
LogWindows: File 'aqProf.dll' does not exist
LogWindows: Failed to load 'VtuneApi.dll' (GetLastError=126)
LogWindows: File 'VtuneApi.dll' does not exist
LogWindows: Failed to load 'VtuneApi32e.dll' (GetLastError=126)
LogWindows: File 'VtuneApi32e.dll' does not exist
LogConsoleResponse: Display: Failed to find resolution value strings in scalability ini. Falling back to default.
LogInit: Display: Running engine for game: DeadMex
LogPakFile: Registered encryption key '00000000000000000000000000000000': 0 pak files mounted, 0 remain pending
LogPlatformFile: Not using cached read wrapper
LogTaskGraph: Started task graph with 5 named threads and 23 total threads with 3 sets of task threads.
LogStats: Stats thread started at 0.367180
LogD3D11RHI: Loaded GFSDK_Aftermath_Lib.x64.dll
LogICUInternationalization: ICU TimeZone Detection - Raw Offset: -5:00, Platform Override: ''
LogPluginManager: Mounting plugin Paper2D
LogPluginManager: Mounting plugin AISupport
LogPluginManager: Mounting plugin LightPropagationVolume
LogPluginManager: Mounting plugin ActorLayerUtilities
LogPluginManager: Mounting plugin CLionSourceCodeAccess
LogPluginManager: Mounting plugin CodeLiteSourceCodeAccess
LogPluginManager: Mounting plugin GitSourceControl
LogPluginManager: Mounting plugin KDevelopSourceCodeAccess
LogPluginManager: Mounting plugin NullSourceCodeAccess
LogPluginManager: Mounting plugin PerforceSourceControl
LogPluginManager: Mounting plugin SubversionSourceControl
LogPluginManager: Mounting plugin UObjectPlugin
LogPluginManager: Mounting plugin VisualStudioCodeSourceCodeAccess
LogPluginManager: Mounting plugin VisualStudioSourceCodeAccess
LogPluginManager: Mounting plugin XCodeSourceCodeAccess
LogPluginManager: Mounting plugin AssetManagerEditor
LogPluginManager: Mounting plugin CryptoKeys
LogPluginManager: Mounting plugin DataValidation
LogPluginManager: Mounting plugin FacialAnimation
LogPluginManager: Mounting plugin GameplayTagsEditor
LogPluginManager: Mounting plugin MacGraphicsSwitching
LogPluginManager: Mounting plugin MeshEditor
LogPluginManager: Mounting plugin MobileLauncherProfileWizard
LogPluginManager: Mounting plugin PluginBrowser
LogPluginManager: Mounting plugin SpeedTreeImporter
LogPluginManager: Mounting plugin DatasmithContent
LogPluginManager: Mounting plugin VariantManagerContent
LogPluginManager: Mounting plugin AlembicImporter
LogPluginManager: Mounting plugin AppleImageUtils
LogPluginManager: Mounting plugin AppleVision
LogPluginManager: Mounting plugin BackChannel
LogPluginManager: Mounting plugin CharacterAI
LogPluginManager: Mounting plugin GeometryCache
LogPluginManager: Mounting plugin HTML5Networking
LogPluginManager: Mounting plugin ProxyLODPlugin
LogPluginManager: Mounting plugin MagicLeap
LogPluginManager: Mounting plugin MagicLeapMedia
LogPluginManager: Mounting plugin AndroidMedia
LogPluginManager: Mounting plugin AvfMedia
LogPluginManager: Mounting plugin ImgMedia
LogPluginManager: Mounting plugin LinearTimecode
LogPluginManager: Mounting plugin MediaCompositing
LogPluginManager: Mounting plugin MediaPlayerEditor
LogPluginManager: Mounting plugin WebMMedia
LogPluginManager: Mounting plugin WmfMedia
LogPluginManager: Mounting plugin TcpMessaging
LogPluginManager: Mounting plugin UdpMessaging
LogPluginManager: Mounting plugin ActorSequence
LogPluginManager: Mounting plugin LevelSequenceEditor
LogPluginManager: Mounting plugin MatineeToLevelSequence
LogPluginManager: Mounting plugin NetcodeUnitTest
LogPluginManager: Mounting plugin NUTUnrealEngine4
LogPluginManager: Mounting plugin OnlineSubsystemGooglePlay
LogPluginManager: Mounting plugin OnlineSubsystemIOS
LogPluginManager: Mounting plugin OnlineSubsystem
LogPluginManager: Mounting plugin OnlineSubsystemNull
LogPluginManager: Mounting plugin OnlineSubsystemUtils
LogPluginManager: Mounting plugin LauncherChunkInstaller
LogPluginManager: Mounting plugin AndroidDeviceProfileSelector
LogPluginManager: Mounting plugin AndroidMoviePlayer
LogPluginManager: Mounting plugin AndroidPermission
LogPluginManager: Mounting plugin ApexDestruction
LogPluginManager: Mounting plugin AppleMoviePlayer
LogPluginManager: Mounting plugin ArchVisCharacter
LogPluginManager: Mounting plugin AudioCapture
LogPluginManager: Mounting plugin CableComponent
LogPluginManager: Mounting plugin CustomMeshComponent
LogPluginManager: Mounting plugin EditableMesh
LogPluginManager: Mounting plugin ExampleDeviceProfileSelector
LogPluginManager: Mounting plugin Firebase
LogPluginManager: Mounting plugin GoogleCloudMessaging
LogPluginManager: Mounting plugin IOSDeviceProfileSelector
LogPluginManager: Mounting plugin LinuxDeviceProfileSelector
LogPluginManager: Mounting plugin LocationServicesBPLibrary
LogPluginManager: Mounting plugin MobilePatchingUtils
LogPluginManager: Mounting plugin PhysXVehicles
LogPluginManager: Mounting plugin ProceduralMeshComponent
LogPluginManager: Mounting plugin RuntimePhysXCooking
LogPluginManager: Mounting plugin WebMMoviePlayer
LogPluginManager: Mounting plugin WindowsMoviePlayer
LogStreaming: Display: Took  0.104s to configure plugins.
LogInit: Using libcurl 7.55.1-DEV
LogInit:  - built for x86_64-pc-win32
LogInit:  - supports SSL with OpenSSL/1.0.2h
LogInit:  - supports HTTP deflate (compression) using libz 1.2.8
LogInit:  - other features:
LogInit:      CURL_VERSION_SSL
LogInit:      CURL_VERSION_LIBZ
LogInit:      CURL_VERSION_IPV6
LogInit:      CURL_VERSION_ASYNCHDNS
LogInit:      CURL_VERSION_LARGEFILE
LogInit:      CURL_VERSION_IDN
LogInit:  CurlRequestOptions (configurable via config and command line):
LogInit:  - bVerifyPeer = true  - Libcurl will verify peer certificate
LogInit:  - bUseHttpProxy = false  - Libcurl will NOT use HTTP proxy
LogInit:  - bDontReuseConnections = false  - Libcurl will reuse connections
LogInit:  - MaxHostConnections = 16  - Libcurl will limit the number of connections to a host
LogInit:  - LocalHostAddr = Default
LogInit:  - BufferSize = 65536
LogInit: WinSock: version 1.1 (2.2), MaxSocks=32767, MaxUdp=65467
LogInit: Build: ++UE4+Release-4.21-CL-4613538
LogInit: Engine Version: 4.21.1-4613538+++UE4+Release-4.21
LogInit: Compatible Engine Version: 4.21.0-4541578+++UE4+Release-4.21
LogInit: Net CL: 4541578
LogInit: OS: Windows 10 (), CPU: Intel(R) Core(TM) i7-7700HQ CPU @ 2.80GHz, GPU: Intel(R) HD Graphics 630
LogInit: Compiled (64-bit): Nov 30 2018 04:13:25
LogInit: Compiled with Visual C++: 19.13.26129.00
LogInit: Build Configuration: Development
LogInit: Branch Name: ++UE4+Release-4.21
LogInit: Command Line: 
LogInit: Base Directory: C:/Program Files/Epic Games/UE_4.21/Engine/Binaries/Win64/
LogInit: Installed Engine Build: 1
LogDevObjectVersion: Number of dev versions registered: 22
LogDevObjectVersion:   Dev-Blueprints (B0D832E4-1F89-4F0D-ACCF-7EB736FD4AA2): 10
LogDevObjectVersion:   Dev-Build (E1C64328-A22C-4D53-A36C-8E866417BD8C): 0
LogDevObjectVersion:   Dev-Core (375EC13C-06E4-48FB-B500-84F0262A717E): 2
LogDevObjectVersion:   Dev-Editor (E4B068ED-F494-42E9-A231-DA0B2E46BB41): 26
LogDevObjectVersion:   Dev-Framework (CFFC743F-43B0-4480-9391-14DF171D2073): 34
LogDevObjectVersion:   Dev-Mobile (B02B49B5-BB20-44E9-A304-32B752E40360): 2
LogDevObjectVersion:   Dev-Networking (A4E4105C-59A1-49B5-A7C5-40C4547EDFEE): 0
LogDevObjectVersion:   Dev-Online (39C831C9-5AE6-47DC-9A44-9C173E1C8E7C): 0
LogDevObjectVersion:   Dev-Physics (78F01B33-EBEA-4F98-B9B4-84EACCB95AA2): 0
LogDevObjectVersion:   Dev-Platform (6631380F-2D4D-43E0-8009-CF276956A95A): 0
LogDevObjectVersion:   Dev-Rendering (12F88B9F-8875-4AFC-A67C-D90C383ABD29): 27
LogDevObjectVersion:   Dev-Sequencer (7B5AE74C-D270-4C10-A958-57980B212A5A): 9
LogDevObjectVersion:   Dev-VR (D7296918-1DD6-4BDD-9DE2-64A83CC13884): 2
LogDevObjectVersion:   Dev-LoadTimes (C2A15278-BFE7-4AFE-6C17-90FF531DF755): 1
LogDevObjectVersion:   Private-Geometry (6EACA3D4-40EC-4CC1-B786-8BED09428FC5): 3
LogDevObjectVersion:   Dev-AnimPhys (29E575DD-E0A3-4627-9D10-D276232CDCEA): 17
LogDevObjectVersion:   Dev-Anim (AF43A65D-7FD3-4947-9873-3E8ED9C1BB05): 2
LogDevObjectVersion:   Dev-ReflectionCapture (6B266CEC-1EC7-4B8F-A30B-E4D90942FC07): 1
LogDevObjectVersion:   Dev-Automation (0DF73D61-A23F-47EA-B727-89E90C41499A): 1
LogDevObjectVersion:   FortniteMain (601D1886-AC64-4F84-AA16-D3DE0DEAC7D6): 17
LogDevObjectVersion:   Dev-Enterprise (9DFFBCD6-494F-0158-E221-12823C92A888): 4
LogDevObjectVersion:   Dev-Niagara (F2AED0AC-9AFE-416F-8664-AA7FFA26D6FC): 1
LogStreaming: Display: Took  0.000s to delete old logs.
LogInit: Presizing for max 8388607 objects, including 0 objects not considered by GC, pre-allocating 0 bytes for permanent pool.
LogInit: Object subsystem initialized
LogConfig: Setting CVar [[con.DebugEarlyDefault:1]]
LogConfig: Setting CVar [[r.setres:1280x720]]
[2019.11.17-17.03.25:472][  0]LogConfig: Setting CVar [[r.VSync:0]]
[2019.11.17-17.03.25:473][  0]LogConfig: Setting CVar [[r.RHICmdBypass:0]]
[2019.11.17-17.03.25:473][  0]LogConfig: Applying CVar settings from Section [/Script/Engine.RendererSettings] File [C:/Users/Isabel/Documents/Unreal Projects/DeadMex/Saved/Config/Windows/Engine.ini]
[2019.11.17-17.03.25:473][  0]LogConfig: Setting CVar [[r.GPUCrashDebugging:0]]
[2019.11.17-17.03.25:473][  0]LogConfig: Setting CVar [[r.DefaultFeature.AntiAliasing:2]]
[2019.11.17-17.03.25:473][  0]LogConfig: Setting CVar [[r.GenerateMeshDistanceFields:0]]
[2019.11.17-17.03.25:473][  0]LogConfig: Setting CVar [[r.GenerateLandscapeGIData:0]]
[2019.11.17-17.03.25:473][  0]LogConfig: Setting CVar [[r.AllowStaticLighting:1]]
[2019.11.17-17.03.25:473][  0]LogConfig: Setting CVar [[r.AllowOcclusionQueries:1]]
[2019.11.17-17.03.25:473][  0]LogConfig: Setting CVar [[r.CustomDepth:3]]
[2019.11.17-17.03.25:473][  0]LogConfig: Applying CVar settings from Section [/Script/Engine.RendererOverrideSettings] File [C:/Users/Isabel/Documents/Unreal Projects/DeadMex/Saved/Config/Windows/Engine.ini]
[2019.11.17-17.03.25:473][  0]LogConfig: Applying CVar settings from Section [/Script/Engine.StreamingSettings] File [C:/Users/Isabel/Documents/Unreal Projects/DeadMex/Saved/Config/Windows/Engine.ini]
[2019.11.17-17.03.25:473][  0]LogConfig: Setting CVar [[s.MinBulkDataSizeForAsyncLoading:131072]]
[2019.11.17-17.03.25:473][  0]LogConfig: Setting CVar [[s.AsyncLoadingThreadEnabled:0]]
[2019.11.17-17.03.25:473][  0]LogConfig: Setting CVar [[s.EventDrivenLoaderEnabled:1]]
[2019.11.17-17.03.25:473][  0]LogConfig: Setting CVar [[s.WarnIfTimeLimitExceeded:0]]
[2019.11.17-17.03.25:473][  0]LogConfig: Setting CVar [[s.TimeLimitExceededMultiplier:1.5]]
[2019.11.17-17.03.25:473][  0]LogConfig: Setting CVar [[s.TimeLimitExceededMinTime:0.005]]
[2019.11.17-17.03.25:473][  0]LogConfig: Setting CVar [[s.UseBackgroundLevelStreaming:1]]
[2019.11.17-17.03.25:473][  0]LogConfig: Setting CVar [[s.PriorityAsyncLoadingExtraTime:15.0]]
[2019.11.17-17.03.25:473][  0]LogConfig: Setting CVar [[s.LevelStreamingActorsUpdateTimeLimit:5.0]]
[2019.11.17-17.03.25:473][  0]LogConfig: Setting CVar [[s.PriorityLevelStreamingActorsUpdateExtraTime:5.0]]
[2019.11.17-17.03.25:473][  0]LogConfig: Setting CVar [[s.LevelStreamingComponentsRegistrationGranularity:10]]
[2019.11.17-17.03.25:473][  0]LogConfig: Setting CVar [[s.UnregisterComponentsTimeLimit:1.0]]
[2019.11.17-17.03.25:473][  0]LogConfig: Setting CVar [[s.LevelStreamingComponentsUnregistrationGranularity:5]]
[2019.11.17-17.03.25:473][  0]LogConfig: Applying CVar settings from Section [/Script/Engine.GarbageCollectionSettings] File [C:/Users/Isabel/Documents/Unreal Projects/DeadMex/Saved/Config/Windows/Engine.ini]
[2019.11.17-17.03.25:473][  0]LogConfig: Setting CVar [[gc.MaxObjectsNotConsideredByGC:1]]
[2019.11.17-17.03.25:473][  0]LogConfig: Setting CVar [[gc.SizeOfPermanentObjectPool:0]]
[2019.11.17-17.03.25:473][  0]LogConfig: Setting CVar [[gc.FlushStreamingOnGC:0]]
[2019.11.17-17.03.25:473][  0]LogConfig: Setting CVar [[gc.NumRetriesBeforeForcingGC:10]]
[2019.11.17-17.03.25:473][  0]LogConfig: Setting CVar [[gc.AllowParallelGC:1]]
[2019.11.17-17.03.25:473][  0]LogConfig: Setting CVar [[gc.TimeBetweenPurgingPendingKillObjects:61.1]]
[2019.11.17-17.03.25:473][  0]LogConfig: Setting CVar [[gc.MaxObjectsInEditor:8388607]]
[2019.11.17-17.03.25:473][  0]LogConfig: Setting CVar [[gc.IncrementalBeginDestroyEnabled:1]]
[2019.11.17-17.03.25:473][  0]LogConfig: Setting CVar [[gc.CreateGCClusters:1]]
[2019.11.17-17.03.25:473][  0]LogConfig: Setting CVar [[gc.MergeGCClusters:0]]
[2019.11.17-17.03.25:473][  0]LogConfig: Setting CVar [[gc.MinGCClusterSize:5]]
[2019.11.17-17.03.25:473][  0]LogConfig: Setting CVar [[gc.ActorClusteringEnabled:0]]
[2019.11.17-17.03.25:473][  0]LogConfig: Setting CVar [[gc.BlueprintClusteringEnabled:0]]
[2019.11.17-17.03.25:473][  0]LogConfig: Setting CVar [[gc.UseDisregardForGCOnDedicatedServers:0]]
[2019.11.17-17.03.25:473][  0]LogConfig: Applying CVar settings from Section [/Script/Engine.NetworkSettings] File [C:/Users/Isabel/Documents/Unreal Projects/DeadMex/Saved/Config/Windows/Engine.ini]
[2019.11.17-17.03.25:473][  0]LogConfig: Applying CVar settings from Section [/Script/UnrealEd.CookerSettings] File [C:/Users/Isabel/Documents/Unreal Projects/DeadMex/Saved/Config/Windows/Engine.ini]
[2019.11.17-17.03.25:475][  0]LogConfig: Applying CVar settings from Section [ViewDistanceQuality@3] File [C:/Users/Isabel/Documents/Unreal Projects/DeadMex/Saved/Config/Windows/Scalability.ini]
[2019.11.17-17.03.25:475][  0]LogConfig: Setting CVar [[r.SkeletalMeshLODBias:0]]
[2019.11.17-17.03.25:475][  0]LogConfig: Setting CVar [[r.ViewDistanceScale:1.0]]
[2019.11.17-17.03.25:475][  0]LogConfig: Applying CVar settings from Section [AntiAliasingQuality@3] File [C:/Users/Isabel/Documents/Unreal Projects/DeadMex/Saved/Config/Windows/Scalability.ini]
[2019.11.17-17.03.25:475][  0]LogConfig: Setting CVar [[r.PostProcessAAQuality:4]]
[2019.11.17-17.03.25:475][  0]LogConfig: Applying CVar settings from Section [ShadowQuality@3] File [C:/Users/Isabel/Documents/Unreal Projects/DeadMex/Saved/Config/Windows/Scalability.ini]
[2019.11.17-17.03.25:475][  0]LogConfig: Setting CVar [[r.LightFunctionQuality:1]]
[2019.11.17-17.03.25:475][  0]LogConfig: Setting CVar [[r.ShadowQuality:5]]
[2019.11.17-17.03.25:475][  0]LogConfig: Setting CVar [[r.Shadow.CSM.MaxCascades:10]]
[2019.11.17-17.03.25:475][  0]LogConfig: Setting CVar [[r.Shadow.MaxResolution:2048]]
[2019.11.17-17.03.25:475][  0]LogConfig: Setting CVar [[r.Shadow.MaxCSMResolution:2048]]
[2019.11.17-17.03.25:475][  0]LogConfig: Setting CVar [[r.Shadow.RadiusThreshold:0.01]]
[2019.11.17-17.03.25:475][  0]LogConfig: Setting CVar [[r.Shadow.DistanceScale:1.0]]
[2019.11.17-17.03.25:475][  0]LogConfig: Setting CVar [[r.Shadow.CSM.TransitionScale:1.0]]
[2019.11.17-17.03.25:476][  0]LogConfig: Setting CVar [[r.Shadow.PreShadowResolutionFactor:1.0]]
[2019.11.17-17.03.25:476][  0]LogConfig: Setting CVar [[r.DistanceFieldShadowing:1]]
[2019.11.17-17.03.25:476][  0]LogConfig: Setting CVar [[r.DistanceFieldAO:1]]
[2019.11.17-17.03.25:476][  0]LogConfig: Setting CVar [[r.AOQuality:2]]
[2019.11.17-17.03.25:476][  0]LogConfig: Setting CVar [[r.VolumetricFog:1]]
[2019.11.17-17.03.25:476][  0]LogConfig: Setting CVar [[r.VolumetricFog.GridPixelSize:8]]
[2019.11.17-17.03.25:476][  0]LogConfig: Setting CVar [[r.VolumetricFog.GridSizeZ:128]]
[2019.11.17-17.03.25:476][  0]LogConfig: Setting CVar [[r.VolumetricFog.HistoryMissSupersampleCount:4]]
[2019.11.17-17.03.25:476][  0]LogConfig: Setting CVar [[r.LightMaxDrawDistanceScale:1]]
[2019.11.17-17.03.25:476][  0]LogConfig: Setting CVar [[r.CapsuleShadows:1]]
[2019.11.17-17.03.25:476][  0]LogConfig: Applying CVar settings from Section [PostProcessQuality@3] File [C:/Users/Isabel/Documents/Unreal Projects/DeadMex/Saved/Config/Windows/Scalability.ini]
[2019.11.17-17.03.25:476][  0]LogConfig: Setting CVar [[r.MotionBlurQuality:4]]
[2019.11.17-17.03.25:476][  0]LogConfig: Setting CVar [[r.AmbientOcclusionMipLevelFactor:0.4]]
[2019.11.17-17.03.25:476][  0]LogConfig: Setting CVar [[r.AmbientOcclusionMaxQuality:100]]
[2019.11.17-17.03.25:476][  0]LogConfig: Setting CVar [[r.AmbientOcclusionLevels:-1]]
[2019.11.17-17.03.25:476][  0]LogConfig: Setting CVar [[r.AmbientOcclusionRadiusScale:1.0]]
[2019.11.17-17.03.25:476][  0]LogConfig: Setting CVar [[r.DepthOfFieldQuality:2]]
[2019.11.17-17.03.25:476][  0]LogConfig: Setting CVar [[r.RenderTargetPoolMin:400]]
[2019.11.17-17.03.25:476][  0]LogConfig: Setting CVar [[r.LensFlareQuality:2]]
[2019.11.17-17.03.25:476][  0]LogConfig: Setting CVar [[r.SceneColorFringeQuality:1]]
[2019.11.17-17.03.25:476][  0]LogConfig: Setting CVar [[r.EyeAdaptationQuality:2]]
[2019.11.17-17.03.25:476][  0]LogConfig: Setting CVar [[r.BloomQuality:5]]
[2019.11.17-17.03.25:476][  0]LogConfig: Setting CVar [[r.FastBlurThreshold:100]]
[2019.11.17-17.03.25:476][  0]LogConfig: Setting CVar [[r.Upscale.Quality:3]]
[2019.11.17-17.03.25:476][  0]LogConfig: Setting CVar [[r.Tonemapper.GrainQuantization:1]]
[2019.11.17-17.03.25:476][  0]LogConfig: Setting CVar [[r.LightShaftQuality:1]]
[2019.11.17-17.03.25:476][  0]LogConfig: Setting CVar [[r.Filter.SizeScale:1]]
[2019.11.17-17.03.25:476][  0]LogConfig: Setting CVar [[r.Tonemapper.Quality:5]]
[2019.11.17-17.03.25:476][  0]LogConfig: Setting CVar [[r.DOF.Gather.AccumulatorQuality:1        ; higher gathering accumulator quality]]
[2019.11.17-17.03.25:476][  0]LogConfig: Setting CVar [[r.DOF.Gather.PostfilterMethod:1          ; Median3x3 postfilering method]]
[2019.11.17-17.03.25:476][  0]LogConfig: Setting CVar [[r.DOF.Gather.EnableBokehSettings:0       ; no bokeh simulation when gathering]]
[2019.11.17-17.03.25:476][  0]LogConfig: Setting CVar [[r.DOF.Gather.RingCount:4                 ; medium number of samples when gathering]]
[2019.11.17-17.03.25:476][  0]LogConfig: Setting CVar [[r.DOF.Scatter.ForegroundCompositing:1    ; additive foreground scattering]]
[2019.11.17-17.03.25:476][  0]LogConfig: Setting CVar [[r.DOF.Scatter.BackgroundCompositing:2    ; additive background scattering]]
[2019.11.17-17.03.25:476][  0]LogConfig: Setting CVar [[r.DOF.Scatter.EnableBokehSettings:1      ; bokeh simulation when scattering]]
[2019.11.17-17.03.25:476][  0]LogConfig: Setting CVar [[r.DOF.Scatter.MaxSpriteRatio:0.1         ; only a maximum of 10% of scattered bokeh]]
[2019.11.17-17.03.25:476][  0]LogConfig: Setting CVar [[r.DOF.Recombine.Quality:1                ; cheap slight out of focus]]
[2019.11.17-17.03.25:476][  0]LogConfig: Setting CVar [[r.DOF.Recombine.EnableBokehSettings:0    ; no bokeh simulation on slight out of focus]]
[2019.11.17-17.03.25:476][  0]LogConfig: Setting CVar [[r.DOF.TemporalAAQuality:1                ; more stable temporal accumulation]]
[2019.11.17-17.03.25:476][  0]LogConfig: Setting CVar [[r.DOF.Kernel.MaxForegroundRadius:0.025]]
[2019.11.17-17.03.25:476][  0]LogConfig: Setting CVar [[r.DOF.Kernel.MaxBackgroundRadius:0.025]]
[2019.11.17-17.03.25:476][  0]LogConfig: Applying CVar settings from Section [TextureQuality@3] File [C:/Users/Isabel/Documents/Unreal Projects/DeadMex/Saved/Config/Windows/Scalability.ini]
[2019.11.17-17.03.25:476][  0]LogConfig: Setting CVar [[r.Streaming.MipBias:0]]
[2019.11.17-17.03.25:476][  0]LogConfig: Setting CVar [[r.Streaming.AmortizeCPUToGPUCopy:0]]
[2019.11.17-17.03.25:476][  0]LogConfig: Setting CVar [[r.Streaming.MaxNumTexturesToStreamPerFrame:0]]
[2019.11.17-17.03.25:476][  0]LogConfig: Setting CVar [[r.Streaming.Boost:1]]
[2019.11.17-17.03.25:477][  0]LogConfig: Setting CVar [[r.MaxAnisotropy:8]]
[2019.11.17-17.03.25:477][  0]LogConfig: Setting CVar [[r.Streaming.LimitPoolSizeToVRAM:0]]
[2019.11.17-17.03.25:477][  0]LogConfig: Setting CVar [[r.Streaming.PoolSize:1000]]
[2019.11.17-17.03.25:477][  0]LogConfig: Setting CVar [[r.Streaming.MaxEffectiveScreenSize:0]]
[2019.11.17-17.03.25:477][  0]LogConfig: Applying CVar settings from Section [EffectsQuality@3] File [C:/Users/Isabel/Documents/Unreal Projects/DeadMex/Saved/Config/Windows/Scalability.ini]
[2019.11.17-17.03.25:477][  0]LogConfig: Setting CVar [[r.TranslucencyLightingVolumeDim:64]]
[2019.11.17-17.03.25:477][  0]LogConfig: Setting CVar [[r.RefractionQuality:2]]
[2019.11.17-17.03.25:477][  0]LogConfig: Setting CVar [[r.SSR.Quality:3]]
[2019.11.17-17.03.25:477][  0]LogConfig: Setting CVar [[r.SceneColorFormat:4]]
[2019.11.17-17.03.25:477][  0]LogConfig: Setting CVar [[r.DetailMode:2]]
[2019.11.17-17.03.25:477][  0]LogConfig: Setting CVar [[r.TranslucencyVolumeBlur:1]]
[2019.11.17-17.03.25:477][  0]LogConfig: Setting CVar [[r.MaterialQualityLevel:1 ; High quality]]
[2019.11.17-17.03.25:477][  0]LogConfig: Setting CVar [[r.SSS.Scale:1]]
[2019.11.17-17.03.25:477][  0]LogConfig: Setting CVar [[r.SSS.SampleSet:2]]
[2019.11.17-17.03.25:477][  0]LogConfig: Setting CVar [[r.SSS.Quality:1]]
[2019.11.17-17.03.25:477][  0]LogConfig: Setting CVar [[r.SSS.HalfRes:1]]
[2019.11.17-17.03.25:477][  0]LogConfig: Setting CVar [[r.EmitterSpawnRateScale:1.0]]
[2019.11.17-17.03.25:477][  0]LogConfig: Setting CVar [[r.ParticleLightQuality:2]]
[2019.11.17-17.03.25:477][  0]LogConfig: Applying CVar settings from Section [FoliageQuality@3] File [C:/Users/Isabel/Documents/Unreal Projects/DeadMex/Saved/Config/Windows/Scalability.ini]
[2019.11.17-17.03.25:477][  0]LogConfig: Setting CVar [[foliage.DensityScale:1.0]]
[2019.11.17-17.03.25:477][  0]LogConfig: Setting CVar [[grass.DensityScale:1.0]]
[2019.11.17-17.03.25:477][  0]LogInit: Selected Device Profile: [Windows]
[2019.11.17-17.03.25:477][  0]LogInit: Applying CVar settings loaded from the selected device profile: [Windows]
[2019.11.17-17.03.25:494][  0]LogHAL: Display: Platform has ~ 8 GB [8449703936 / 8589934592 / 8], which maps to Default [LargestMinGB=32, LargerMinGB=12, DefaultMinGB=8, SmallerMinGB=6, SmallestMinGB=0)
[2019.11.17-17.03.25:494][  0]LogConfig: Setting CVar [[r.Vulkan.UseRealUBs:1]]
[2019.11.17-17.03.25:494][  0]LogInit: Going up to parent DeviceProfile []
[2019.11.17-17.03.25:494][  0]LogConfig: Applying CVar settings from Section [ViewDistanceQuality@3] File [C:/Users/Isabel/Documents/Unreal Projects/DeadMex/Saved/Config/Windows/Scalability.ini]
[2019.11.17-17.03.25:494][  0]LogConfig: Setting CVar [[r.SkeletalMeshLODBias:0]]
[2019.11.17-17.03.25:494][  0]LogConfig: Setting CVar [[r.ViewDistanceScale:1.0]]
[2019.11.17-17.03.25:494][  0]LogConfig: Applying CVar settings from Section [AntiAliasingQuality@3] File [C:/Users/Isabel/Documents/Unreal Projects/DeadMex/Saved/Config/Windows/Scalability.ini]
[2019.11.17-17.03.25:494][  0]LogConfig: Setting CVar [[r.PostProcessAAQuality:4]]
[2019.11.17-17.03.25:494][  0]LogConfig: Applying CVar settings from Section [ShadowQuality@3] File [C:/Users/Isabel/Documents/Unreal Projects/DeadMex/Saved/Config/Windows/Scalability.ini]
[2019.11.17-17.03.25:494][  0]LogConfig: Setting CVar [[r.LightFunctionQuality:1]]
[2019.11.17-17.03.25:494][  0]LogConfig: Setting CVar [[r.ShadowQuality:5]]
[2019.11.17-17.03.25:494][  0]LogConfig: Setting CVar [[r.Shadow.CSM.MaxCascades:10]]
[2019.11.17-17.03.25:494][  0]LogConfig: Setting CVar [[r.Shadow.MaxResolution:2048]]
[2019.11.17-17.03.25:494][  0]LogConfig: Setting CVar [[r.Shadow.MaxCSMResolution:2048]]
[2019.11.17-17.03.25:494][  0]LogConfig: Setting CVar [[r.Shadow.RadiusThreshold:0.01]]
[2019.11.17-17.03.25:494][  0]LogConfig: Setting CVar [[r.Shadow.DistanceScale:1.0]]
[2019.11.17-17.03.25:494][  0]LogConfig: Setting CVar [[r.Shadow.CSM.TransitionScale:1.0]]
[2019.11.17-17.03.25:494][  0]LogConfig: Setting CVar [[r.Shadow.PreShadowResolutionFactor:1.0]]
[2019.11.17-17.03.25:494][  0]LogConfig: Setting CVar [[r.DistanceFieldShadowing:1]]
[2019.11.17-17.03.25:494][  0]LogConfig: Setting CVar [[r.DistanceFieldAO:1]]
[2019.11.17-17.03.25:494][  0]LogConfig: Setting CVar [[r.AOQuality:2]]
[2019.11.17-17.03.25:494][  0]LogConfig: Setting CVar [[r.VolumetricFog:1]]
[2019.11.17-17.03.25:494][  0]LogConfig: Setting CVar [[r.VolumetricFog.GridPixelSize:8]]
[2019.11.17-17.03.25:494][  0]LogConfig: Setting CVar [[r.VolumetricFog.GridSizeZ:128]]
[2019.11.17-17.03.25:494][  0]LogConfig: Setting CVar [[r.VolumetricFog.HistoryMissSupersampleCount:4]]
[2019.11.17-17.03.25:494][  0]LogConfig: Setting CVar [[r.LightMaxDrawDistanceScale:1]]
[2019.11.17-17.03.25:494][  0]LogConfig: Setting CVar [[r.CapsuleShadows:1]]
[2019.11.17-17.03.25:494][  0]LogConfig: Applying CVar settings from Section [PostProcessQuality@3] File [C:/Users/Isabel/Documents/Unreal Projects/DeadMex/Saved/Config/Windows/Scalability.ini]
[2019.11.17-17.03.25:494][  0]LogConfig: Setting CVar [[r.MotionBlurQuality:4]]
[2019.11.17-17.03.25:495][  0]LogConfig: Setting CVar [[r.AmbientOcclusionMipLevelFactor:0.4]]
[2019.11.17-17.03.25:495][  0]LogConfig: Setting CVar [[r.AmbientOcclusionMaxQuality:100]]
[2019.11.17-17.03.25:495][  0]LogConfig: Setting CVar [[r.AmbientOcclusionLevels:-1]]
[2019.11.17-17.03.25:495][  0]LogConfig: Setting CVar [[r.AmbientOcclusionRadiusScale:1.0]]
[2019.11.17-17.03.25:495][  0]LogConfig: Setting CVar [[r.DepthOfFieldQuality:2]]
[2019.11.17-17.03.25:495][  0]LogConfig: Setting CVar [[r.RenderTargetPoolMin:400]]
[2019.11.17-17.03.25:495][  0]LogConfig: Setting CVar [[r.LensFlareQuality:2]]
[2019.11.17-17.03.25:495][  0]LogConfig: Setting CVar [[r.SceneColorFringeQuality:1]]
[2019.11.17-17.03.25:495][  0]LogConfig: Setting CVar [[r.EyeAdaptationQuality:2]]
[2019.11.17-17.03.25:495][  0]LogConfig: Setting CVar [[r.BloomQuality:5]]
[2019.11.17-17.03.25:495][  0]LogConfig: Setting CVar [[r.FastBlurThreshold:100]]
[2019.11.17-17.03.25:495][  0]LogConfig: Setting CVar [[r.Upscale.Quality:3]]
[2019.11.17-17.03.25:495][  0]LogConfig: Setting CVar [[r.Tonemapper.GrainQuantization:1]]
[2019.11.17-17.03.25:495][  0]LogConfig: Setting CVar [[r.LightShaftQuality:1]]
[2019.11.17-17.03.25:495][  0]LogConfig: Setting CVar [[r.Filter.SizeScale:1]]
[2019.11.17-17.03.25:495][  0]LogConfig: Setting CVar [[r.Tonemapper.Quality:5]]
[2019.11.17-17.03.25:495][  0]LogConfig: Setting CVar [[r.DOF.Gather.AccumulatorQuality:1        ; higher gathering accumulator quality]]
[2019.11.17-17.03.25:495][  0]LogConfig: Setting CVar [[r.DOF.Gather.PostfilterMethod:1          ; Median3x3 postfilering method]]
[2019.11.17-17.03.25:495][  0]LogConfig: Setting CVar [[r.DOF.Gather.EnableBokehSettings:0       ; no bokeh simulation when gathering]]
[2019.11.17-17.03.25:495][  0]LogConfig: Setting CVar [[r.DOF.Gather.RingCount:4                 ; medium number of samples when gathering]]
[2019.11.17-17.03.25:495][  0]LogConfig: Setting CVar [[r.DOF.Scatter.ForegroundCompositing:1    ; additive foreground scattering]]
[2019.11.17-17.03.25:495][  0]LogConfig: Setting CVar [[r.DOF.Scatter.BackgroundCompositing:2    ; additive background scattering]]
[2019.11.17-17.03.25:495][  0]LogConfig: Setting CVar [[r.DOF.Scatter.EnableBokehSettings:1      ; bokeh simulation when scattering]]
[2019.11.17-17.03.25:495][  0]LogConfig: Setting CVar [[r.DOF.Scatter.MaxSpriteRatio:0.1         ; only a maximum of 10% of scattered bokeh]]
[2019.11.17-17.03.25:495][  0]LogConfig: Setting CVar [[r.DOF.Recombine.Quality:1                ; cheap slight out of focus]]
[2019.11.17-17.03.25:495][  0]LogConfig: Setting CVar [[r.DOF.Recombine.EnableBokehSettings:0    ; no bokeh simulation on slight out of focus]]
[2019.11.17-17.03.25:495][  0]LogConfig: Setting CVar [[r.DOF.TemporalAAQuality:1                ; more stable temporal accumulation]]
[2019.11.17-17.03.25:495][  0]LogConfig: Setting CVar [[r.DOF.Kernel.MaxForegroundRadius:0.025]]
[2019.11.17-17.03.25:495][  0]LogConfig: Setting CVar [[r.DOF.Kernel.MaxBackgroundRadius:0.025]]
[2019.11.17-17.03.25:495][  0]LogConfig: Applying CVar settings from Section [TextureQuality@3] File [C:/Users/Isabel/Documents/Unreal Projects/DeadMex/Saved/Config/Windows/Scalability.ini]
[2019.11.17-17.03.25:495][  0]LogConfig: Setting CVar [[r.Streaming.MipBias:0]]
[2019.11.17-17.03.25:495][  0]LogConfig: Setting CVar [[r.Streaming.AmortizeCPUToGPUCopy:0]]
[2019.11.17-17.03.25:495][  0]LogConfig: Setting CVar [[r.Streaming.MaxNumTexturesToStreamPerFrame:0]]
[2019.11.17-17.03.25:495][  0]LogConfig: Setting CVar [[r.Streaming.Boost:1]]
[2019.11.17-17.03.25:495][  0]LogConfig: Setting CVar [[r.MaxAnisotropy:8]]
[2019.11.17-17.03.25:495][  0]LogConfig: Setting CVar [[r.Streaming.LimitPoolSizeToVRAM:0]]
[2019.11.17-17.03.25:495][  0]LogConfig: Setting CVar [[r.Streaming.PoolSize:1000]]
[2019.11.17-17.03.25:495][  0]LogConfig: Setting CVar [[r.Streaming.MaxEffectiveScreenSize:0]]
[2019.11.17-17.03.25:495][  0]LogConfig: Applying CVar settings from Section [EffectsQuality@3] File [C:/Users/Isabel/Documents/Unreal Projects/DeadMex/Saved/Config/Windows/Scalability.ini]
[2019.11.17-17.03.25:495][  0]LogConfig: Setting CVar [[r.TranslucencyLightingVolumeDim:64]]
[2019.11.17-17.03.25:495][  0]LogConfig: Setting CVar [[r.RefractionQuality:2]]
[2019.11.17-17.03.25:495][  0]LogConfig: Setting CVar [[r.SSR.Quality:3]]
[2019.11.17-17.03.25:495][  0]LogConfig: Setting CVar [[r.SceneColorFormat:4]]
[2019.11.17-17.03.25:495][  0]LogConfig: Setting CVar [[r.DetailMode:2]]
[2019.11.17-17.03.25:495][  0]LogConfig: Setting CVar [[r.TranslucencyVolumeBlur:1]]
[2019.11.17-17.03.25:495][  0]LogConfig: Setting CVar [[r.MaterialQualityLevel:1 ; High quality]]
[2019.11.17-17.03.25:495][  0]LogConfig: Setting CVar [[r.SSS.Scale:1]]
[2019.11.17-17.03.25:495][  0]LogConfig: Setting CVar [[r.SSS.SampleSet:2]]
[2019.11.17-17.03.25:495][  0]LogConfig: Setting CVar [[r.SSS.Quality:1]]
[2019.11.17-17.03.25:495][  0]LogConfig: Setting CVar [[r.SSS.HalfRes:1]]
[2019.11.17-17.03.25:495][  0]LogConfig: Setting CVar [[r.EmitterSpawnRateScale:1.0]]
[2019.11.17-17.03.25:495][  0]LogConfig: Setting CVar [[r.ParticleLightQuality:2]]
[2019.11.17-17.03.25:495][  0]LogConfig: Applying CVar settings from Section [FoliageQuality@3] File [C:/Users/Isabel/Documents/Unreal Projects/DeadMex/Saved/Config/Windows/Scalability.ini]
[2019.11.17-17.03.25:495][  0]LogConfig: Setting CVar [[foliage.DensityScale:1.0]]
[2019.11.17-17.03.25:495][  0]LogConfig: Setting CVar [[grass.DensityScale:1.0]]
[2019.11.17-17.03.25:495][  0]LogConfig: Applying CVar settings from Section [Startup] File [../../../Engine/Config/ConsoleVariables.ini]
[2019.11.17-17.03.25:496][  0]LogConfig: Setting CVar [[net.UseAdaptiveNetUpdateFrequency:0]]
[2019.11.17-17.03.25:496][  0]LogConfig: Applying CVar settings from Section [ConsoleVariables] File [C:/Users/Isabel/Documents/Unreal Projects/DeadMex/Saved/Config/Windows/Engine.ini]
[2019.11.17-17.03.25:496][  0]LogInit: Computer: DESKTOP-KBCBRJV
[2019.11.17-17.03.25:496][  0]LogInit: User: Isabel
[2019.11.17-17.03.25:496][  0]LogInit: CPU Page size=4096, Cores=4
[2019.11.17-17.03.25:496][  0]LogInit: High frequency timer resolution =10.000000 MHz
[2019.11.17-17.03.25:496][  0]LogMemory: Memory total: Physical=7.9GB (8GB approx)
[2019.11.17-17.03.25:496][  0]LogMemory: Platform Memory Stats for Windows
[2019.11.17-17.03.25:496][  0]LogMemory: Process Physical Memory: 101.62 MB used, 101.62 MB peak
[2019.11.17-17.03.25:496][  0]LogMemory: Process Virtual Memory: 91.16 MB used, 91.16 MB peak
[2019.11.17-17.03.25:496][  0]LogMemory: Physical Memory: 4118.06 MB used,  3940.21 MB free, 8058.27 MB total
[2019.11.17-17.03.25:496][  0]LogMemory: Virtual Memory: 4633.63 MB used,  134213096.00 MB free, 134217728.00 MB total
[2019.11.17-17.03.25:519][  0]LogInit: Using OS detected language (es-ES).
[2019.11.17-17.03.25:519][  0]LogInit: Using OS detected locale (es-MX).
[2019.11.17-17.03.25:520][  0]LogTextLocalizationManager: No specific localization for 'es-ES' exists, so the 'es' localization will be used.
[2019.11.17-17.03.25:956][  0]LogStreaming: Display: Took  0.436s to InitEngineTextLocalization.
[2019.11.17-17.03.25:956][  0]LogInit: Setting process to per monitor DPI aware
[2019.11.17-17.03.26:013][  0]LogSlate: New Slate User Created.  User Index 0, Is Virtual User: 0
[2019.11.17-17.03.26:013][  0]LogSlate: Slate User Registered.  User Index 0, Is Virtual User: 0
[2019.11.17-17.03.26:453][  0]LogD3D11RHI: D3D11 adapters:
[2019.11.17-17.03.26:543][  0]LogD3D11RHI:    0. 'NVIDIA GeForce GTX 1050 Ti' (Feature Level 11_0)
[2019.11.17-17.03.26:543][  0]LogD3D11RHI:       4018/0/4029 MB DedicatedVideo/DedicatedSystem/SharedSystem, Outputs:1, VendorId:0x10de
[2019.11.17-17.03.26:559][  0]LogD3D11RHI:    1. 'Intel(R) HD Graphics 630' (Feature Level 11_0)
[2019.11.17-17.03.26:559][  0]LogD3D11RHI:       128/0/4029 MB DedicatedVideo/DedicatedSystem/SharedSystem, Outputs:0, VendorId:0x8086
[2019.11.17-17.03.26:562][  0]LogD3D11RHI:    2. 'Microsoft Basic Render Driver' (Feature Level 11_0)
[2019.11.17-17.03.26:562][  0]LogD3D11RHI:       0/0/4029 MB DedicatedVideo/DedicatedSystem/SharedSystem, Outputs:0, VendorId:0x1414
[2019.11.17-17.03.26:562][  0]LogD3D11RHI: Chosen D3D11 Adapter: 0
[2019.11.17-17.03.26:597][  0]LogD3D11RHI: Creating new Direct3DDevice
[2019.11.17-17.03.26:597][  0]LogD3D11RHI:     GPU DeviceId: 0x1c8c (for the marketing name, search the web for "GPU Device Id")
[2019.11.17-17.03.26:597][  0]LogWindows: EnumDisplayDevices:
[2019.11.17-17.03.26:597][  0]LogWindows:    0. 'Intel(R) HD Graphics 630' (P:1 D:1)
[2019.11.17-17.03.26:598][  0]LogWindows:    1. 'Intel(R) HD Graphics 630' (P:0 D:0)
[2019.11.17-17.03.26:598][  0]LogWindows:    2. 'Intel(R) HD Graphics 630' (P:0 D:0)
[2019.11.17-17.03.26:598][  0]LogWindows:    3. 'NVIDIA GeForce GTX 1050 Ti' (P:0 D:0)
[2019.11.17-17.03.26:598][  0]LogWindows: DebugString: PrimaryIsNotTheChoosenAdapter PrimaryIsNotTheChoosenAdapter PrimaryIsNotTheChoosenAdapter 
[2019.11.17-17.03.26:598][  0]LogD3D11RHI:     Adapter Name: NVIDIA GeForce GTX 1050 Ti
[2019.11.17-17.03.26:599][  0]LogD3D11RHI:   Driver Version: 425.45 (internal:25.21.14.2545, unified:425.45)
[2019.11.17-17.03.26:599][  0]LogD3D11RHI:      Driver Date: 4-23-2019
[2019.11.17-17.03.26:599][  0]LogRHI: Texture pool is 2812 MB (70% of 4018 MB)
[2019.11.17-17.03.26:647][  0]LogD3D11RHI: Async texture creation enabled
[2019.11.17-17.03.26:685][  0]LogD3D11RHI: GPU Timing Frequency: 1000.000000 (Debug: 2 1)
[2019.11.17-17.03.27:128][  0]LogTemp: Display: Loaded TP AllDesktopTargetPlatform
[2019.11.17-17.03.27:148][  0]LogTemp: Display: Loaded TP MacClientTargetPlatform
[2019.11.17-17.03.27:164][  0]LogTemp: Display: Loaded TP MacNoEditorTargetPlatform
[2019.11.17-17.03.27:179][  0]LogTemp: Display: Loaded TP MacServerTargetPlatform
[2019.11.17-17.03.27:194][  0]LogTemp: Display: Loaded TP MacTargetPlatform
[2019.11.17-17.03.27:213][  0]LogTemp: Display: Loaded TP WindowsClientTargetPlatform
[2019.11.17-17.03.27:228][  0]LogTemp: Display: Loaded TP WindowsNoEditorTargetPlatform
[2019.11.17-17.03.27:242][  0]LogTemp: Display: Loaded TP WindowsServerTargetPlatform
[2019.11.17-17.03.27:249][  0]LogTemp: Display: Loaded TP WindowsTargetPlatform
[2019.11.17-17.03.27:336][  0]LogTemp: Display: Loaded TP AndroidTargetPlatform
[2019.11.17-17.03.27:336][  0]LogTemp: Display: Loaded TP AndroidTargetPlatform
[2019.11.17-17.03.27:336][  0]LogTemp: Display: Loaded TP AndroidTargetPlatform
[2019.11.17-17.03.27:336][  0]LogTemp: Display: Loaded TP AndroidTargetPlatform
[2019.11.17-17.03.27:336][  0]LogTemp: Display: Loaded TP AndroidTargetPlatform
[2019.11.17-17.03.27:336][  0]LogTemp: Display: Loaded TP AndroidTargetPlatform
[2019.11.17-17.03.27:336][  0]LogTemp: Display: Loaded TP AndroidTargetPlatform
[2019.11.17-17.03.27:336][  0]LogTemp: Display: Loaded TP AndroidTargetPlatform
[2019.11.17-17.03.27:336][  0]LogTemp: Display: Loaded TP AndroidTargetPlatform
[2019.11.17-17.03.27:336][  0]LogTemp: Display: Loaded TP AndroidTargetPlatform
[2019.11.17-17.03.27:336][  0]LogTemp: Display: Loaded TP AndroidTargetPlatform
[2019.11.17-17.03.27:336][  0]LogTemp: Display: Loaded TP AndroidTargetPlatform
[2019.11.17-17.03.27:336][  0]LogTemp: Display: Loaded TP AndroidTargetPlatform
[2019.11.17-17.03.27:336][  0]LogTemp: Display: Loaded TP AndroidTargetPlatform
[2019.11.17-17.03.27:336][  0]LogTemp: Display: Loaded TP AndroidTargetPlatform
[2019.11.17-17.03.27:336][  0]LogTemp: Display: Loaded TP AndroidTargetPlatform
[2019.11.17-17.03.27:336][  0]LogTemp: Display: Loaded TP AndroidTargetPlatform
[2019.11.17-17.03.27:336][  0]LogTemp: Display: Loaded TP AndroidTargetPlatform
[2019.11.17-17.03.27:337][  0]LogTemp: Display: Loaded TP HTML5TargetPlatform
[2019.11.17-17.03.27:401][  0]LogTemp: Display: Loaded TP IOSTargetPlatform
[2019.11.17-17.03.27:401][  0]LogTemp: Display: Loaded TP IOSTargetPlatform
[2019.11.17-17.03.27:424][  0]LogTemp: Display: Loaded TP TVOSTargetPlatform
[2019.11.17-17.03.27:425][  0]LogTemp: Display: Loaded TP TVOSTargetPlatform
[2019.11.17-17.03.27:439][  0]LogTemp: Display: Loaded TP LinuxClientTargetPlatform
[2019.11.17-17.03.27:452][  0]LogTemp: Display: Loaded TP LinuxNoEditorTargetPlatform
[2019.11.17-17.03.27:466][  0]LogTemp: Display: Loaded TP LinuxServerTargetPlatform
[2019.11.17-17.03.27:480][  0]LogTemp: Display: Loaded TP LinuxTargetPlatform
[2019.11.17-17.03.27:541][  0]LogTemp: Display: Loaded TP LuminTargetPlatform
[2019.11.17-17.03.27:541][  0]LogTemp: Display: Loaded TP LuminTargetPlatform
[2019.11.17-17.03.27:541][  0]LogTargetPlatformManager: Display: Building Assets For Windows
[2019.11.17-17.03.27:611][  0]LogShaderCompilers: Guid format shader working directory is -18 characters bigger than the processId version (../../../../../../Users/Isabel/Documents/Unreal Projects/DeadMex/Intermediate/Shaders/WorkingDirectory/13344/).
[2019.11.17-17.03.27:611][  0]LogShaderCompilers: Cleaned the shader compiler working directory 'C:/Users/Isabel/AppData/Local/Temp/UnrealShaderWorkingDir/F854F98E4D0902512D434EA15A93E027/'.
[2019.11.17-17.03.27:613][  0]LogXGEController: Cleaning working directory: C:/Users/Isabel/AppData/Local/Temp/UnrealXGEWorkingDir/
[2019.11.17-17.03.27:613][  0]LogXGEController: Cannot use XGE Controller as Incredibuild is not installed on this machine.
[2019.11.17-17.03.27:614][  0]LogShaderCompilers: Cannot use XGE Shader Compiler as Incredibuild is not installed on this machine.
[2019.11.17-17.03.27:614][  0]LogShaderCompilers: Display: Using Local Shader Compiler.
[2019.11.17-17.03.28:519][  0]LogDerivedDataCache: Display: Max Cache Size: 512 MB
[2019.11.17-17.03.29:268][  0]LogDerivedDataCache: Loaded boot cache 0.75s 75MB C:/Users/Isabel/AppData/Local/UnrealEngine/4.21/DerivedDataCache/Boot.ddc.
[2019.11.17-17.03.29:268][  0]LogDerivedDataCache: Display: Loaded Boot cache: C:/Users/Isabel/AppData/Local/UnrealEngine/4.21/DerivedDataCache/Boot.ddc
[2019.11.17-17.03.29:268][  0]LogDerivedDataCache: FDerivedDataBackendGraph:  Pak pak cache file ../../../../../../Users/Isabel/Documents/Unreal Projects/DeadMex/DerivedDataCache/DDC.ddp not found, will not use a pak cache.
[2019.11.17-17.03.29:268][  0]LogDerivedDataCache: Unable to find inner node Pak for hierarchical cache Hierarchy.
[2019.11.17-17.03.29:268][  0]LogDerivedDataCache: FDerivedDataBackendGraph:  CompressedPak pak cache file ../../../../../../Users/Isabel/Documents/Unreal Projects/DeadMex/DerivedDataCache/Compressed.ddp not found, will not use a pak cache.
[2019.11.17-17.03.29:268][  0]LogDerivedDataCache: Unable to find inner node CompressedPak for hierarchical cache Hierarchy.
[2019.11.17-17.03.29:284][  0]LogDerivedDataCache: Display: Pak cache opened for reading ../../../Engine/DerivedDataCache/Compressed.ddp.
[2019.11.17-17.03.29:284][  0]LogDerivedDataCache: FDerivedDataBackendGraph:  EnterprisePak pak cache file ../../../Enterprise/DerivedDataCache/Compressed.ddp not found, will not use a pak cache.
[2019.11.17-17.03.29:284][  0]LogDerivedDataCache: Unable to find inner node EnterprisePak for hierarchical cache Hierarchy.
[2019.11.17-17.03.29:296][  0]LogDerivedDataCache: Using Local data cache path C:/Users/Isabel/AppData/Local/UnrealEngine/Common/DerivedDataCache: Writable
[2019.11.17-17.03.29:296][  0]LogDerivedDataCache: Shared data cache path not found in *engine.ini, will not use an Shared cache.
[2019.11.17-17.03.29:296][  0]LogDerivedDataCache: Unable to find inner node Shared for hierarchical cache Hierarchy.
[2019.11.17-17.03.29:321][  0]LogMaterial: Verifying Global Shaders for PCD3D_SM5
[2019.11.17-17.03.29:322][  0]LogSlate: Using FreeType 2.6.0
[2019.11.17-17.03.29:324][  0]LogSlate: SlateFontServices - WITH_FREETYPE: 1, WITH_HARFBUZZ: 1
[2019.11.17-17.03.29:539][  0]LogAssetRegistry: FAssetRegistry took 0.0344 seconds to start up
[2019.11.17-17.03.29:894][  0]LogInit: Selected Device Profile: [Windows]
[2019.11.17-17.03.30:107][  0]LogSimplygon: Simplygon DLL not present - disabling.
[2019.11.17-17.03.30:111][  0]LogMeshReduction: Using SimplygonSwarm for distributed automatic mesh merging
[2019.11.17-17.03.30:111][  0]LogMeshReduction: Using ProxyLODMeshReduction for automatic mesh merging
[2019.11.17-17.03.30:111][  0]LogMeshReduction: Using QuadricMeshReduction for automatic static mesh reduction
[2019.11.17-17.03.30:111][  0]LogMeshReduction: No automatic skeletal mesh reduction module available
[2019.11.17-17.03.30:149][  0]LogNetVersion: DeadMex 1.0.0, NetCL: 4541578, EngineNetVer: 5, GameNetVer: 0 (Checksum: 867399904)
[2019.11.17-17.03.31:090][  0]LogPackageLocalizationCache: Processed 9 localized package path(s) for 2 prioritized culture(s) in 0.113709 seconds
[2019.11.17-17.03.31:097][  0]LogUObjectArray: 39378 objects as part of root set at end of initial load.
[2019.11.17-17.03.31:097][  0]LogUObjectAllocator: 6848224 out of 0 bytes used by permanent object pool.
[2019.11.17-17.03.31:097][  0]LogUObjectArray: CloseDisregardForGC: 0/0 objects in disregard for GC pool
[2019.11.17-17.03.39:243][  0]LogTcpMessaging: Initializing TcpMessaging bridge
[2019.11.17-17.03.39:256][  0]LogUdpMessaging: Initializing bridge on interface 0.0.0.0:0 to multicast group 230.0.0.1:6666.
[2019.11.17-17.03.39:473][  0]SourceControl: El control de código fuente está desactivado
[2019.11.17-17.03.39:473][  0]SourceControl: El control de código fuente está desactivado
[2019.11.17-17.03.39:475][  0]SourceControl: El control de código fuente está desactivado
[2019.11.17-17.03.39:476][  0]SourceControl: El control de código fuente está desactivado
[2019.11.17-17.03.39:723][  0]LogAndroidPermission: UAndroidPermissionCallbackProxy::GetInstance
[2019.11.17-17.03.39:948][  0]LogEngine: Initializing Engine...
[2019.11.17-17.03.39:951][  0]LogStats: UGameplayTagsManager::ConstructGameplayTagTree: ImportINI prefixes -  0.000 s
[2019.11.17-17.03.39:951][  0]LogStats: UGameplayTagsManager::ConstructGameplayTagTree: Construct from data asset -  0.000 s
[2019.11.17-17.03.39:951][  0]LogStats: UGameplayTagsManager::ConstructGameplayTagTree: ImportINI -  0.000 s
[2019.11.17-17.03.39:951][  0]LogStats: UGameplayTagsManager::ConstructGameplayTagTree: GameplayTagTreeChangedEvent.Broadcast -  0.000 s
[2019.11.17-17.03.40:235][  0]LogInit: Initializing FReadOnlyCVARCache
[2019.11.17-17.03.40:251][  0]LogAIModule: Creating AISystem for world Untitled
[2019.11.17-17.03.40:318][  0]LogInit: XAudio2 using 'Altavoces / Auriculares (Realtek Audio)' : 2 channels at 48 kHz using 32 bits per sample (channel mask 0x3)
[2019.11.17-17.03.41:443][  0]LogInit: FAudioDevice initialized.
[2019.11.17-17.03.41:444][  0]LogNetVersion: Set ProjectVersion to 1.0.0.0. Version Checksum will be recalculated on next use.
[2019.11.17-17.03.41:640][  0]LogDerivedDataCache: Saved boot cache 0.20s 67MB C:/Users/Isabel/AppData/Local/UnrealEngine/4.21/DerivedDataCache/Boot.ddc.
[2019.11.17-17.03.41:647][  0]LogInit: Texture streaming: Enabled
[2019.11.17-17.03.41:695][  0]LogEngineSessionManager: EngineSessionManager initialized
[2019.11.17-17.03.41:708][  0]LogInit: Transaction tracking system initialized
[2019.11.17-17.03.41:735][  0]BlueprintLog: New page: Cargar el editor
[2019.11.17-17.03.41:887][  0]LocalizationService: Localization service is disabled
[2019.11.17-17.03.42:513][  0]LogCook: Display: Max memory allowance for cook 16384mb min free memory 0mb
[2019.11.17-17.03.42:513][  0]LogCook: Display: Mobile HDR setting 1
[2019.11.17-17.03.42:513][  0]LogGameplayTags: Display: UGameplayTagsManager::DoneAddingNativeTags. DelegateIsBound: 0
[2019.11.17-17.03.42:513][  0]LogStats: UGameplayTagsManager::ConstructGameplayTagTree: ImportINI prefixes -  0.000 s
[2019.11.17-17.03.42:513][  0]LogStats: UGameplayTagsManager::ConstructGameplayTagTree: Construct from data asset -  0.000 s
[2019.11.17-17.03.42:513][  0]LogStats: UGameplayTagsManager::ConstructGameplayTagTree: ImportINI -  0.000 s
[2019.11.17-17.03.42:513][  0]LogStats: UGameplayTagsManager::ConstructGameplayTagTree: GameplayTagTreeChangedEvent.Broadcast -  0.000 s
[2019.11.17-17.03.43:018][  0]LogFileCache: Scanning file cache for directory 'C:/Users/Isabel/Documents/Unreal Projects/DeadMex/Content/' took 0.04s
[2019.11.17-17.03.43:399][  0]SourceControl: El control de código fuente está desactivado
[2019.11.17-17.03.43:399][  0]Cmd: MAP LOAD FILE="../../../../../../Users/Isabel/Documents/Unreal Projects/DeadMex/Content/FPSK/Maps/Overview.umap" TEMPLATE=0 SHOWPROGRESS=1 FEATURELEVEL=3
[2019.11.17-17.03.43:399][  0]LightingResults: New page: Diseñar la iluminación
[2019.11.17-17.03.43:402][  0]MapCheck: New page: Revisión del mapa
[2019.11.17-17.03.43:402][  0]LightingResults: New page: Diseñar la iluminación
[2019.11.17-17.03.43:627][  0]LogLinker: No puede encontrar el archivo '/Game/FPSK/Animations/Guns/A_UMP45_Draw'
[2019.11.17-17.03.43:627][  0]LogLinker: No puede encontrar el archivo '/Game/FPSK/Animations/Guns/A_UMP45_Draw'
[2019.11.17-17.03.43:627][  0]LogLinker: No puede encontrar el archivo '/Game/FPSK/Animations/Guns/A_UMP45_Withdraw'
[2019.11.17-17.03.43:628][  0]LogLinker: No puede encontrar el archivo '/Game/FPSK/Animations/Guns/A_UMP45_Withdraw'
[2019.11.17-17.03.43:628][  0]LogLinker: No puede encontrar el archivo '/Game/FPSK/Animations/Guns/A_UMP45_Reload'
[2019.11.17-17.03.43:628][  0]LogLinker: No puede encontrar el archivo '/Game/FPSK/Animations/Guns/A_UMP45_Reload'
[2019.11.17-17.03.43:628][  0]LogLinker: No puede encontrar el archivo '/Game/FPSK/Animations/Arms/A_Arms_UMP45_Reload'
[2019.11.17-17.03.43:629][  0]LogLinker: No puede encontrar el archivo '/Game/FPSK/Animations/Arms/A_Arms_UMP45_Reload'
[2019.11.17-17.03.43:630][  0]LogLinker: No puede encontrar el archivo '/Game/ShootTrace/StaticMeshes/Sights/M_Sight_Reflex'
[2019.11.17-17.03.43:630][  0]LogLinker: No puede encontrar el archivo '/Game/ShootTrace/StaticMeshes/Sights/M_Sight_Reflex'
[2019.11.17-17.03.43:631][  0]LogLinker: No puede encontrar el archivo '/Game/ShootTrace/Textures/Reticles/T_Reticle_Delta'
[2019.11.17-17.03.43:631][  0]LogLinker: No puede encontrar el archivo '/Game/ShootTrace/Textures/Reticles/T_Reticle_Delta'
[2019.11.17-17.03.43:781][  0]LogLinker: No puede encontrar el archivo '/Game/FPSK/Guns/TSR9/Paintjobs/M_TSR9_Default'
[2019.11.17-17.03.43:781][  0]LogLinker: No puede encontrar el archivo '/Game/FPSK/Guns/TSR9/Paintjobs/M_TSR9_Default'
[2019.11.17-17.03.58:671][  0]LogAIModule: Creating AISystem for world Overview
[2019.11.17-17.03.59:300][  0]LogEditorServer: Finished looking for orphan Actors (0.000 secs)
[2019.11.17-17.03.59:377][  0]Cmd: MAP CHECKDEP NOCLEARLOG
[2019.11.17-17.03.59:378][  0]MapCheck: Map check complete: 0 Error(s), 0 Warning(s), took 0.35ms to complete.
[2019.11.17-17.03.59:378][  0]LogFileHelpers: Loading map 'Overview' took 15.979
[2019.11.17-17.03.59:530][  0]LogSlate: Updating window title bar state: overlay mode, drag disabled, window buttons hidden, title bar hidden
[2019.11.17-17.03.59:541][  0]LogSlate: Updating window title bar state: overlay mode, drag disabled, window buttons hidden, title bar hidden
[2019.11.17-17.03.59:552][  0]LogSlate: Updating window title bar state: overlay mode, drag disabled, window buttons hidden, title bar hidden
[2019.11.17-17.03.59:564][  0]LogSlate: Updating window title bar state: overlay mode, drag disabled, window buttons hidden, title bar hidden
[2019.11.17-17.03.59:573][  0]LogCollectionManager: Loaded 0 collections in 0.002805 seconds
[2019.11.17-17.03.59:591][  0]LogFileCache: Scanning file cache for directory 'C:/Users/Isabel/Documents/Unreal Projects/DeadMex/Saved/Collections/' took 0.01s
[2019.11.17-17.03.59:591][  0]LogFileCache: Scanning file cache for directory 'C:/Users/Isabel/Documents/Unreal Projects/DeadMex/Content/Developers/Isabel/Collections/' took 0.00s
[2019.11.17-17.03.59:591][  0]LogFileCache: Scanning file cache for directory 'C:/Users/Isabel/Documents/Unreal Projects/DeadMex/Content/Collections/' took 0.00s
[2019.11.17-17.03.59:592][  0]LogCollectionManager: Rebuilt the GUID cache for 0 collections in 0.000001 seconds
[2019.11.17-17.03.59:600][  0]LogContentBrowser: Native class hierarchy populated in 0.0079 seconds. Added 2653 classes and 614 folders.
[2019.11.17-17.03.59:607][  0]LogContentBrowser: Native class hierarchy updated for 'WidgetCarousel' in 0.0003 seconds. Added 0 classes and 0 folders.
[2019.11.17-17.03.59:666][  0]LogPakFile: Registered encryption key '00000000000000000000000000000000': 0 pak files mounted, 0 remain pending
[2019.11.17-17.03.59:667][  0]LogPakFile: Registered encryption key '00000000000000000000000000000000': 0 pak files mounted, 0 remain pending
[2019.11.17-17.03.59:667][  0]LogPakFile: Registered encryption key '00000000000000000000000000000000': 0 pak files mounted, 0 remain pending
[2019.11.17-17.03.59:668][  0]LogPakFile: Registered encryption key '00000000000000000000000000000000': 0 pak files mounted, 0 remain pending
[2019.11.17-17.03.59:668][  0]LogPakFile: Registered encryption key '00000000000000000000000000000000': 0 pak files mounted, 0 remain pending
[2019.11.17-17.03.59:669][  0]LogPakFile: Registered encryption key '00000000000000000000000000000000': 0 pak files mounted, 0 remain pending
[2019.11.17-17.03.59:669][  0]LogPakFile: Registered encryption key '00000000000000000000000000000000': 0 pak files mounted, 0 remain pending
[2019.11.17-17.03.59:670][  0]LogPakFile: Registered encryption key '00000000000000000000000000000000': 0 pak files mounted, 0 remain pending
[2019.11.17-17.03.59:671][  0]LogPakFile: Registered encryption key '00000000000000000000000000000000': 0 pak files mounted, 0 remain pending
[2019.11.17-17.03.59:671][  0]LogPakFile: Registered encryption key '00000000000000000000000000000000': 0 pak files mounted, 0 remain pending
[2019.11.17-17.03.59:672][  0]LogPakFile: Registered encryption key '00000000000000000000000000000000': 0 pak files mounted, 0 remain pending
[2019.11.17-17.03.59:672][  0]LogPakFile: Registered encryption key '00000000000000000000000000000000': 0 pak files mounted, 0 remain pending
[2019.11.17-17.03.59:673][  0]LogPakFile: Registered encryption key '00000000000000000000000000000000': 0 pak files mounted, 0 remain pending
[2019.11.17-17.03.59:673][  0]LogPakFile: Registered encryption key '00000000000000000000000000000000': 0 pak files mounted, 0 remain pending
[2019.11.17-17.03.59:674][  0]LogPakFile: Registered encryption key '00000000000000000000000000000000': 0 pak files mounted, 0 remain pending
[2019.11.17-17.03.59:674][  0]LogPakFile: Registered encryption key '00000000000000000000000000000000': 0 pak files mounted, 0 remain pending
[2019.11.17-17.03.59:675][  0]LogPakFile: Registered encryption key '00000000000000000000000000000000': 0 pak files mounted, 0 remain pending
[2019.11.17-17.03.59:675][  0]LogPakFile: Registered encryption key '00000000000000000000000000000000': 0 pak files mounted, 0 remain pending
[2019.11.17-17.03.59:676][  0]LogPakFile: Registered encryption key '00000000000000000000000000000000': 0 pak files mounted, 0 remain pending
[2019.11.17-17.03.59:676][  0]LogPakFile: Registered encryption key '00000000000000000000000000000000': 0 pak files mounted, 0 remain pending
[2019.11.17-17.03.59:676][  0]LogPakFile: Registered encryption key '00000000000000000000000000000000': 0 pak files mounted, 0 remain pending
[2019.11.17-17.03.59:677][  0]LogPakFile: Registered encryption key '00000000000000000000000000000000': 0 pak files mounted, 0 remain pending
[2019.11.17-17.03.59:677][  0]LogPakFile: Registered encryption key '00000000000000000000000000000000': 0 pak files mounted, 0 remain pending
[2019.11.17-17.03.59:678][  0]LogPakFile: Registered encryption key '00000000000000000000000000000000': 0 pak files mounted, 0 remain pending
[2019.11.17-17.03.59:678][  0]LogPakFile: Registered encryption key '00000000000000000000000000000000': 0 pak files mounted, 0 remain pending
[2019.11.17-17.03.59:679][  0]LogPakFile: Registered encryption key '00000000000000000000000000000000': 0 pak files mounted, 0 remain pending
[2019.11.17-17.04.00:194][  0]LogContentBrowser: Native class hierarchy updated for 'AddContentDialog' in 0.0002 seconds. Added 0 classes and 0 folders.
[2019.11.17-17.04.00:199][  0]LogContentBrowser: Native class hierarchy updated for 'SceneOutliner' in 0.0003 seconds. Added 1 classes and 2 folders.
[2019.11.17-17.04.00:224][  0]LogSlate: Took 0.005688 seconds to synchronously load lazily loaded font '../../../Engine/Content/Slate/Fonts/Roboto-Regular.ttf' (155K)
[2019.11.17-17.04.00:240][  0]LogSlate: Took 0.013619 seconds to synchronously load lazily loaded font '../../../Engine/Content/Slate/Fonts/Roboto-Bold.ttf' (160K)
[2019.11.17-17.04.00:269][  0]LogSlate: Took 0.020558 seconds to synchronously load lazily loaded font '../../../Engine/Content/Editor/Slate/Fonts/FontAwesome.ttf' (139K)
[2019.11.17-17.04.00:382][  0]LogRenderer: Reallocating scene render targets to support 1208x576 Format 10 NumSamples 1 (Frame:1).
[2019.11.17-17.04.00:835][  0]LogContentBrowser: Native class hierarchy updated for 'HierarchicalLODOutliner' in 0.0003 seconds. Added 0 classes and 0 folders.
[2019.11.17-17.04.00:835][  0]LogLoad: (Engine Initialization) Total time: 39.01 seconds
[2019.11.17-17.04.00:835][  0]LogLoad: (Engine Initialization) Total Blueprint compile time: 0.00 seconds
[2019.11.17-17.04.00:949][  0]LogContentStreaming: Texture pool size now 1000 MB
[2019.11.17-17.04.00:993][  0]LogSlate: Took 0.025719 seconds to synchronously load lazily loaded font '../../../Engine/Content/Slate/Fonts/Roboto-Light.ttf' (167K)
[2019.11.17-17.04.02:834][ 15]LogAssetRegistry: Asset discovery search completed in 33.3172 seconds
[2019.11.17-17.04.02:837][ 15]LogCollectionManager: Rebuilt the object cache for 0 collections in 0.000000 seconds (found 0 objects)
[2019.11.17-17.04.02:837][ 15]LogCollectionManager: Fixed up redirectors for 0 collections in 0.000059 seconds (updated 0 objects)
[2019.11.17-17.04.11:305][509]LogSlate: FSceneViewport::OnFocusLost() reason 2
[2019.11.17-17.04.19:489][717]LogTemp: Executing iPhonePackager certificates Engine -bundlename com.YourCompany.DeadMex
[2019.11.17-17.04.19:489][717]LogTemp: CWD: C:\Program Files\Epic Games\UE_4.21\Engine\Binaries\DotNET\IOS
[2019.11.17-17.04.19:489][717]LogTemp: Initial Dir: C:\Program Files\Epic Games\UE_4.21
[2019.11.17-17.04.19:489][717]LogTemp: Env CWD: C:\Program Files\Epic Games\UE_4.21\Engine\Binaries\DotNET\IOS
[2019.11.17-17.04.19:489][717]LogTemp: BranchPath = DESKTOP-KBCBRJV/C/Program Files/Epic Games/UE_4.21/Engine/Binaries --- GameBranchPath = DESKTOP-KBCBRJV/C/Program Files/Epic Games/UE_4.21/Engine/Binaries
[2019.11.17-17.04.19:489][717]LogSlate: Only BGRA pngs, bmps or icos are supported in by External Image Picker
[2019.11.17-17.04.19:760][718]LogTemp: IPP ERROR: Could not find provision directory 'C:\Users\Isabel\AppData\Local/Apple Computer/MobileDevice/Provisioning Profiles/'.
[2019.11.17-17.04.33:323][456]LogSlate: Took 0.000174 seconds to synchronously load lazily loaded font '../../../Engine/Content/Slate/Fonts/Roboto-Light.ttf' (167K)
[2019.11.17-17.04.51:110][468]LogSlate: Window 'Ajustes del proyecto' being destroyed
[2019.11.17-17.04.51:114][468]LogSlate: Window 'Ajustes del proyecto' being destroyed
[2019.11.17-17.04.54:859][676]LogSlate: Window 'DeadMex - Unreal Editor' being destroyed
[2019.11.17-17.04.54:860][676]LogWindowsTextInputMethodSystem: Display: IME system now deactivated.
[2019.11.17-17.04.55:062][677]Cmd: QUIT_EDITOR
[2019.11.17-17.04.55:106][677]LogExit: Preparing to exit.
[2019.11.17-17.04.55:440][677]LogExit: Editor shut down
[2019.11.17-17.04.55:440][677]LogExit: Transaction tracking system shut down
[2019.11.17-17.04.55:629][677]LogExit: Object subsystem successfully closed.
[2019.11.17-17.04.55:739][677]LogShaderCompilers: Display: Shaders left to compile 0
[2019.11.17-17.04.55:745][677]LogD3D11RHI: Shutdown
[2019.11.17-17.04.55:745][677]LogD3D11RHI: CleanupD3DDevice
[2019.11.17-17.04.55:810][677]LogD3D11RHI: ~FD3D11DynamicRHI
[2019.11.17-17.04.55:835][677]LogModuleManager: Shutting down and abandoning module ExternalImagePicker (618)
[2019.11.17-17.04.55:835][677]LogModuleManager: Shutting down and abandoning module HierarchicalLODOutliner (616)
[2019.11.17-17.04.55:835][677]LogModuleManager: Shutting down and abandoning module SceneOutliner (614)
[2019.11.17-17.04.55:835][677]LogModuleManager: Shutting down and abandoning module AddContentDialog (612)
[2019.11.17-17.04.55:835][677]LogModuleManager: Shutting down and abandoning module WidgetCarousel (611)
[2019.11.17-17.04.55:835][677]LogModuleManager: Shutting down and abandoning module EditorWidgets (608)
[2019.11.17-17.04.55:835][677]LogModuleManager: Shutting down and abandoning module CollectionManager (606)
[2019.11.17-17.04.55:835][677]LogModuleManager: Shutting down and abandoning module StatsViewer (604)
[2019.11.17-17.04.55:835][677]LogModuleManager: Shutting down and abandoning module FoliageEdit (602)
[2019.11.17-17.04.55:835][677]LogModuleManager: Shutting down and abandoning module LandscapeEditor (600)
[2019.11.17-17.04.55:835][677]LogModuleManager: Shutting down and abandoning module MeshPaintMode (598)
[2019.11.17-17.04.55:835][677]LogModuleManager: Shutting down and abandoning module SceneDepthPickerMode (596)
[2019.11.17-17.04.55:835][677]LogModuleManager: Shutting down and abandoning module ActorPickerMode (594)
[2019.11.17-17.04.55:835][677]LogModuleManager: Shutting down and abandoning module GeometryMode (592)
[2019.11.17-17.04.55:835][677]LogModuleManager: Shutting down and abandoning module TextureAlignMode (590)
[2019.11.17-17.04.55:836][677]LogModuleManager: Shutting down and abandoning module BspMode (588)
[2019.11.17-17.04.55:836][677]LogModuleManager: Shutting down and abandoning module PIEPreviewDeviceProfileSelector (586)
[2019.11.17-17.04.55:836][677]LogModuleManager: Shutting down and abandoning module SequenceRecorderSections (584)
[2019.11.17-17.04.55:836][677]LogModuleManager: Shutting down and abandoning module AutomationWorker (582)
[2019.11.17-17.04.55:836][677]LogModuleManager: Shutting down and abandoning module AudioCaptureEditor (580)
[2019.11.17-17.04.55:836][677]LogModuleManager: Shutting down and abandoning module MatineeToLevelSequence (578)
[2019.11.17-17.04.55:836][677]LogModuleManager: Shutting down and abandoning module LevelSequenceEditor (576)
[2019.11.17-17.04.55:836][677]LogModuleManager: Shutting down and abandoning module PlacementMode (575)
[2019.11.17-17.04.55:836][677]LogModuleManager: Shutting down and abandoning module MaterialEditor (574)
[2019.11.17-17.04.55:836][677]LogModuleManager: Shutting down and abandoning module WmfMediaFactory (570)
[2019.11.17-17.04.55:836][677]LogModuleManager: Shutting down and abandoning module WmfMediaEditor (568)
[2019.11.17-17.04.55:836][677]LogModuleManager: Shutting down and abandoning module WebMMediaFactory (566)
[2019.11.17-17.04.55:836][677]LogModuleManager: Shutting down and abandoning module WebMMediaEditor (564)
[2019.11.17-17.04.55:836][677]LogModuleManager: Shutting down and abandoning module WebMMedia (562)
[2019.11.17-17.04.55:836][677]LogModuleManager: Shutting down and abandoning module MediaPlayerEditor (560)
[2019.11.17-17.04.55:836][677]LogModuleManager: Shutting down and abandoning module MediaCompositingEditor (558)
[2019.11.17-17.04.55:836][677]LogModuleManager: Shutting down and abandoning module SequenceRecorder (557)
[2019.11.17-17.04.55:836][677]LogModuleManager: Shutting down and abandoning module OpenExrWrapper (554)
[2019.11.17-17.04.55:836][677]LogModuleManager: Shutting down and abandoning module ImgMediaFactory (552)
[2019.11.17-17.04.55:836][677]LogModuleManager: Shutting down and abandoning module ImgMediaEditor (550)
[2019.11.17-17.04.55:836][677]LogModuleManager: Shutting down and abandoning module AvfMediaFactory (548)
[2019.11.17-17.04.55:836][677]LogModuleManager: Shutting down and abandoning module AvfMediaEditor (546)
[2019.11.17-17.04.55:836][677]LogModuleManager: Shutting down and abandoning module AndroidMediaFactory (544)
[2019.11.17-17.04.55:836][677]LogModuleManager: Shutting down and abandoning module AndroidMediaEditor (542)
[2019.11.17-17.04.55:836][677]LogModuleManager: Shutting down and abandoning module MagicLeapCameraPreviewFactory (540)
[2019.11.17-17.04.55:836][677]LogModuleManager: Shutting down and abandoning module MagicLeapMediaFactory (538)
[2019.11.17-17.04.55:836][677]LogModuleManager: Shutting down and abandoning module MagicLeapMediaEditor (536)
[2019.11.17-17.04.55:836][677]LogModuleManager: Shutting down and abandoning module CharacterAI (534)
[2019.11.17-17.04.55:836][677]LogModuleManager: Shutting down and abandoning module SmartSnapping (532)
[2019.11.17-17.04.55:836][677]LogModuleManager: Shutting down and abandoning module SessionServices (530)
[2019.11.17-17.04.55:836][677]LogModuleManager: Shutting down and abandoning module ViewportSnapping (528)
[2019.11.17-17.04.55:836][677]LogModuleManager: Shutting down and abandoning module ViewportInteraction (526)
[2019.11.17-17.04.55:836][677]LogModuleManager: Shutting down and abandoning module ClothPainter (524)
[2019.11.17-17.04.55:836][677]LogModuleManager: Shutting down and abandoning module SkeletalMeshEditor (523)
[2019.11.17-17.04.55:836][677]LogModuleManager: Shutting down and abandoning module LogVisualizer (520)
[2019.11.17-17.04.55:836][677]LogModuleManager: Shutting down and abandoning module IntroTutorials (518)
[2019.11.17-17.04.55:836][677]LogModuleManager: Shutting down and abandoning module GameProjectGeneration (517)
[2019.11.17-17.04.55:836][677]LogModuleManager: Shutting down and abandoning module LuminPlatformEditor (514)
[2019.11.17-17.04.55:836][677]LogModuleManager: Shutting down and abandoning module IOSPlatformEditor (512)
[2019.11.17-17.04.55:836][677]LogModuleManager: Shutting down and abandoning module HTML5PlatformEditor (510)
[2019.11.17-17.04.55:837][677]LogModuleManager: Shutting down and abandoning module AndroidPlatformEditor (508)
[2019.11.17-17.04.55:837][677]LogModuleManager: Shutting down and abandoning module AndroidDeviceDetection (507)
[2019.11.17-17.04.57:221][677]LogModuleManager: Shutting down and abandoning module WindowsPlatformEditor (504)
[2019.11.17-17.04.57:222][677]LogModuleManager: Shutting down and abandoning module LuminRuntimeSettings (502)
[2019.11.17-17.04.57:222][677]LogModuleManager: Shutting down and abandoning module IOSRuntimeSettings (500)
[2019.11.17-17.04.57:222][677]LogModuleManager: Shutting down and abandoning module AndroidRuntimeSettings (498)
[2019.11.17-17.04.57:222][677]LogModuleManager: Shutting down and abandoning module TimeManagementEditor (496)
[2019.11.17-17.04.57:222][677]LogModuleManager: Shutting down and abandoning module InputBindingEditor (494)
[2019.11.17-17.04.57:222][677]LogModuleManager: Shutting down and abandoning module MergeActors (492)
[2019.11.17-17.04.57:222][677]LogModuleManager: Shutting down and abandoning module LocalizationDashboard (490)
[2019.11.17-17.04.57:222][677]LogModuleManager: Shutting down and abandoning module LocalizationService (489)
[2019.11.17-17.04.57:222][677]LogModuleManager: Shutting down and abandoning module HardwareTargeting (486)
[2019.11.17-17.04.57:222][677]LogModuleManager: Shutting down and abandoning module DeviceProfileEditor (484)
[2019.11.17-17.04.57:222][677]LogModuleManager: Shutting down and abandoning module UndoHistory (482)
[2019.11.17-17.04.57:222][677]LogModuleManager: Shutting down and abandoning module XmlParser (480)
[2019.11.17-17.04.57:222][677]LogModuleManager: Shutting down and abandoning module Blutility (478)
[2019.11.17-17.04.57:222][677]LogModuleManager: Shutting down and abandoning module ProjectSettingsViewer (476)
[2019.11.17-17.04.57:222][677]LogModuleManager: Shutting down and abandoning module ProjectTargetPlatformEditor (475)
[2019.11.17-17.04.57:222][677]LogModuleManager: Shutting down and abandoning module EditorSettingsViewer (472)
[2019.11.17-17.04.57:223][677]LogModuleManager: Shutting down and abandoning module SettingsEditor (470)
[2019.11.17-17.04.57:223][677]LogModuleManager: Shutting down and abandoning module ProjectLauncher (468)
[2019.11.17-17.04.57:223][677]LogModuleManager: Shutting down and abandoning module SessionFrontend (466)
[2019.11.17-17.04.57:223][677]LogModuleManager: Shutting down and abandoning module ProfilerClient (464)
[2019.11.17-17.04.57:223][677]LogModuleManager: Shutting down and abandoning module DeviceManager (462)
[2019.11.17-17.04.57:223][677]LogModuleManager: Shutting down and abandoning module TargetDeviceServices (461)
[2019.11.17-17.04.57:289][677]LogModuleManager: Shutting down and abandoning module AutomationController (458)
[2019.11.17-17.04.57:289][677]LogModuleManager: Shutting down and abandoning module AutomationWindow (456)
[2019.11.17-17.04.57:289][677]LogModuleManager: Shutting down and abandoning module Layers (454)
[2019.11.17-17.04.57:289][677]LogModuleManager: Shutting down and abandoning module ComponentVisualizers (452)
[2019.11.17-17.04.57:289][677]LogModuleManager: Shutting down and abandoning module DetailCustomizations (450)
[2019.11.17-17.04.57:289][677]LogModuleManager: Shutting down and abandoning module PackagesDialog (448)
[2019.11.17-17.04.57:289][677]LogModuleManager: Shutting down and abandoning module Persona (446)
[2019.11.17-17.04.57:289][677]LogModuleManager: Shutting down and abandoning module AdvancedPreviewScene (445)
[2019.11.17-17.04.57:289][677]LogModuleManager: Shutting down and abandoning module AnimGraph (443)
[2019.11.17-17.04.57:289][677]LogModuleManager: Shutting down and abandoning module Kismet (440)
[2019.11.17-17.04.57:293][677]LogModuleManager: Shutting down and abandoning module GraphEditor (438)
[2019.11.17-17.04.57:293][677]LogModuleManager: Shutting down and abandoning module ClassViewer (436)
[2019.11.17-17.04.57:293][677]LogModuleManager: Shutting down and abandoning module Toolbox (434)
[2019.11.17-17.04.57:293][677]LogModuleManager: Shutting down and abandoning module ModuleUI (432)
[2019.11.17-17.04.57:293][677]LogModuleManager: Shutting down and abandoning module MovieSceneTools (430)
[2019.11.17-17.04.57:293][677]LogModuleManager: Shutting down and abandoning module OutputLog (428)
[2019.11.17-17.04.57:293][677]LogModuleManager: Shutting down and abandoning module GammaUI (426)
[2019.11.17-17.04.57:293][677]LogModuleManager: Shutting down and abandoning module Documentation (424)
[2019.11.17-17.04.57:293][677]LogModuleManager: Shutting down and abandoning module MovieSceneTracks (422)
[2019.11.17-17.04.57:293][677]LogModuleManager: Shutting down and abandoning module MovieScene (420)
[2019.11.17-17.04.57:294][677]LogModuleManager: Shutting down and abandoning module StreamingPauseRendering (418)
[2019.11.17-17.04.57:294][677]LogModuleManager: Shutting down and abandoning module LauncherPlatform (416)
[2019.11.17-17.04.57:294][677]LogModuleManager: Shutting down and abandoning module AnalyticsET (414)
[2019.11.17-17.04.57:294][677]LogModuleManager: Shutting down and abandoning module PortalServices (412)
[2019.11.17-17.04.57:294][677]LogModuleManager: Shutting down and abandoning module PortalRpc (410)
[2019.11.17-17.04.57:294][677]LogModuleManager: Shutting down and abandoning module MessagingRpc (408)
[2019.11.17-17.04.57:294][677]LogModuleManager: Shutting down and abandoning module AIModule (406)
[2019.11.17-17.04.57:294][677]LogModuleManager: Shutting down and abandoning module GameplayDebugger (405)
[2019.11.17-17.04.57:294][677]LogModuleManager: Shutting down and abandoning module AITestSuite (403)
[2019.11.17-17.04.57:294][677]LogModuleManager: Shutting down and abandoning module NavigationSystem (401)
[2019.11.17-17.04.57:294][677]LogModuleManager: Shutting down and abandoning module DesktopPlatform (398)
[2019.11.17-17.04.57:294][677]LogModuleManager: Shutting down and abandoning module ImageWriteQueue (396)
[2019.11.17-17.04.57:297][677]LogModuleManager: Shutting down and abandoning module ProfilerService (394)
[2019.11.17-17.04.57:464][677]LogModuleManager: Shutting down and abandoning module TaskGraph (392)
[2019.11.17-17.04.57:464][677]LogModuleManager: Shutting down and abandoning module ProceduralMeshComponentEditor (390)
[2019.11.17-17.04.57:464][677]LogModuleManager: Shutting down and abandoning module ProceduralMeshComponent (388)
[2019.11.17-17.04.57:464][677]LogModuleManager: Shutting down and abandoning module MobilePatchingUtils (386)
[2019.11.17-17.04.57:464][677]LogModuleManager: Shutting down and abandoning module EditableMesh (384)
[2019.11.17-17.04.57:464][677]LogModuleManager: Shutting down and abandoning module CustomMeshComponent (382)
[2019.11.17-17.04.57:464][677]LogModuleManager: Shutting down and abandoning module CableComponent (380)
[2019.11.17-17.04.57:464][677]LogModuleManager: Shutting down and abandoning module AudioCapture (378)
[2019.11.17-17.04.57:464][677]LogModuleManager: Shutting down and abandoning module ArchVisCharacter (376)
[2019.11.17-17.04.57:464][677]LogModuleManager: Shutting down and abandoning module AndroidPermission (374)
[2019.11.17-17.04.57:464][677]LogModuleManager: Shutting down and abandoning module NUTUnrealEngine4 (372)
[2019.11.17-17.04.57:464][677]LogModuleManager: Shutting down and abandoning module NetcodeUnitTest (370)
[2019.11.17-17.04.57:464][677]LogModuleManager: Shutting down and abandoning module MediaCompositing (368)
[2019.11.17-17.04.57:464][677]LogModuleManager: Shutting down and abandoning module LinearTimecode (366)
[2019.11.17-17.04.57:464][677]LogModuleManager: Shutting down and abandoning module ImgMedia (364)
[2019.11.17-17.04.57:469][677]LogModuleManager: Shutting down and abandoning module HTML5Networking (362)
[2019.11.17-17.04.57:469][677]LogModuleManager: Shutting down and abandoning module GeometryCacheTracks (360)
[2019.11.17-17.04.57:469][677]LogModuleManager: Shutting down and abandoning module GeometryCacheSequencer (358)
[2019.11.17-17.04.57:469][677]LogModuleManager: Shutting down and abandoning module BackChannel (356)
[2019.11.17-17.04.57:469][677]LogModuleManager: Shutting down and abandoning module AppleVision (354)
[2019.11.17-17.04.57:469][677]LogModuleManager: Shutting down and abandoning module AppleImageUtilsBlueprintSupport (352)
[2019.11.17-17.04.57:469][677]LogModuleManager: Shutting down and abandoning module AppleImageUtils (350)
[2019.11.17-17.04.57:469][677]LogModuleManager: Shutting down and abandoning module AlembicImporter (348)
[2019.11.17-17.04.57:469][677]LogModuleManager: Shutting down and abandoning module AlembicLibrary (347)
[2019.11.17-17.04.57:469][677]LogModuleManager: Shutting down and abandoning module GeometryCache (346)
[2019.11.17-17.04.57:469][677]LogModuleManager: Shutting down and abandoning module GeometryCacheEd (345)
[2019.11.17-17.04.57:469][677]LogModuleManager: Shutting down and abandoning module VariantManagerContent (340)
[2019.11.17-17.04.57:469][677]LogModuleManager: Shutting down and abandoning module DatasmithContentEditor (338)
[2019.11.17-17.04.57:469][677]LogModuleManager: Shutting down and abandoning module SpeedTreeImporter (336)
[2019.11.17-17.04.57:469][677]LogModuleManager: Shutting down and abandoning module PluginBrowser (334)
[2019.11.17-17.04.57:469][677]LogModuleManager: Shutting down and abandoning module MobileLauncherProfileWizard (332)
[2019.11.17-17.04.57:469][677]LogModuleManager: Shutting down and abandoning module PolygonModeling (330)
[2019.11.17-17.04.57:469][677]LogModuleManager: Shutting down and abandoning module MeshEditor (328)
[2019.11.17-17.04.57:469][677]LogModuleManager: Shutting down and abandoning module CryptoKeysOpenSSL (326)
[2019.11.17-17.04.57:469][677]LogModuleManager: Shutting down and abandoning module CryptoKeys (324)
[2019.11.17-17.04.57:470][677]LogModuleManager: Shutting down and abandoning module VisualStudioSourceCodeAccess (322)
[2019.11.17-17.04.57:470][677]LogModuleManager: Shutting down and abandoning module VisualStudioCodeSourceCodeAccess (320)
[2019.11.17-17.04.57:470][677]LogModuleManager: Shutting down and abandoning module UObjectPlugin (318)
[2019.11.17-17.04.57:470][677]LogModuleManager: Shutting down and abandoning module SubversionSourceControl (316)
[2019.11.17-17.04.57:470][677]LogModuleManager: Shutting down and abandoning module PerforceSourceControl (314)
[2019.11.17-17.04.57:470][677]LogModuleManager: Shutting down and abandoning module GitSourceControl (312)
[2019.11.17-17.04.57:470][677]LogModuleManager: Shutting down and abandoning module SourceControl (311)
[2019.11.17-17.04.57:470][677]LogModuleManager: Shutting down and abandoning module CLionSourceCodeAccess (308)
[2019.11.17-17.04.57:470][677]LogModuleManager: Shutting down and abandoning module ActorLayerUtilitiesEditor (306)
[2019.11.17-17.04.57:470][677]LogModuleManager: Shutting down and abandoning module ActorLayerUtilities (304)
[2019.11.17-17.04.57:470][677]LogModuleManager: Shutting down and abandoning module LightPropagationVolumeEditor (302)
[2019.11.17-17.04.57:470][677]LogModuleManager: Shutting down and abandoning module PaperTiledImporter (300)
[2019.11.17-17.04.57:470][677]LogModuleManager: Shutting down and abandoning module PaperSpriteSheetImporter (298)
[2019.11.17-17.04.57:470][677]LogModuleManager: Shutting down and abandoning module Paper2DEditor (296)
[2019.11.17-17.04.57:470][677]LogModuleManager: Shutting down and abandoning module MeshPaint (295)
[2019.11.17-17.04.57:470][677]LogModuleManager: Shutting down and abandoning module RuntimePhysXCooking (292)
[2019.11.17-17.04.57:470][677]LogModuleManager: Shutting down and abandoning module PhysXVehiclesEditor (290)
[2019.11.17-17.04.57:470][677]LogModuleManager: Shutting down and abandoning module PhysXVehicles (288)
[2019.11.17-17.04.57:470][677]LogModuleManager: Shutting down and abandoning module LocationServicesBPLibrary (286)
[2019.11.17-17.04.57:470][677]LogModuleManager: Shutting down and abandoning module ApexDestructionEditor (284)
[2019.11.17-17.04.57:470][677]LogModuleManager: Shutting down and abandoning module ApexDestruction (282)
[2019.11.17-17.04.57:470][677]LogModuleManager: Shutting down and abandoning module ActorSequence (280)
[2019.11.17-17.04.57:470][677]LogModuleManager: Shutting down and abandoning module UdpMessaging (278)
[2019.11.17-17.04.57:571][677]LogModuleManager: Shutting down and abandoning module TcpMessaging (276)
[2019.11.17-17.04.57:672][677]LogModuleManager: Shutting down and abandoning module MagicLeapAudio (274)
[2019.11.17-17.04.57:672][677]LogModuleManager: Shutting down and abandoning module GameplayTagsEditor (272)
[2019.11.17-17.04.57:672][677]LogModuleManager: Shutting down and abandoning module FacialAnimationEditor (270)
[2019.11.17-17.04.57:672][677]LogModuleManager: Shutting down and abandoning module FacialAnimation (268)
[2019.11.17-17.04.57:672][677]LogModuleManager: Shutting down and abandoning module DataValidation (266)
[2019.11.17-17.04.57:672][677]LogModuleManager: Shutting down and abandoning module AssetManagerEditor (264)
[2019.11.17-17.04.57:672][677]LogModuleManager: Shutting down and abandoning module LevelEditor (263)
[2019.11.17-17.04.57:673][677]LogModuleManager: Shutting down and abandoning module PixelInspectorModule (262)
[2019.11.17-17.04.57:673][677]LogModuleManager: Shutting down and abandoning module CommonMenuExtensions (260)
[2019.11.17-17.04.57:673][677]LogModuleManager: Shutting down and abandoning module MainFrame (258)
[2019.11.17-17.04.57:673][677]LogModuleManager: Shutting down and abandoning module HotReload (257)
[2019.11.17-17.04.57:673][677]LogModuleManager: Shutting down and abandoning module ContentBrowser (253)
[2019.11.17-17.04.57:675][677]LogModuleManager: Shutting down and abandoning module TreeMap (251)
[2019.11.17-17.04.57:675][677]LogModuleManager: Shutting down and abandoning module LightPropagationVolumeRuntime (248)
[2019.11.17-17.04.57:675][677]LogModuleManager: Shutting down and abandoning module AISupportModule (246)
[2019.11.17-17.04.57:675][677]LogModuleManager: Shutting down and abandoning module Paper2D (244)
[2019.11.17-17.04.57:675][677]LogModuleManager: Shutting down and abandoning module WindowsMoviePlayer (242)
[2019.11.17-17.04.57:675][677]LogModuleManager: Shutting down and abandoning module WebMMoviePlayer (240)
[2019.11.17-17.04.57:675][677]LogModuleManager: Shutting down and abandoning module WmfMedia (238)
[2019.11.17-17.04.57:676][677]LogModuleManager: Shutting down and abandoning module Media (237)
[2019.11.17-17.04.57:682][677]LogModuleManager: Shutting down and abandoning module PacketHandler (234)
[2019.11.17-17.04.57:682][677]LogModuleManager: Shutting down and abandoning module ClothingSystemEditor (232)
[2019.11.17-17.04.57:682][677]LogModuleManager: Shutting down and abandoning module ClothingSystemRuntime (230)
[2019.11.17-17.04.57:682][677]LogModuleManager: Shutting down and abandoning module MediaAssets (228)
[2019.11.17-17.04.57:682][677]LogModuleManager: Shutting down and abandoning module Overlay (226)
[2019.11.17-17.04.57:682][677]LogModuleManager: Shutting down and abandoning module OverlayEditor (225)
[2019.11.17-17.04.57:682][677]LogModuleManager: Shutting down and abandoning module VREditor (222)
[2019.11.17-17.04.57:682][677]LogModuleManager: Shutting down and abandoning module StringTableEditor (220)
[2019.11.17-17.04.57:682][677]LogModuleManager: Shutting down and abandoning module GameplayTasksEditor (218)
[2019.11.17-17.04.57:682][677]LogModuleManager: Shutting down and abandoning module BehaviorTreeEditor (216)
[2019.11.17-17.04.57:682][677]LogModuleManager: Shutting down and abandoning module FunctionalTesting (214)
[2019.11.17-17.04.57:682][677]LogModuleManager: Shutting down and abandoning module CollisionAnalyzer (212)
[2019.11.17-17.04.57:682][677]LogModuleManager: Shutting down and abandoning module WorkspaceMenuStructure (211)
[2019.11.17-17.04.57:682][677]LogModuleManager: Shutting down and abandoning module UMG (208)
[2019.11.17-17.04.57:683][677]LogModuleManager: Shutting down and abandoning module UMGEditor (207)
[2019.11.17-17.04.57:683][677]LogModuleManager: Shutting down and abandoning module Sequencer (206)
[2019.11.17-17.04.57:683][677]LogModuleManager: Shutting down and abandoning module MessageLog (203)
[2019.11.17-17.04.57:683][677]LogModuleManager: Shutting down and abandoning module SlateReflector (198)
[2019.11.17-17.04.57:683][677]LogModuleManager: Shutting down and abandoning module Slate (196)
[2019.11.17-17.04.57:683][677]LogModuleManager: Shutting down and abandoning module EditorStyle (194)
[2019.11.17-17.04.57:684][677]LogModuleManager: Shutting down and abandoning module MRMesh (192)
[2019.11.17-17.04.57:684][677]LogModuleManager: Shutting down and abandoning module SourceCodeAccess (190)
[2019.11.17-17.04.57:684][677]LogModuleManager: Shutting down and abandoning module HeadMountedDisplay (188)
[2019.11.17-17.04.57:684][677]LogModuleManager: Shutting down and abandoning module XAudio2 (186)
[2019.11.17-17.04.57:684][677]LogModuleManager: Shutting down and abandoning module Networking (184)
[2019.11.17-17.04.57:684][677]LogModuleManager: Shutting down and abandoning module Core (182)
[2019.11.17-17.04.57:684][677]LogModuleManager: Shutting down and abandoning module LevelSequence (180)
[2019.11.17-17.04.57:684][677]LogModuleManager: Shutting down and abandoning module KismetCompiler (178)
[2019.11.17-17.04.57:684][677]LogModuleManager: Shutting down and abandoning module MeshUtilities (176)
[2019.11.17-17.04.57:684][677]LogModuleManager: Shutting down and abandoning module MeshMergeUtilities (175)
[2019.11.17-17.04.57:684][677]LogModuleManager: Shutting down and abandoning module MeshReductionInterface (174)
[2019.11.17-17.04.57:684][677]LogModuleManager: Shutting down and abandoning module SimplygonSwarm (173)
[2019.11.17-17.04.57:684][677]LogModuleManager: Shutting down and abandoning module ProxyLODMeshReduction (171)
[2019.11.17-17.04.57:684][677]LogModuleManager: Shutting down and abandoning module SimplygonMeshReduction (169)
[2019.11.17-17.04.57:684][677]LogModuleManager: Shutting down and abandoning module QuadricMeshReduction (167)
[2019.11.17-17.04.57:684][677]LogModuleManager: Shutting down and abandoning module MaterialBaking (163)
[2019.11.17-17.04.57:684][677]LogModuleManager: Shutting down and abandoning module DirectoryWatcher (159)
[2019.11.17-17.04.57:684][677]LogModuleManager: Shutting down and abandoning module DerivedDataCache (156)
[2019.11.17-17.04.58:394][677]LogDerivedDataCache: Shutdown
[2019.11.17-17.04.58:394][677]LogModuleManager: Shutting down and abandoning module XGEController (154)
[2019.11.17-17.04.58:394][677]LogXGEController: Cleaning working directory: C:/Users/Isabel/AppData/Local/Temp/UnrealXGEWorkingDir/
[2019.11.17-17.04.58:394][677]LogModuleManager: Shutting down and abandoning module TargetPlatform (152)
[2019.11.17-17.04.58:394][677]LogModuleManager: Shutting down and abandoning module VulkanShaderFormat (151)
[2019.11.17-17.04.58:394][677]LogModuleManager: Shutting down and abandoning module ShaderFormatVectorVM (149)
[2019.11.17-17.04.58:394][677]LogModuleManager: Shutting down and abandoning module ShaderFormatOpenGL (147)
[2019.11.17-17.04.58:394][677]LogModuleManager: Shutting down and abandoning module ShaderFormatD3D (145)
[2019.11.17-17.04.58:394][677]LogModuleManager: Shutting down and abandoning module MetalShaderFormat (143)
[2019.11.17-17.04.58:394][677]LogModuleManager: Shutting down and abandoning module TextureFormatUncompressed (141)
[2019.11.17-17.04.58:394][677]LogModuleManager: Shutting down and abandoning module TextureFormatPVR (139)
[2019.11.17-17.04.58:394][677]LogModuleManager: Shutting down and abandoning module TextureFormatDXT (137)
[2019.11.17-17.04.58:394][677]LogModuleManager: Shutting down and abandoning module TextureFormatIntelISPCTexComp (135)
[2019.11.17-17.04.58:394][677]LogModuleManager: Shutting down and abandoning module TextureFormatASTC (133)
[2019.11.17-17.04.58:394][677]LogModuleManager: Shutting down and abandoning module ImageWrapper (132)
[2019.11.17-17.04.58:394][677]LogModuleManager: Shutting down and abandoning module TextureFormatAndroid (129)
[2019.11.17-17.04.58:394][677]LogModuleManager: Shutting down and abandoning module AudioFormatOpus (127)
[2019.11.17-17.04.58:394][677]LogModuleManager: Shutting down and abandoning module AudioFormatOgg (125)
[2019.11.17-17.04.58:394][677]LogModuleManager: Shutting down and abandoning module AudioFormatADPCM (123)
[2019.11.17-17.04.58:394][677]LogModuleManager: Shutting down and abandoning module LuminTargetPlatform (121)
[2019.11.17-17.04.58:395][677]LogModuleManager: Shutting down and abandoning module LinuxTargetPlatform (119)
[2019.11.17-17.04.58:395][677]LogModuleManager: Shutting down and abandoning module LinuxServerTargetPlatform (117)
[2019.11.17-17.04.58:395][677]LogModuleManager: Shutting down and abandoning module LinuxNoEditorTargetPlatform (115)
[2019.11.17-17.04.58:395][677]LogModuleManager: Shutting down and abandoning module LinuxClientTargetPlatform (113)
[2019.11.17-17.04.58:395][677]LogModuleManager: Shutting down and abandoning module TVOSTargetPlatform (111)
[2019.11.17-17.04.58:396][677]LogModuleManager: Shutting down and abandoning module Messaging (109)
[2019.11.17-17.04.58:396][677]LogModuleManager: Shutting down and abandoning module IOSTargetPlatform (107)
[2019.11.17-17.04.58:396][677]LogModuleManager: Shutting down and abandoning module HTML5TargetPlatform (105)
[2019.11.17-17.04.58:396][677]LogModuleManager: Shutting down and abandoning module AndroidTargetPlatform (103)
[2019.11.17-17.04.58:401][677]LogModuleManager: Shutting down and abandoning module WindowsTargetPlatform (101)
[2019.11.17-17.04.58:401][677]LogModuleManager: Shutting down and abandoning module WindowsServerTargetPlatform (99)
[2019.11.17-17.04.58:401][677]LogModuleManager: Shutting down and abandoning module WindowsNoEditorTargetPlatform (97)
[2019.11.17-17.04.58:401][677]LogModuleManager: Shutting down and abandoning module WindowsClientTargetPlatform (95)
[2019.11.17-17.04.58:401][677]LogModuleManager: Shutting down and abandoning module MacTargetPlatform (93)
[2019.11.17-17.04.58:401][677]LogModuleManager: Shutting down and abandoning module MacServerTargetPlatform (91)
[2019.11.17-17.04.58:401][677]LogModuleManager: Shutting down and abandoning module MacNoEditorTargetPlatform (89)
[2019.11.17-17.04.58:401][677]LogModuleManager: Shutting down and abandoning module MacClientTargetPlatform (87)
[2019.11.17-17.04.58:401][677]LogModuleManager: Shutting down and abandoning module AllDesktopTargetPlatform (85)
[2019.11.17-17.04.58:401][677]LogModuleManager: Shutting down and abandoning module InputCore (82)
[2019.11.17-17.04.58:401][677]LogModuleManager: Shutting down and abandoning module Settings (80)
[2019.11.17-17.04.58:401][677]LogModuleManager: Shutting down and abandoning module PhysXCooking (78)
[2019.11.17-17.04.58:401][677]LogModuleManager: Shutting down and abandoning module ExampleDeviceProfileSelector (76)
[2019.11.17-17.04.58:401][677]LogModuleManager: Shutting down and abandoning module LauncherChunkInstaller (74)
[2019.11.17-17.04.58:401][677]LogModuleManager: Shutting down and abandoning module OnlineBlueprintSupport (72)
[2019.11.17-17.04.58:401][677]LogModuleManager: Shutting down and abandoning module OnlineSubsystem (68)
[2019.11.17-17.04.58:402][677]LogModuleManager: Shutting down and abandoning module XMPP (63)
[2019.11.17-17.04.58:402][677]LogModuleManager: Shutting down and abandoning module WebSockets (62)
[2019.11.17-17.04.58:420][677]LogModuleManager: Shutting down and abandoning module HTTP (59)
[2019.11.17-17.04.58:420][677]LogHttp: Display: Http module shutting down, but needs to wait on 1 outstanding Http requests:
[2019.11.17-17.04.58:420][677]LogHttp: Display: 	verb=[POST] url=[https://datarouter.ol.epicgames.com/datarouter/api/v1/public/data?SessionID=%7BD87729B4-48F6-6912-7C25-2F95C4C805C0%7D&AppID=UEEditor.Rocket.Release&AppVersion=4.21.1-4613538%2B%2B%2BUE4%2BRelease-4.21&UserID=897bdaff456d0706363377a73f26b632%7C1bb7b8bc03654f63b6ae6e9e0ca4ed28%7Cf1665a6d-cb0c-489a-a304-505991312bb5&AppEnvironment=datacollector-binary&UploadType=eteventstream] status=Processing
[2019.11.17-17.04.58:436][677]LogModuleManager: Shutting down and abandoning module SSL (58)
[2019.11.17-17.04.58:437][677]LogModuleManager: Shutting down and abandoning module MagicLeapIdentity (54)
[2019.11.17-17.04.58:437][677]LogModuleManager: Shutting down and abandoning module MagicLeapHelperVulkan (52)
[2019.11.17-17.04.58:437][677]LogModuleManager: Shutting down and abandoning module MagicLeapHelperOpenGL (50)
[2019.11.17-17.04.58:437][677]LogModuleManager: Shutting down and abandoning module MagicLeapSecureStorage (48)
[2019.11.17-17.04.58:437][677]LogModuleManager: Shutting down and abandoning module MagicLeapHandTracking (46)
[2019.11.17-17.04.58:437][677]LogModuleManager: Shutting down and abandoning module MagicLeapEyeTracker (44)
[2019.11.17-17.04.58:437][677]LogModuleManager: Shutting down and abandoning module MagicLeapController (42)
[2019.11.17-17.04.58:437][677]LogSlate: Slate User Destroyed.  User Index 0, Is Virtual User: 0
[2019.11.17-17.04.58:437][677]LogModuleManager: Shutting down and abandoning module MagicLeap (40)
[2019.11.17-17.04.58:437][677]LogModuleManager: Shutting down and abandoning module DatasmithContent (38)
[2019.11.17-17.04.58:437][677]LogModuleManager: Shutting down and abandoning module AnimationModifiers (36)
[2019.11.17-17.04.58:437][677]LogModuleManager: Shutting down and abandoning module PropertyEditor (35)
[2019.11.17-17.04.58:438][677]LogModuleManager: Shutting down and abandoning module AudioEditor (32)
[2019.11.17-17.04.58:438][677]LogModuleManager: Shutting down and abandoning module TextureCompressor (30)
[2019.11.17-17.04.58:438][677]LogModuleManager: Shutting down and abandoning module ShaderCore (28)
[2019.11.17-17.04.58:438][677]LogModuleManager: Shutting down and abandoning module Landscape (26)
[2019.11.17-17.04.58:438][677]LogModuleManager: Shutting down and abandoning module SlateRHIRenderer (24)
[2019.11.17-17.04.58:438][677]LogModuleManager: Shutting down and abandoning module OpenGLDrv (22)
[2019.11.17-17.04.58:438][677]LogModuleManager: Shutting down and abandoning module D3D11RHI (20)
[2019.11.17-17.04.58:438][677]LogModuleManager: Shutting down and abandoning module AnimGraphRuntime (18)
[2019.11.17-17.04.58:438][677]LogModuleManager: Shutting down and abandoning module Renderer (16)
[2019.11.17-17.04.58:438][677]LogModuleManager: Shutting down and abandoning module Engine (14)
[2019.11.17-17.04.58:438][677]LogModuleManager: Shutting down and abandoning module CoreUObject (12)
[2019.11.17-17.04.58:438][677]LogModuleManager: Shutting down and abandoning module NetworkFile (10)
[2019.11.17-17.04.58:438][677]LogModuleManager: Shutting down and abandoning module CookedIterativeFile (8)
[2019.11.17-17.04.58:438][677]LogModuleManager: Shutting down and abandoning module StreamingFile (6)
[2019.11.17-17.04.58:438][677]LogModuleManager: Shutting down and abandoning module SandboxFile (4)
[2019.11.17-17.04.58:438][677]LogModuleManager: Shutting down and abandoning module PakFile (2)
[2019.11.17-17.04.58:446][677]LogExit: Exiting.
[2019.11.17-17.04.58:462][677]Log file closed, 11/17/19 12:04:58
