Log file open, 11/17/19 11:57:10
LogWindows: Failed to load 'aqProf.dll' (GetLastError=126)
LogWindows: File 'aqProf.dll' does not exist
LogWindows: Failed to load 'VtuneApi.dll' (GetLastError=126)
LogWindows: File 'VtuneApi.dll' does not exist
LogWindows: Failed to load 'VtuneApi32e.dll' (GetLastError=126)
LogWindows: File 'VtuneApi32e.dll' does not exist
LogConsoleResponse: Display: Failed to find resolution value strings in scalability ini. Falling back to default.
LogInit: Display: Running engine for game: DeadMex
LogPakFile: Registered encryption key '00000000000000000000000000000000': 0 pak files mounted, 0 remain pending
LogPlatformFile: Not using cached read wrapper
LogTaskGraph: Started task graph with 5 named threads and 23 total threads with 3 sets of task threads.
LogStats: Stats thread started at 8.977093
LogD3D11RHI: Loaded GFSDK_Aftermath_Lib.x64.dll
LogICUInternationalization: ICU TimeZone Detection - Raw Offset: -5:00, Platform Override: ''
LogPluginManager: Mounting plugin Paper2D
LogPluginManager: Mounting plugin AISupport
LogPluginManager: Mounting plugin LightPropagationVolume
LogPluginManager: Mounting plugin ActorLayerUtilities
LogPluginManager: Mounting plugin CLionSourceCodeAccess
LogPluginManager: Mounting plugin CodeLiteSourceCodeAccess
LogPluginManager: Mounting plugin GitSourceControl
LogPluginManager: Mounting plugin KDevelopSourceCodeAccess
LogPluginManager: Mounting plugin NullSourceCodeAccess
LogPluginManager: Mounting plugin PerforceSourceControl
LogPluginManager: Mounting plugin SubversionSourceControl
LogPluginManager: Mounting plugin UObjectPlugin
LogPluginManager: Mounting plugin VisualStudioCodeSourceCodeAccess
LogPluginManager: Mounting plugin VisualStudioSourceCodeAccess
LogPluginManager: Mounting plugin XCodeSourceCodeAccess
LogPluginManager: Mounting plugin AssetManagerEditor
LogPluginManager: Mounting plugin CryptoKeys
LogPluginManager: Mounting plugin DataValidation
LogPluginManager: Mounting plugin FacialAnimation
LogPluginManager: Mounting plugin GameplayTagsEditor
LogPluginManager: Mounting plugin MacGraphicsSwitching
LogPluginManager: Mounting plugin MeshEditor
LogPluginManager: Mounting plugin MobileLauncherProfileWizard
LogPluginManager: Mounting plugin PluginBrowser
LogPluginManager: Mounting plugin SpeedTreeImporter
LogPluginManager: Mounting plugin DatasmithContent
LogPluginManager: Mounting plugin VariantManagerContent
LogPluginManager: Mounting plugin AlembicImporter
LogPluginManager: Mounting plugin AppleImageUtils
LogPluginManager: Mounting plugin AppleVision
LogPluginManager: Mounting plugin BackChannel
LogPluginManager: Mounting plugin CharacterAI
LogPluginManager: Mounting plugin GeometryCache
LogPluginManager: Mounting plugin HTML5Networking
LogPluginManager: Mounting plugin ProxyLODPlugin
LogPluginManager: Mounting plugin MagicLeap
LogPluginManager: Mounting plugin MagicLeapMedia
LogPluginManager: Mounting plugin AndroidMedia
LogPluginManager: Mounting plugin AvfMedia
LogPluginManager: Mounting plugin ImgMedia
LogPluginManager: Mounting plugin LinearTimecode
LogPluginManager: Mounting plugin MediaCompositing
LogPluginManager: Mounting plugin MediaPlayerEditor
LogPluginManager: Mounting plugin WebMMedia
LogPluginManager: Mounting plugin WmfMedia
LogPluginManager: Mounting plugin TcpMessaging
LogPluginManager: Mounting plugin UdpMessaging
LogPluginManager: Mounting plugin ActorSequence
LogPluginManager: Mounting plugin LevelSequenceEditor
LogPluginManager: Mounting plugin MatineeToLevelSequence
LogPluginManager: Mounting plugin NetcodeUnitTest
LogPluginManager: Mounting plugin NUTUnrealEngine4
LogPluginManager: Mounting plugin OnlineSubsystemGooglePlay
LogPluginManager: Mounting plugin OnlineSubsystemIOS
LogPluginManager: Mounting plugin OnlineSubsystem
LogPluginManager: Mounting plugin OnlineSubsystemNull
LogPluginManager: Mounting plugin OnlineSubsystemUtils
LogPluginManager: Mounting plugin LauncherChunkInstaller
LogPluginManager: Mounting plugin AndroidDeviceProfileSelector
LogPluginManager: Mounting plugin AndroidMoviePlayer
LogPluginManager: Mounting plugin AndroidPermission
LogPluginManager: Mounting plugin ApexDestruction
LogPluginManager: Mounting plugin AppleMoviePlayer
LogPluginManager: Mounting plugin ArchVisCharacter
LogPluginManager: Mounting plugin AudioCapture
LogPluginManager: Mounting plugin CableComponent
LogPluginManager: Mounting plugin CustomMeshComponent
LogPluginManager: Mounting plugin EditableMesh
LogPluginManager: Mounting plugin ExampleDeviceProfileSelector
LogPluginManager: Mounting plugin Firebase
LogPluginManager: Mounting plugin GoogleCloudMessaging
LogPluginManager: Mounting plugin IOSDeviceProfileSelector
LogPluginManager: Mounting plugin LinuxDeviceProfileSelector
LogPluginManager: Mounting plugin LocationServicesBPLibrary
LogPluginManager: Mounting plugin MobilePatchingUtils
LogPluginManager: Mounting plugin PhysXVehicles
LogPluginManager: Mounting plugin ProceduralMeshComponent
LogPluginManager: Mounting plugin RuntimePhysXCooking
LogPluginManager: Mounting plugin WebMMoviePlayer
LogPluginManager: Mounting plugin WindowsMoviePlayer
LogStreaming: Display: Took  0.453s to configure plugins.
LogInit: Using libcurl 7.55.1-DEV
LogInit:  - built for x86_64-pc-win32
LogInit:  - supports SSL with OpenSSL/1.0.2h
LogInit:  - supports HTTP deflate (compression) using libz 1.2.8
LogInit:  - other features:
LogInit:      CURL_VERSION_SSL
LogInit:      CURL_VERSION_LIBZ
LogInit:      CURL_VERSION_IPV6
LogInit:      CURL_VERSION_ASYNCHDNS
LogInit:      CURL_VERSION_LARGEFILE
LogInit:      CURL_VERSION_IDN
LogInit:  CurlRequestOptions (configurable via config and command line):
LogInit:  - bVerifyPeer = true  - Libcurl will verify peer certificate
LogInit:  - bUseHttpProxy = false  - Libcurl will NOT use HTTP proxy
LogInit:  - bDontReuseConnections = false  - Libcurl will reuse connections
LogInit:  - MaxHostConnections = 16  - Libcurl will limit the number of connections to a host
LogInit:  - LocalHostAddr = Default
LogInit:  - BufferSize = 65536
LogInit: WinSock: version 1.1 (2.2), MaxSocks=32767, MaxUdp=65467
LogInit: Build: ++UE4+Release-4.21-CL-4613538
LogInit: Engine Version: 4.21.1-4613538+++UE4+Release-4.21
LogInit: Compatible Engine Version: 4.21.0-4541578+++UE4+Release-4.21
LogInit: Net CL: 4541578
LogInit: OS: Windows 10 (), CPU: Intel(R) Core(TM) i7-7700HQ CPU @ 2.80GHz, GPU: Intel(R) HD Graphics 630
LogInit: Compiled (64-bit): Nov 30 2018 04:13:25
LogInit: Compiled with Visual C++: 19.13.26129.00
LogInit: Build Configuration: Development
LogInit: Branch Name: ++UE4+Release-4.21
LogInit: Command Line: 
LogInit: Base Directory: C:/Program Files/Epic Games/UE_4.21/Engine/Binaries/Win64/
LogInit: Installed Engine Build: 1
LogDevObjectVersion: Number of dev versions registered: 22
LogDevObjectVersion:   Dev-Blueprints (B0D832E4-1F89-4F0D-ACCF-7EB736FD4AA2): 10
LogDevObjectVersion:   Dev-Build (E1C64328-A22C-4D53-A36C-8E866417BD8C): 0
LogDevObjectVersion:   Dev-Core (375EC13C-06E4-48FB-B500-84F0262A717E): 2
LogDevObjectVersion:   Dev-Editor (E4B068ED-F494-42E9-A231-DA0B2E46BB41): 26
LogDevObjectVersion:   Dev-Framework (CFFC743F-43B0-4480-9391-14DF171D2073): 34
LogDevObjectVersion:   Dev-Mobile (B02B49B5-BB20-44E9-A304-32B752E40360): 2
LogDevObjectVersion:   Dev-Networking (A4E4105C-59A1-49B5-A7C5-40C4547EDFEE): 0
LogDevObjectVersion:   Dev-Online (39C831C9-5AE6-47DC-9A44-9C173E1C8E7C): 0
LogDevObjectVersion:   Dev-Physics (78F01B33-EBEA-4F98-B9B4-84EACCB95AA2): 0
LogDevObjectVersion:   Dev-Platform (6631380F-2D4D-43E0-8009-CF276956A95A): 0
LogDevObjectVersion:   Dev-Rendering (12F88B9F-8875-4AFC-A67C-D90C383ABD29): 27
LogDevObjectVersion:   Dev-Sequencer (7B5AE74C-D270-4C10-A958-57980B212A5A): 9
LogDevObjectVersion:   Dev-VR (D7296918-1DD6-4BDD-9DE2-64A83CC13884): 2
LogDevObjectVersion:   Dev-LoadTimes (C2A15278-BFE7-4AFE-6C17-90FF531DF755): 1
LogDevObjectVersion:   Private-Geometry (6EACA3D4-40EC-4CC1-B786-8BED09428FC5): 3
LogDevObjectVersion:   Dev-AnimPhys (29E575DD-E0A3-4627-9D10-D276232CDCEA): 17
LogDevObjectVersion:   Dev-Anim (AF43A65D-7FD3-4947-9873-3E8ED9C1BB05): 2
LogDevObjectVersion:   Dev-ReflectionCapture (6B266CEC-1EC7-4B8F-A30B-E4D90942FC07): 1
LogDevObjectVersion:   Dev-Automation (0DF73D61-A23F-47EA-B727-89E90C41499A): 1
LogDevObjectVersion:   FortniteMain (601D1886-AC64-4F84-AA16-D3DE0DEAC7D6): 17
LogDevObjectVersion:   Dev-Enterprise (9DFFBCD6-494F-0158-E221-12823C92A888): 4
LogDevObjectVersion:   Dev-Niagara (F2AED0AC-9AFE-416F-8664-AA7FFA26D6FC): 1
LogStreaming: Display: Took  0.000s to delete old logs.
LogInit: Presizing for max 8388607 objects, including 0 objects not considered by GC, pre-allocating 0 bytes for permanent pool.
LogInit: Object subsystem initialized
LogConfig: Setting CVar [[con.DebugEarlyDefault:1]]
LogConfig: Setting CVar [[r.setres:1280x720]]
[2019.11.17-16.57.13:975][  0]LogConfig: Setting CVar [[r.VSync:0]]
[2019.11.17-16.57.13:975][  0]LogConfig: Setting CVar [[r.RHICmdBypass:0]]
[2019.11.17-16.57.13:975][  0]LogConfig: Applying CVar settings from Section [/Script/Engine.RendererSettings] File [C:/Users/Isabel/Documents/Unreal Projects/DeadMex/Saved/Config/Windows/Engine.ini]
[2019.11.17-16.57.13:975][  0]LogConfig: Setting CVar [[r.GPUCrashDebugging:0]]
[2019.11.17-16.57.13:975][  0]LogConfig: Setting CVar [[r.DefaultFeature.AntiAliasing:2]]
[2019.11.17-16.57.13:975][  0]LogConfig: Setting CVar [[r.GenerateMeshDistanceFields:0]]
[2019.11.17-16.57.13:975][  0]LogConfig: Setting CVar [[r.GenerateLandscapeGIData:0]]
[2019.11.17-16.57.13:975][  0]LogConfig: Setting CVar [[r.AllowStaticLighting:1]]
[2019.11.17-16.57.13:975][  0]LogConfig: Setting CVar [[r.AllowOcclusionQueries:1]]
[2019.11.17-16.57.13:975][  0]LogConfig: Setting CVar [[r.CustomDepth:3]]
[2019.11.17-16.57.13:975][  0]LogConfig: Applying CVar settings from Section [/Script/Engine.RendererOverrideSettings] File [C:/Users/Isabel/Documents/Unreal Projects/DeadMex/Saved/Config/Windows/Engine.ini]
[2019.11.17-16.57.13:975][  0]LogConfig: Applying CVar settings from Section [/Script/Engine.StreamingSettings] File [C:/Users/Isabel/Documents/Unreal Projects/DeadMex/Saved/Config/Windows/Engine.ini]
[2019.11.17-16.57.13:975][  0]LogConfig: Setting CVar [[s.MinBulkDataSizeForAsyncLoading:131072]]
[2019.11.17-16.57.13:976][  0]LogConfig: Setting CVar [[s.AsyncLoadingThreadEnabled:0]]
[2019.11.17-16.57.13:976][  0]LogConfig: Setting CVar [[s.EventDrivenLoaderEnabled:1]]
[2019.11.17-16.57.13:976][  0]LogConfig: Setting CVar [[s.WarnIfTimeLimitExceeded:0]]
[2019.11.17-16.57.13:976][  0]LogConfig: Setting CVar [[s.TimeLimitExceededMultiplier:1.5]]
[2019.11.17-16.57.13:976][  0]LogConfig: Setting CVar [[s.TimeLimitExceededMinTime:0.005]]
[2019.11.17-16.57.13:976][  0]LogConfig: Setting CVar [[s.UseBackgroundLevelStreaming:1]]
[2019.11.17-16.57.13:976][  0]LogConfig: Setting CVar [[s.PriorityAsyncLoadingExtraTime:15.0]]
[2019.11.17-16.57.13:976][  0]LogConfig: Setting CVar [[s.LevelStreamingActorsUpdateTimeLimit:5.0]]
[2019.11.17-16.57.13:976][  0]LogConfig: Setting CVar [[s.PriorityLevelStreamingActorsUpdateExtraTime:5.0]]
[2019.11.17-16.57.13:976][  0]LogConfig: Setting CVar [[s.LevelStreamingComponentsRegistrationGranularity:10]]
[2019.11.17-16.57.13:976][  0]LogConfig: Setting CVar [[s.UnregisterComponentsTimeLimit:1.0]]
[2019.11.17-16.57.13:976][  0]LogConfig: Setting CVar [[s.LevelStreamingComponentsUnregistrationGranularity:5]]
[2019.11.17-16.57.13:976][  0]LogConfig: Applying CVar settings from Section [/Script/Engine.GarbageCollectionSettings] File [C:/Users/Isabel/Documents/Unreal Projects/DeadMex/Saved/Config/Windows/Engine.ini]
[2019.11.17-16.57.13:976][  0]LogConfig: Setting CVar [[gc.MaxObjectsNotConsideredByGC:1]]
[2019.11.17-16.57.13:976][  0]LogConfig: Setting CVar [[gc.SizeOfPermanentObjectPool:0]]
[2019.11.17-16.57.13:976][  0]LogConfig: Setting CVar [[gc.FlushStreamingOnGC:0]]
[2019.11.17-16.57.13:976][  0]LogConfig: Setting CVar [[gc.NumRetriesBeforeForcingGC:10]]
[2019.11.17-16.57.13:976][  0]LogConfig: Setting CVar [[gc.AllowParallelGC:1]]
[2019.11.17-16.57.13:976][  0]LogConfig: Setting CVar [[gc.TimeBetweenPurgingPendingKillObjects:61.1]]
[2019.11.17-16.57.13:976][  0]LogConfig: Setting CVar [[gc.MaxObjectsInEditor:8388607]]
[2019.11.17-16.57.13:976][  0]LogConfig: Setting CVar [[gc.IncrementalBeginDestroyEnabled:1]]
[2019.11.17-16.57.13:976][  0]LogConfig: Setting CVar [[gc.CreateGCClusters:1]]
[2019.11.17-16.57.13:976][  0]LogConfig: Setting CVar [[gc.MergeGCClusters:0]]
[2019.11.17-16.57.13:976][  0]LogConfig: Setting CVar [[gc.MinGCClusterSize:5]]
[2019.11.17-16.57.13:976][  0]LogConfig: Setting CVar [[gc.ActorClusteringEnabled:0]]
[2019.11.17-16.57.13:976][  0]LogConfig: Setting CVar [[gc.BlueprintClusteringEnabled:0]]
[2019.11.17-16.57.13:976][  0]LogConfig: Setting CVar [[gc.UseDisregardForGCOnDedicatedServers:0]]
[2019.11.17-16.57.13:976][  0]LogConfig: Applying CVar settings from Section [/Script/Engine.NetworkSettings] File [C:/Users/Isabel/Documents/Unreal Projects/DeadMex/Saved/Config/Windows/Engine.ini]
[2019.11.17-16.57.13:976][  0]LogConfig: Applying CVar settings from Section [/Script/UnrealEd.CookerSettings] File [C:/Users/Isabel/Documents/Unreal Projects/DeadMex/Saved/Config/Windows/Engine.ini]
[2019.11.17-16.57.14:051][  0]LogConfig: Applying CVar settings from Section [ViewDistanceQuality@3] File [C:/Users/Isabel/Documents/Unreal Projects/DeadMex/Saved/Config/Windows/Scalability.ini]
[2019.11.17-16.57.14:051][  0]LogConfig: Setting CVar [[r.SkeletalMeshLODBias:0]]
[2019.11.17-16.57.14:051][  0]LogConfig: Setting CVar [[r.ViewDistanceScale:1.0]]
[2019.11.17-16.57.14:051][  0]LogConfig: Applying CVar settings from Section [AntiAliasingQuality@3] File [C:/Users/Isabel/Documents/Unreal Projects/DeadMex/Saved/Config/Windows/Scalability.ini]
[2019.11.17-16.57.14:051][  0]LogConfig: Setting CVar [[r.PostProcessAAQuality:4]]
[2019.11.17-16.57.14:051][  0]LogConfig: Applying CVar settings from Section [ShadowQuality@3] File [C:/Users/Isabel/Documents/Unreal Projects/DeadMex/Saved/Config/Windows/Scalability.ini]
[2019.11.17-16.57.14:051][  0]LogConfig: Setting CVar [[r.LightFunctionQuality:1]]
[2019.11.17-16.57.14:051][  0]LogConfig: Setting CVar [[r.ShadowQuality:5]]
[2019.11.17-16.57.14:051][  0]LogConfig: Setting CVar [[r.Shadow.CSM.MaxCascades:10]]
[2019.11.17-16.57.14:051][  0]LogConfig: Setting CVar [[r.Shadow.MaxResolution:2048]]
[2019.11.17-16.57.14:051][  0]LogConfig: Setting CVar [[r.Shadow.MaxCSMResolution:2048]]
[2019.11.17-16.57.14:051][  0]LogConfig: Setting CVar [[r.Shadow.RadiusThreshold:0.01]]
[2019.11.17-16.57.14:051][  0]LogConfig: Setting CVar [[r.Shadow.DistanceScale:1.0]]
[2019.11.17-16.57.14:051][  0]LogConfig: Setting CVar [[r.Shadow.CSM.TransitionScale:1.0]]
[2019.11.17-16.57.14:051][  0]LogConfig: Setting CVar [[r.Shadow.PreShadowResolutionFactor:1.0]]
[2019.11.17-16.57.14:051][  0]LogConfig: Setting CVar [[r.DistanceFieldShadowing:1]]
[2019.11.17-16.57.14:051][  0]LogConfig: Setting CVar [[r.DistanceFieldAO:1]]
[2019.11.17-16.57.14:051][  0]LogConfig: Setting CVar [[r.AOQuality:2]]
[2019.11.17-16.57.14:051][  0]LogConfig: Setting CVar [[r.VolumetricFog:1]]
[2019.11.17-16.57.14:051][  0]LogConfig: Setting CVar [[r.VolumetricFog.GridPixelSize:8]]
[2019.11.17-16.57.14:051][  0]LogConfig: Setting CVar [[r.VolumetricFog.GridSizeZ:128]]
[2019.11.17-16.57.14:051][  0]LogConfig: Setting CVar [[r.VolumetricFog.HistoryMissSupersampleCount:4]]
[2019.11.17-16.57.14:051][  0]LogConfig: Setting CVar [[r.LightMaxDrawDistanceScale:1]]
[2019.11.17-16.57.14:051][  0]LogConfig: Setting CVar [[r.CapsuleShadows:1]]
[2019.11.17-16.57.14:051][  0]LogConfig: Applying CVar settings from Section [PostProcessQuality@3] File [C:/Users/Isabel/Documents/Unreal Projects/DeadMex/Saved/Config/Windows/Scalability.ini]
[2019.11.17-16.57.14:051][  0]LogConfig: Setting CVar [[r.MotionBlurQuality:4]]
[2019.11.17-16.57.14:052][  0]LogConfig: Setting CVar [[r.AmbientOcclusionMipLevelFactor:0.4]]
[2019.11.17-16.57.14:052][  0]LogConfig: Setting CVar [[r.AmbientOcclusionMaxQuality:100]]
[2019.11.17-16.57.14:052][  0]LogConfig: Setting CVar [[r.AmbientOcclusionLevels:-1]]
[2019.11.17-16.57.14:052][  0]LogConfig: Setting CVar [[r.AmbientOcclusionRadiusScale:1.0]]
[2019.11.17-16.57.14:052][  0]LogConfig: Setting CVar [[r.DepthOfFieldQuality:2]]
[2019.11.17-16.57.14:052][  0]LogConfig: Setting CVar [[r.RenderTargetPoolMin:400]]
[2019.11.17-16.57.14:052][  0]LogConfig: Setting CVar [[r.LensFlareQuality:2]]
[2019.11.17-16.57.14:052][  0]LogConfig: Setting CVar [[r.SceneColorFringeQuality:1]]
[2019.11.17-16.57.14:052][  0]LogConfig: Setting CVar [[r.EyeAdaptationQuality:2]]
[2019.11.17-16.57.14:052][  0]LogConfig: Setting CVar [[r.BloomQuality:5]]
[2019.11.17-16.57.14:052][  0]LogConfig: Setting CVar [[r.FastBlurThreshold:100]]
[2019.11.17-16.57.14:052][  0]LogConfig: Setting CVar [[r.Upscale.Quality:3]]
[2019.11.17-16.57.14:052][  0]LogConfig: Setting CVar [[r.Tonemapper.GrainQuantization:1]]
[2019.11.17-16.57.14:052][  0]LogConfig: Setting CVar [[r.LightShaftQuality:1]]
[2019.11.17-16.57.14:052][  0]LogConfig: Setting CVar [[r.Filter.SizeScale:1]]
[2019.11.17-16.57.14:052][  0]LogConfig: Setting CVar [[r.Tonemapper.Quality:5]]
[2019.11.17-16.57.14:052][  0]LogConfig: Setting CVar [[r.DOF.Gather.AccumulatorQuality:1        ; higher gathering accumulator quality]]
[2019.11.17-16.57.14:052][  0]LogConfig: Setting CVar [[r.DOF.Gather.PostfilterMethod:1          ; Median3x3 postfilering method]]
[2019.11.17-16.57.14:052][  0]LogConfig: Setting CVar [[r.DOF.Gather.EnableBokehSettings:0       ; no bokeh simulation when gathering]]
[2019.11.17-16.57.14:052][  0]LogConfig: Setting CVar [[r.DOF.Gather.RingCount:4                 ; medium number of samples when gathering]]
[2019.11.17-16.57.14:052][  0]LogConfig: Setting CVar [[r.DOF.Scatter.ForegroundCompositing:1    ; additive foreground scattering]]
[2019.11.17-16.57.14:052][  0]LogConfig: Setting CVar [[r.DOF.Scatter.BackgroundCompositing:2    ; additive background scattering]]
[2019.11.17-16.57.14:052][  0]LogConfig: Setting CVar [[r.DOF.Scatter.EnableBokehSettings:1      ; bokeh simulation when scattering]]
[2019.11.17-16.57.14:052][  0]LogConfig: Setting CVar [[r.DOF.Scatter.MaxSpriteRatio:0.1         ; only a maximum of 10% of scattered bokeh]]
[2019.11.17-16.57.14:052][  0]LogConfig: Setting CVar [[r.DOF.Recombine.Quality:1                ; cheap slight out of focus]]
[2019.11.17-16.57.14:052][  0]LogConfig: Setting CVar [[r.DOF.Recombine.EnableBokehSettings:0    ; no bokeh simulation on slight out of focus]]
[2019.11.17-16.57.14:052][  0]LogConfig: Setting CVar [[r.DOF.TemporalAAQuality:1                ; more stable temporal accumulation]]
[2019.11.17-16.57.14:052][  0]LogConfig: Setting CVar [[r.DOF.Kernel.MaxForegroundRadius:0.025]]
[2019.11.17-16.57.14:052][  0]LogConfig: Setting CVar [[r.DOF.Kernel.MaxBackgroundRadius:0.025]]
[2019.11.17-16.57.14:052][  0]LogConfig: Applying CVar settings from Section [TextureQuality@3] File [C:/Users/Isabel/Documents/Unreal Projects/DeadMex/Saved/Config/Windows/Scalability.ini]
[2019.11.17-16.57.14:052][  0]LogConfig: Setting CVar [[r.Streaming.MipBias:0]]
[2019.11.17-16.57.14:052][  0]LogConfig: Setting CVar [[r.Streaming.AmortizeCPUToGPUCopy:0]]
[2019.11.17-16.57.14:052][  0]LogConfig: Setting CVar [[r.Streaming.MaxNumTexturesToStreamPerFrame:0]]
[2019.11.17-16.57.14:052][  0]LogConfig: Setting CVar [[r.Streaming.Boost:1]]
[2019.11.17-16.57.14:052][  0]LogConfig: Setting CVar [[r.MaxAnisotropy:8]]
[2019.11.17-16.57.14:052][  0]LogConfig: Setting CVar [[r.Streaming.LimitPoolSizeToVRAM:0]]
[2019.11.17-16.57.14:052][  0]LogConfig: Setting CVar [[r.Streaming.PoolSize:1000]]
[2019.11.17-16.57.14:052][  0]LogConfig: Setting CVar [[r.Streaming.MaxEffectiveScreenSize:0]]
[2019.11.17-16.57.14:052][  0]LogConfig: Applying CVar settings from Section [EffectsQuality@3] File [C:/Users/Isabel/Documents/Unreal Projects/DeadMex/Saved/Config/Windows/Scalability.ini]
[2019.11.17-16.57.14:052][  0]LogConfig: Setting CVar [[r.TranslucencyLightingVolumeDim:64]]
[2019.11.17-16.57.14:052][  0]LogConfig: Setting CVar [[r.RefractionQuality:2]]
[2019.11.17-16.57.14:052][  0]LogConfig: Setting CVar [[r.SSR.Quality:3]]
[2019.11.17-16.57.14:052][  0]LogConfig: Setting CVar [[r.SceneColorFormat:4]]
[2019.11.17-16.57.14:052][  0]LogConfig: Setting CVar [[r.DetailMode:2]]
[2019.11.17-16.57.14:052][  0]LogConfig: Setting CVar [[r.TranslucencyVolumeBlur:1]]
[2019.11.17-16.57.14:052][  0]LogConfig: Setting CVar [[r.MaterialQualityLevel:1 ; High quality]]
[2019.11.17-16.57.14:052][  0]LogConfig: Setting CVar [[r.SSS.Scale:1]]
[2019.11.17-16.57.14:052][  0]LogConfig: Setting CVar [[r.SSS.SampleSet:2]]
[2019.11.17-16.57.14:052][  0]LogConfig: Setting CVar [[r.SSS.Quality:1]]
[2019.11.17-16.57.14:052][  0]LogConfig: Setting CVar [[r.SSS.HalfRes:1]]
[2019.11.17-16.57.14:052][  0]LogConfig: Setting CVar [[r.EmitterSpawnRateScale:1.0]]
[2019.11.17-16.57.14:052][  0]LogConfig: Setting CVar [[r.ParticleLightQuality:2]]
[2019.11.17-16.57.14:052][  0]LogConfig: Applying CVar settings from Section [FoliageQuality@3] File [C:/Users/Isabel/Documents/Unreal Projects/DeadMex/Saved/Config/Windows/Scalability.ini]
[2019.11.17-16.57.14:052][  0]LogConfig: Setting CVar [[foliage.DensityScale:1.0]]
[2019.11.17-16.57.14:052][  0]LogConfig: Setting CVar [[grass.DensityScale:1.0]]
[2019.11.17-16.57.14:063][  0]LogInit: Selected Device Profile: [Windows]
[2019.11.17-16.57.14:063][  0]LogInit: Applying CVar settings loaded from the selected device profile: [Windows]
[2019.11.17-16.57.14:115][  0]LogHAL: Display: Platform has ~ 8 GB [8449703936 / 8589934592 / 8], which maps to Default [LargestMinGB=32, LargerMinGB=12, DefaultMinGB=8, SmallerMinGB=6, SmallestMinGB=0)
[2019.11.17-16.57.14:122][  0]LogConfig: Setting CVar [[r.Vulkan.UseRealUBs:1]]
[2019.11.17-16.57.14:122][  0]LogInit: Going up to parent DeviceProfile []
[2019.11.17-16.57.14:122][  0]LogConfig: Applying CVar settings from Section [ViewDistanceQuality@3] File [C:/Users/Isabel/Documents/Unreal Projects/DeadMex/Saved/Config/Windows/Scalability.ini]
[2019.11.17-16.57.14:122][  0]LogConfig: Setting CVar [[r.SkeletalMeshLODBias:0]]
[2019.11.17-16.57.14:122][  0]LogConfig: Setting CVar [[r.ViewDistanceScale:1.0]]
[2019.11.17-16.57.14:122][  0]LogConfig: Applying CVar settings from Section [AntiAliasingQuality@3] File [C:/Users/Isabel/Documents/Unreal Projects/DeadMex/Saved/Config/Windows/Scalability.ini]
[2019.11.17-16.57.14:122][  0]LogConfig: Setting CVar [[r.PostProcessAAQuality:4]]
[2019.11.17-16.57.14:122][  0]LogConfig: Applying CVar settings from Section [ShadowQuality@3] File [C:/Users/Isabel/Documents/Unreal Projects/DeadMex/Saved/Config/Windows/Scalability.ini]
[2019.11.17-16.57.14:122][  0]LogConfig: Setting CVar [[r.LightFunctionQuality:1]]
[2019.11.17-16.57.14:122][  0]LogConfig: Setting CVar [[r.ShadowQuality:5]]
[2019.11.17-16.57.14:122][  0]LogConfig: Setting CVar [[r.Shadow.CSM.MaxCascades:10]]
[2019.11.17-16.57.14:122][  0]LogConfig: Setting CVar [[r.Shadow.MaxResolution:2048]]
[2019.11.17-16.57.14:122][  0]LogConfig: Setting CVar [[r.Shadow.MaxCSMResolution:2048]]
[2019.11.17-16.57.14:122][  0]LogConfig: Setting CVar [[r.Shadow.RadiusThreshold:0.01]]
[2019.11.17-16.57.14:122][  0]LogConfig: Setting CVar [[r.Shadow.DistanceScale:1.0]]
[2019.11.17-16.57.14:122][  0]LogConfig: Setting CVar [[r.Shadow.CSM.TransitionScale:1.0]]
[2019.11.17-16.57.14:122][  0]LogConfig: Setting CVar [[r.Shadow.PreShadowResolutionFactor:1.0]]
[2019.11.17-16.57.14:122][  0]LogConfig: Setting CVar [[r.DistanceFieldShadowing:1]]
[2019.11.17-16.57.14:122][  0]LogConfig: Setting CVar [[r.DistanceFieldAO:1]]
[2019.11.17-16.57.14:122][  0]LogConfig: Setting CVar [[r.AOQuality:2]]
[2019.11.17-16.57.14:122][  0]LogConfig: Setting CVar [[r.VolumetricFog:1]]
[2019.11.17-16.57.14:122][  0]LogConfig: Setting CVar [[r.VolumetricFog.GridPixelSize:8]]
[2019.11.17-16.57.14:122][  0]LogConfig: Setting CVar [[r.VolumetricFog.GridSizeZ:128]]
[2019.11.17-16.57.14:122][  0]LogConfig: Setting CVar [[r.VolumetricFog.HistoryMissSupersampleCount:4]]
[2019.11.17-16.57.14:122][  0]LogConfig: Setting CVar [[r.LightMaxDrawDistanceScale:1]]
[2019.11.17-16.57.14:122][  0]LogConfig: Setting CVar [[r.CapsuleShadows:1]]
[2019.11.17-16.57.14:122][  0]LogConfig: Applying CVar settings from Section [PostProcessQuality@3] File [C:/Users/Isabel/Documents/Unreal Projects/DeadMex/Saved/Config/Windows/Scalability.ini]
[2019.11.17-16.57.14:122][  0]LogConfig: Setting CVar [[r.MotionBlurQuality:4]]
[2019.11.17-16.57.14:122][  0]LogConfig: Setting CVar [[r.AmbientOcclusionMipLevelFactor:0.4]]
[2019.11.17-16.57.14:122][  0]LogConfig: Setting CVar [[r.AmbientOcclusionMaxQuality:100]]
[2019.11.17-16.57.14:122][  0]LogConfig: Setting CVar [[r.AmbientOcclusionLevels:-1]]
[2019.11.17-16.57.14:122][  0]LogConfig: Setting CVar [[r.AmbientOcclusionRadiusScale:1.0]]
[2019.11.17-16.57.14:122][  0]LogConfig: Setting CVar [[r.DepthOfFieldQuality:2]]
[2019.11.17-16.57.14:122][  0]LogConfig: Setting CVar [[r.RenderTargetPoolMin:400]]
[2019.11.17-16.57.14:122][  0]LogConfig: Setting CVar [[r.LensFlareQuality:2]]
[2019.11.17-16.57.14:122][  0]LogConfig: Setting CVar [[r.SceneColorFringeQuality:1]]
[2019.11.17-16.57.14:122][  0]LogConfig: Setting CVar [[r.EyeAdaptationQuality:2]]
[2019.11.17-16.57.14:122][  0]LogConfig: Setting CVar [[r.BloomQuality:5]]
[2019.11.17-16.57.14:122][  0]LogConfig: Setting CVar [[r.FastBlurThreshold:100]]
[2019.11.17-16.57.14:122][  0]LogConfig: Setting CVar [[r.Upscale.Quality:3]]
[2019.11.17-16.57.14:122][  0]LogConfig: Setting CVar [[r.Tonemapper.GrainQuantization:1]]
[2019.11.17-16.57.14:122][  0]LogConfig: Setting CVar [[r.LightShaftQuality:1]]
[2019.11.17-16.57.14:122][  0]LogConfig: Setting CVar [[r.Filter.SizeScale:1]]
[2019.11.17-16.57.14:122][  0]LogConfig: Setting CVar [[r.Tonemapper.Quality:5]]
[2019.11.17-16.57.14:122][  0]LogConfig: Setting CVar [[r.DOF.Gather.AccumulatorQuality:1        ; higher gathering accumulator quality]]
[2019.11.17-16.57.14:122][  0]LogConfig: Setting CVar [[r.DOF.Gather.PostfilterMethod:1          ; Median3x3 postfilering method]]
[2019.11.17-16.57.14:122][  0]LogConfig: Setting CVar [[r.DOF.Gather.EnableBokehSettings:0       ; no bokeh simulation when gathering]]
[2019.11.17-16.57.14:122][  0]LogConfig: Setting CVar [[r.DOF.Gather.RingCount:4                 ; medium number of samples when gathering]]
[2019.11.17-16.57.14:122][  0]LogConfig: Setting CVar [[r.DOF.Scatter.ForegroundCompositing:1    ; additive foreground scattering]]
[2019.11.17-16.57.14:122][  0]LogConfig: Setting CVar [[r.DOF.Scatter.BackgroundCompositing:2    ; additive background scattering]]
[2019.11.17-16.57.14:122][  0]LogConfig: Setting CVar [[r.DOF.Scatter.EnableBokehSettings:1      ; bokeh simulation when scattering]]
[2019.11.17-16.57.14:122][  0]LogConfig: Setting CVar [[r.DOF.Scatter.MaxSpriteRatio:0.1         ; only a maximum of 10% of scattered bokeh]]
[2019.11.17-16.57.14:122][  0]LogConfig: Setting CVar [[r.DOF.Recombine.Quality:1                ; cheap slight out of focus]]
[2019.11.17-16.57.14:122][  0]LogConfig: Setting CVar [[r.DOF.Recombine.EnableBokehSettings:0    ; no bokeh simulation on slight out of focus]]
[2019.11.17-16.57.14:122][  0]LogConfig: Setting CVar [[r.DOF.TemporalAAQuality:1                ; more stable temporal accumulation]]
[2019.11.17-16.57.14:122][  0]LogConfig: Setting CVar [[r.DOF.Kernel.MaxForegroundRadius:0.025]]
[2019.11.17-16.57.14:122][  0]LogConfig: Setting CVar [[r.DOF.Kernel.MaxBackgroundRadius:0.025]]
[2019.11.17-16.57.14:122][  0]LogConfig: Applying CVar settings from Section [TextureQuality@3] File [C:/Users/Isabel/Documents/Unreal Projects/DeadMex/Saved/Config/Windows/Scalability.ini]
[2019.11.17-16.57.14:122][  0]LogConfig: Setting CVar [[r.Streaming.MipBias:0]]
[2019.11.17-16.57.14:122][  0]LogConfig: Setting CVar [[r.Streaming.AmortizeCPUToGPUCopy:0]]
[2019.11.17-16.57.14:122][  0]LogConfig: Setting CVar [[r.Streaming.MaxNumTexturesToStreamPerFrame:0]]
[2019.11.17-16.57.14:123][  0]LogConfig: Setting CVar [[r.Streaming.Boost:1]]
[2019.11.17-16.57.14:123][  0]LogConfig: Setting CVar [[r.MaxAnisotropy:8]]
[2019.11.17-16.57.14:123][  0]LogConfig: Setting CVar [[r.Streaming.LimitPoolSizeToVRAM:0]]
[2019.11.17-16.57.14:123][  0]LogConfig: Setting CVar [[r.Streaming.PoolSize:1000]]
[2019.11.17-16.57.14:123][  0]LogConfig: Setting CVar [[r.Streaming.MaxEffectiveScreenSize:0]]
[2019.11.17-16.57.14:123][  0]LogConfig: Applying CVar settings from Section [EffectsQuality@3] File [C:/Users/Isabel/Documents/Unreal Projects/DeadMex/Saved/Config/Windows/Scalability.ini]
[2019.11.17-16.57.14:123][  0]LogConfig: Setting CVar [[r.TranslucencyLightingVolumeDim:64]]
[2019.11.17-16.57.14:123][  0]LogConfig: Setting CVar [[r.RefractionQuality:2]]
[2019.11.17-16.57.14:123][  0]LogConfig: Setting CVar [[r.SSR.Quality:3]]
[2019.11.17-16.57.14:123][  0]LogConfig: Setting CVar [[r.SceneColorFormat:4]]
[2019.11.17-16.57.14:123][  0]LogConfig: Setting CVar [[r.DetailMode:2]]
[2019.11.17-16.57.14:123][  0]LogConfig: Setting CVar [[r.TranslucencyVolumeBlur:1]]
[2019.11.17-16.57.14:123][  0]LogConfig: Setting CVar [[r.MaterialQualityLevel:1 ; High quality]]
[2019.11.17-16.57.14:123][  0]LogConfig: Setting CVar [[r.SSS.Scale:1]]
[2019.11.17-16.57.14:123][  0]LogConfig: Setting CVar [[r.SSS.SampleSet:2]]
[2019.11.17-16.57.14:123][  0]LogConfig: Setting CVar [[r.SSS.Quality:1]]
[2019.11.17-16.57.14:123][  0]LogConfig: Setting CVar [[r.SSS.HalfRes:1]]
[2019.11.17-16.57.14:123][  0]LogConfig: Setting CVar [[r.EmitterSpawnRateScale:1.0]]
[2019.11.17-16.57.14:123][  0]LogConfig: Setting CVar [[r.ParticleLightQuality:2]]
[2019.11.17-16.57.14:123][  0]LogConfig: Applying CVar settings from Section [FoliageQuality@3] File [C:/Users/Isabel/Documents/Unreal Projects/DeadMex/Saved/Config/Windows/Scalability.ini]
[2019.11.17-16.57.14:123][  0]LogConfig: Setting CVar [[foliage.DensityScale:1.0]]
[2019.11.17-16.57.14:123][  0]LogConfig: Setting CVar [[grass.DensityScale:1.0]]
[2019.11.17-16.57.14:123][  0]LogConfig: Applying CVar settings from Section [Startup] File [../../../Engine/Config/ConsoleVariables.ini]
[2019.11.17-16.57.14:139][  0]LogConfig: Setting CVar [[net.UseAdaptiveNetUpdateFrequency:0]]
[2019.11.17-16.57.14:139][  0]LogConfig: Applying CVar settings from Section [ConsoleVariables] File [C:/Users/Isabel/Documents/Unreal Projects/DeadMex/Saved/Config/Windows/Engine.ini]
[2019.11.17-16.57.14:192][  0]LogInit: Computer: DESKTOP-KBCBRJV
[2019.11.17-16.57.14:192][  0]LogInit: User: Isabel
[2019.11.17-16.57.14:192][  0]LogInit: CPU Page size=4096, Cores=4
[2019.11.17-16.57.14:192][  0]LogInit: High frequency timer resolution =10.000000 MHz
[2019.11.17-16.57.14:193][  0]LogMemory: Memory total: Physical=7.9GB (8GB approx)
[2019.11.17-16.57.14:193][  0]LogMemory: Platform Memory Stats for Windows
[2019.11.17-16.57.14:193][  0]LogMemory: Process Physical Memory: 102.94 MB used, 102.95 MB peak
[2019.11.17-16.57.14:193][  0]LogMemory: Process Virtual Memory: 93.25 MB used, 93.25 MB peak
[2019.11.17-16.57.14:193][  0]LogMemory: Physical Memory: 4370.25 MB used,  3688.02 MB free, 8058.27 MB total
[2019.11.17-16.57.14:193][  0]LogMemory: Virtual Memory: 4635.69 MB used,  134213096.00 MB free, 134217728.00 MB total
[2019.11.17-16.57.15:743][  0]LogInit: Using OS detected language (es-ES).
[2019.11.17-16.57.15:743][  0]LogInit: Using OS detected locale (es-MX).
[2019.11.17-16.57.15:858][  0]LogTextLocalizationManager: No specific localization for 'es-ES' exists, so the 'es' localization will be used.
[2019.11.17-16.57.17:261][  0]LogStreaming: Display: Took  1.492s to InitEngineTextLocalization.
[2019.11.17-16.57.17:279][  0]LogInit: Setting process to per monitor DPI aware
[2019.11.17-16.57.18:334][  0]LogSlate: New Slate User Created.  User Index 0, Is Virtual User: 0
[2019.11.17-16.57.18:334][  0]LogSlate: Slate User Registered.  User Index 0, Is Virtual User: 0
[2019.11.17-16.57.25:986][  0]LogD3D11RHI: D3D11 adapters:
[2019.11.17-16.57.26:176][  0]LogD3D11RHI:    0. 'NVIDIA GeForce GTX 1050 Ti' (Feature Level 11_0)
[2019.11.17-16.57.26:176][  0]LogD3D11RHI:       4018/0/4029 MB DedicatedVideo/DedicatedSystem/SharedSystem, Outputs:1, VendorId:0x10de
[2019.11.17-16.57.26:238][  0]LogD3D11RHI:    1. 'Intel(R) HD Graphics 630' (Feature Level 11_0)
[2019.11.17-16.57.26:238][  0]LogD3D11RHI:       128/0/4029 MB DedicatedVideo/DedicatedSystem/SharedSystem, Outputs:0, VendorId:0x8086
[2019.11.17-16.57.26:240][  0]LogD3D11RHI:    2. 'Microsoft Basic Render Driver' (Feature Level 11_0)
[2019.11.17-16.57.26:240][  0]LogD3D11RHI:       0/0/4029 MB DedicatedVideo/DedicatedSystem/SharedSystem, Outputs:0, VendorId:0x1414
[2019.11.17-16.57.26:240][  0]LogD3D11RHI: Chosen D3D11 Adapter: 0
[2019.11.17-16.57.26:273][  0]LogD3D11RHI: Creating new Direct3DDevice
[2019.11.17-16.57.26:273][  0]LogD3D11RHI:     GPU DeviceId: 0x1c8c (for the marketing name, search the web for "GPU Device Id")
[2019.11.17-16.57.26:273][  0]LogWindows: EnumDisplayDevices:
[2019.11.17-16.57.26:273][  0]LogWindows:    0. 'Intel(R) HD Graphics 630' (P:1 D:1)
[2019.11.17-16.57.26:273][  0]LogWindows:    1. 'Intel(R) HD Graphics 630' (P:0 D:0)
[2019.11.17-16.57.26:274][  0]LogWindows:    2. 'Intel(R) HD Graphics 630' (P:0 D:0)
[2019.11.17-16.57.26:275][  0]LogWindows:    3. 'NVIDIA GeForce GTX 1050 Ti' (P:0 D:0)
[2019.11.17-16.57.26:275][  0]LogWindows: DebugString: PrimaryIsNotTheChoosenAdapter PrimaryIsNotTheChoosenAdapter PrimaryIsNotTheChoosenAdapter 
[2019.11.17-16.57.26:275][  0]LogD3D11RHI:     Adapter Name: NVIDIA GeForce GTX 1050 Ti
[2019.11.17-16.57.26:275][  0]LogD3D11RHI:   Driver Version: 425.45 (internal:25.21.14.2545, unified:425.45)
[2019.11.17-16.57.26:275][  0]LogD3D11RHI:      Driver Date: 4-23-2019
[2019.11.17-16.57.26:276][  0]LogRHI: Texture pool is 2812 MB (70% of 4018 MB)
[2019.11.17-16.57.26:533][  0]LogD3D11RHI: Async texture creation enabled
[2019.11.17-16.57.27:061][  0]LogD3D11RHI: GPU Timing Frequency: 1000.000000 (Debug: 2 3)
[2019.11.17-16.57.29:286][  0]LogTemp: Display: Loaded TP AllDesktopTargetPlatform
[2019.11.17-16.57.29:313][  0]LogTemp: Display: Loaded TP MacClientTargetPlatform
[2019.11.17-16.57.29:374][  0]LogTemp: Display: Loaded TP MacNoEditorTargetPlatform
[2019.11.17-16.57.29:400][  0]LogTemp: Display: Loaded TP MacServerTargetPlatform
[2019.11.17-16.57.29:467][  0]LogTemp: Display: Loaded TP MacTargetPlatform
[2019.11.17-16.57.29:509][  0]LogTemp: Display: Loaded TP WindowsClientTargetPlatform
[2019.11.17-16.57.29:547][  0]LogTemp: Display: Loaded TP WindowsNoEditorTargetPlatform
[2019.11.17-16.57.29:570][  0]LogTemp: Display: Loaded TP WindowsServerTargetPlatform
[2019.11.17-16.57.29:640][  0]LogTemp: Display: Loaded TP WindowsTargetPlatform
[2019.11.17-16.57.29:804][  0]LogTemp: Display: Loaded TP AndroidTargetPlatform
[2019.11.17-16.57.29:804][  0]LogTemp: Display: Loaded TP AndroidTargetPlatform
[2019.11.17-16.57.29:804][  0]LogTemp: Display: Loaded TP AndroidTargetPlatform
[2019.11.17-16.57.29:804][  0]LogTemp: Display: Loaded TP AndroidTargetPlatform
[2019.11.17-16.57.29:804][  0]LogTemp: Display: Loaded TP AndroidTargetPlatform
[2019.11.17-16.57.29:804][  0]LogTemp: Display: Loaded TP AndroidTargetPlatform
[2019.11.17-16.57.29:804][  0]LogTemp: Display: Loaded TP AndroidTargetPlatform
[2019.11.17-16.57.29:804][  0]LogTemp: Display: Loaded TP AndroidTargetPlatform
[2019.11.17-16.57.29:804][  0]LogTemp: Display: Loaded TP AndroidTargetPlatform
[2019.11.17-16.57.29:804][  0]LogTemp: Display: Loaded TP AndroidTargetPlatform
[2019.11.17-16.57.29:804][  0]LogTemp: Display: Loaded TP AndroidTargetPlatform
[2019.11.17-16.57.29:804][  0]LogTemp: Display: Loaded TP AndroidTargetPlatform
[2019.11.17-16.57.29:804][  0]LogTemp: Display: Loaded TP AndroidTargetPlatform
[2019.11.17-16.57.29:804][  0]LogTemp: Display: Loaded TP AndroidTargetPlatform
[2019.11.17-16.57.29:804][  0]LogTemp: Display: Loaded TP AndroidTargetPlatform
[2019.11.17-16.57.29:804][  0]LogTemp: Display: Loaded TP AndroidTargetPlatform
[2019.11.17-16.57.29:804][  0]LogTemp: Display: Loaded TP AndroidTargetPlatform
[2019.11.17-16.57.29:804][  0]LogTemp: Display: Loaded TP AndroidTargetPlatform
[2019.11.17-16.57.29:867][  0]LogTemp: Display: Loaded TP HTML5TargetPlatform
[2019.11.17-16.57.30:016][  0]LogTemp: Display: Loaded TP IOSTargetPlatform
[2019.11.17-16.57.30:016][  0]LogTemp: Display: Loaded TP IOSTargetPlatform
[2019.11.17-16.57.30:058][  0]LogTemp: Display: Loaded TP TVOSTargetPlatform
[2019.11.17-16.57.30:058][  0]LogTemp: Display: Loaded TP TVOSTargetPlatform
[2019.11.17-16.57.30:081][  0]LogTemp: Display: Loaded TP LinuxClientTargetPlatform
[2019.11.17-16.57.30:097][  0]LogTemp: Display: Loaded TP LinuxNoEditorTargetPlatform
[2019.11.17-16.57.30:114][  0]LogTemp: Display: Loaded TP LinuxServerTargetPlatform
[2019.11.17-16.57.30:145][  0]LogTemp: Display: Loaded TP LinuxTargetPlatform
[2019.11.17-16.57.30:237][  0]LogTemp: Display: Loaded TP LuminTargetPlatform
[2019.11.17-16.57.30:237][  0]LogTemp: Display: Loaded TP LuminTargetPlatform
[2019.11.17-16.57.30:237][  0]LogTargetPlatformManager: Display: Building Assets For Windows
[2019.11.17-16.57.31:149][  0]LogShaderCompilers: Guid format shader working directory is -18 characters bigger than the processId version (../../../../../../Users/Isabel/Documents/Unreal Projects/DeadMex/Intermediate/Shaders/WorkingDirectory/13824/).
[2019.11.17-16.57.31:149][  0]LogShaderCompilers: Cleaned the shader compiler working directory 'C:/Users/Isabel/AppData/Local/Temp/UnrealShaderWorkingDir/044FFF2E46B3725EA364A6B71A17131A/'.
[2019.11.17-16.57.31:162][  0]LogXGEController: Cleaning working directory: C:/Users/Isabel/AppData/Local/Temp/UnrealXGEWorkingDir/
[2019.11.17-16.57.31:162][  0]LogXGEController: Cannot use XGE Controller as Incredibuild is not installed on this machine.
[2019.11.17-16.57.31:162][  0]LogShaderCompilers: Cannot use XGE Shader Compiler as Incredibuild is not installed on this machine.
[2019.11.17-16.57.31:162][  0]LogShaderCompilers: Display: Using Local Shader Compiler.
[2019.11.17-16.57.37:530][  0]LogDerivedDataCache: Display: Max Cache Size: 512 MB
[2019.11.17-16.57.38:766][  0]LogDerivedDataCache: Loaded boot cache 1.20s 75MB C:/Users/Isabel/AppData/Local/UnrealEngine/4.21/DerivedDataCache/Boot.ddc.
[2019.11.17-16.57.38:766][  0]LogDerivedDataCache: Display: Loaded Boot cache: C:/Users/Isabel/AppData/Local/UnrealEngine/4.21/DerivedDataCache/Boot.ddc
[2019.11.17-16.57.38:766][  0]LogDerivedDataCache: FDerivedDataBackendGraph:  Pak pak cache file ../../../../../../Users/Isabel/Documents/Unreal Projects/DeadMex/DerivedDataCache/DDC.ddp not found, will not use a pak cache.
[2019.11.17-16.57.38:766][  0]LogDerivedDataCache: Unable to find inner node Pak for hierarchical cache Hierarchy.
[2019.11.17-16.57.38:766][  0]LogDerivedDataCache: FDerivedDataBackendGraph:  CompressedPak pak cache file ../../../../../../Users/Isabel/Documents/Unreal Projects/DeadMex/DerivedDataCache/Compressed.ddp not found, will not use a pak cache.
[2019.11.17-16.57.38:766][  0]LogDerivedDataCache: Unable to find inner node CompressedPak for hierarchical cache Hierarchy.
[2019.11.17-16.57.38:875][  0]LogDerivedDataCache: Display: Pak cache opened for reading ../../../Engine/DerivedDataCache/Compressed.ddp.
[2019.11.17-16.57.38:875][  0]LogDerivedDataCache: FDerivedDataBackendGraph:  EnterprisePak pak cache file ../../../Enterprise/DerivedDataCache/Compressed.ddp not found, will not use a pak cache.
[2019.11.17-16.57.38:875][  0]LogDerivedDataCache: Unable to find inner node EnterprisePak for hierarchical cache Hierarchy.
[2019.11.17-16.57.38:900][  0]LogDerivedDataCache: Using Local data cache path C:/Users/Isabel/AppData/Local/UnrealEngine/Common/DerivedDataCache: Writable
[2019.11.17-16.57.38:900][  0]LogDerivedDataCache: Shared data cache path not found in *engine.ini, will not use an Shared cache.
[2019.11.17-16.57.38:900][  0]LogDerivedDataCache: Unable to find inner node Shared for hierarchical cache Hierarchy.
[2019.11.17-16.57.39:000][  0]LogMaterial: Verifying Global Shaders for PCD3D_SM5
[2019.11.17-16.57.39:081][  0]LogSlate: Using FreeType 2.6.0
[2019.11.17-16.57.39:223][  0]LogSlate: SlateFontServices - WITH_FREETYPE: 1, WITH_HARFBUZZ: 1
[2019.11.17-16.57.41:343][  0]LogAssetRegistry: FAssetRegistry took 0.0375 seconds to start up
[2019.11.17-16.57.45:603][  0]LogInit: Selected Device Profile: [Windows]
[2019.11.17-16.57.49:172][  0]LogSimplygon: Simplygon DLL not present - disabling.
[2019.11.17-16.57.49:659][  0]LogMeshReduction: Using SimplygonSwarm for distributed automatic mesh merging
[2019.11.17-16.57.49:659][  0]LogMeshReduction: Using ProxyLODMeshReduction for automatic mesh merging
[2019.11.17-16.57.49:660][  0]LogMeshReduction: Using QuadricMeshReduction for automatic static mesh reduction
[2019.11.17-16.57.49:660][  0]LogMeshReduction: No automatic skeletal mesh reduction module available
[2019.11.17-16.57.51:219][  0]LogNetVersion: DeadMex 1.0.0, NetCL: 4541578, EngineNetVer: 5, GameNetVer: 0 (Checksum: 867399904)
[2019.11.17-16.58.00:497][  0]LogPackageLocalizationCache: Processed 9 localized package path(s) for 2 prioritized culture(s) in 0.116012 seconds
[2019.11.17-16.58.00:524][  0]LogUObjectArray: 39378 objects as part of root set at end of initial load.
[2019.11.17-16.58.00:524][  0]LogUObjectAllocator: 6848232 out of 0 bytes used by permanent object pool.
[2019.11.17-16.58.00:524][  0]LogUObjectArray: CloseDisregardForGC: 0/0 objects in disregard for GC pool
[2019.11.17-16.58.41:544][  0]LogTcpMessaging: Initializing TcpMessaging bridge
[2019.11.17-16.58.41:913][  0]LogUdpMessaging: Initializing bridge on interface 0.0.0.0:0 to multicast group 230.0.0.1:6666.
[2019.11.17-16.58.45:379][  0]SourceControl: El control de código fuente está desactivado
[2019.11.17-16.58.45:380][  0]SourceControl: El control de código fuente está desactivado
[2019.11.17-16.58.45:808][  0]SourceControl: El control de código fuente está desactivado
[2019.11.17-16.58.46:029][  0]SourceControl: El control de código fuente está desactivado
[2019.11.17-16.58.51:290][  0]LogAndroidPermission: UAndroidPermissionCallbackProxy::GetInstance
[2019.11.17-16.58.55:841][  0]LogEngine: Initializing Engine...
[2019.11.17-16.58.55:974][  0]LogStats: UGameplayTagsManager::ConstructGameplayTagTree: ImportINI prefixes -  0.001 s
[2019.11.17-16.58.55:974][  0]LogStats: UGameplayTagsManager::ConstructGameplayTagTree: Construct from data asset -  0.000 s
[2019.11.17-16.58.55:974][  0]LogStats: UGameplayTagsManager::ConstructGameplayTagTree: ImportINI -  0.000 s
[2019.11.17-16.58.55:974][  0]LogStats: UGameplayTagsManager::ConstructGameplayTagTree: GameplayTagTreeChangedEvent.Broadcast -  0.000 s
[2019.11.17-16.58.56:897][  0]LogInit: Initializing FReadOnlyCVARCache
[2019.11.17-16.58.58:397][  0]LogAIModule: Creating AISystem for world Untitled
[2019.11.17-16.58.59:449][  0]LogInit: XAudio2 using 'Altavoces / Auriculares (Realtek Audio)' : 2 channels at 48 kHz using 32 bits per sample (channel mask 0x3)
[2019.11.17-16.59.00:690][  0]LogInit: FAudioDevice initialized.
[2019.11.17-16.59.00:692][  0]LogNetVersion: Set ProjectVersion to 1.0.0.0. Version Checksum will be recalculated on next use.
[2019.11.17-16.59.00:933][  0]LogDerivedDataCache: Saved boot cache 0.24s 75MB C:/Users/Isabel/AppData/Local/UnrealEngine/4.21/DerivedDataCache/Boot.ddc.
[2019.11.17-16.59.00:947][  0]LogInit: Texture streaming: Enabled
[2019.11.17-16.59.01:742][  0]LogEngineSessionManager: EngineSessionManager initialized
[2019.11.17-16.59.02:483][  0]LogInit: Transaction tracking system initialized
[2019.11.17-16.59.05:141][  0]BlueprintLog: New page: Cargar el editor
[2019.11.17-16.59.08:814][  0]LocalizationService: Localization service is disabled
[2019.11.17-16.59.14:076][  0]LogFileCache: Scanning file cache for directory 'C:/Users/Isabel/Documents/Unreal Projects/DeadMex/Content/' took 0.03s
[2019.11.17-16.59.14:076][  0]LogCook: Display: Max memory allowance for cook 16384mb min free memory 0mb
[2019.11.17-16.59.14:077][  0]LogCook: Display: Mobile HDR setting 1
[2019.11.17-16.59.14:077][  0]LogGameplayTags: Display: UGameplayTagsManager::DoneAddingNativeTags. DelegateIsBound: 0
[2019.11.17-16.59.14:077][  0]LogStats: UGameplayTagsManager::ConstructGameplayTagTree: ImportINI prefixes -  0.000 s
[2019.11.17-16.59.14:077][  0]LogStats: UGameplayTagsManager::ConstructGameplayTagTree: Construct from data asset -  0.000 s
[2019.11.17-16.59.14:077][  0]LogStats: UGameplayTagsManager::ConstructGameplayTagTree: ImportINI -  0.000 s
[2019.11.17-16.59.14:077][  0]LogStats: UGameplayTagsManager::ConstructGameplayTagTree: GameplayTagTreeChangedEvent.Broadcast -  0.000 s
[2019.11.17-16.59.20:010][  0]SourceControl: El control de código fuente está desactivado
[2019.11.17-16.59.20:068][  0]Cmd: MAP LOAD FILE="../../../../../../Users/Isabel/Documents/Unreal Projects/DeadMex/Content/FPSK/Maps/Overview.umap" TEMPLATE=0 SHOWPROGRESS=1 FEATURELEVEL=3
[2019.11.17-16.59.20:084][  0]LightingResults: New page: Diseñar la iluminación
[2019.11.17-16.59.20:593][  0]MapCheck: New page: Revisión del mapa
[2019.11.17-16.59.20:593][  0]LightingResults: New page: Diseñar la iluminación
[2019.11.17-16.59.22:899][  0]LogLinker: No puede encontrar el archivo '/Game/FPSK/Animations/Guns/A_UMP45_Draw'
[2019.11.17-16.59.22:899][  0]LogLinker: No puede encontrar el archivo '/Game/FPSK/Animations/Guns/A_UMP45_Draw'
[2019.11.17-16.59.22:900][  0]LogLinker: No puede encontrar el archivo '/Game/FPSK/Animations/Guns/A_UMP45_Withdraw'
[2019.11.17-16.59.22:900][  0]LogLinker: No puede encontrar el archivo '/Game/FPSK/Animations/Guns/A_UMP45_Withdraw'
[2019.11.17-16.59.22:900][  0]LogLinker: No puede encontrar el archivo '/Game/FPSK/Animations/Guns/A_UMP45_Reload'
[2019.11.17-16.59.22:901][  0]LogLinker: No puede encontrar el archivo '/Game/FPSK/Animations/Guns/A_UMP45_Reload'
[2019.11.17-16.59.22:901][  0]LogLinker: No puede encontrar el archivo '/Game/FPSK/Animations/Arms/A_Arms_UMP45_Reload'
[2019.11.17-16.59.22:901][  0]LogLinker: No puede encontrar el archivo '/Game/FPSK/Animations/Arms/A_Arms_UMP45_Reload'
[2019.11.17-16.59.22:903][  0]LogLinker: No puede encontrar el archivo '/Game/ShootTrace/StaticMeshes/Sights/M_Sight_Reflex'
[2019.11.17-16.59.22:903][  0]LogLinker: No puede encontrar el archivo '/Game/ShootTrace/StaticMeshes/Sights/M_Sight_Reflex'
[2019.11.17-16.59.22:903][  0]LogLinker: No puede encontrar el archivo '/Game/ShootTrace/Textures/Reticles/T_Reticle_Delta'
[2019.11.17-16.59.22:904][  0]LogLinker: No puede encontrar el archivo '/Game/ShootTrace/Textures/Reticles/T_Reticle_Delta'
[2019.11.17-16.59.26:967][  0]LogLinker: No puede encontrar el archivo '/Game/FPSK/Guns/TSR9/Paintjobs/M_TSR9_Default'
[2019.11.17-16.59.26:967][  0]LogLinker: No puede encontrar el archivo '/Game/FPSK/Guns/TSR9/Paintjobs/M_TSR9_Default'
[2019.11.17-17.00.19:263][  0]LogAIModule: Creating AISystem for world Overview
[2019.11.17-17.00.21:139][  0]LogEditorServer: Finished looking for orphan Actors (0.010 secs)
[2019.11.17-17.00.21:479][  0]Cmd: MAP CHECKDEP NOCLEARLOG
[2019.11.17-17.00.21:483][  0]MapCheck: Map check complete: 0 Error(s), 0 Warning(s), took 4.241ms to complete.
[2019.11.17-17.00.21:484][  0]LogFileHelpers: Loading map 'Overview' took 61.461
[2019.11.17-17.00.24:308][  0]LogSlate: Updating window title bar state: overlay mode, drag disabled, window buttons hidden, title bar hidden
[2019.11.17-17.00.24:317][  0]LogSlate: Updating window title bar state: overlay mode, drag disabled, window buttons hidden, title bar hidden
[2019.11.17-17.00.24:323][  0]LogSlate: Updating window title bar state: overlay mode, drag disabled, window buttons hidden, title bar hidden
[2019.11.17-17.00.24:329][  0]LogSlate: Updating window title bar state: overlay mode, drag disabled, window buttons hidden, title bar hidden
[2019.11.17-17.00.24:513][  0]LogCollectionManager: Loaded 0 collections in 0.001727 seconds
[2019.11.17-17.00.24:804][  0]LogFileCache: Scanning file cache for directory 'C:/Users/Isabel/Documents/Unreal Projects/DeadMex/Saved/Collections/' took 0.01s
[2019.11.17-17.00.24:804][  0]LogFileCache: Scanning file cache for directory 'C:/Users/Isabel/Documents/Unreal Projects/DeadMex/Content/Developers/Isabel/Collections/' took 0.01s
[2019.11.17-17.00.24:804][  0]LogFileCache: Scanning file cache for directory 'C:/Users/Isabel/Documents/Unreal Projects/DeadMex/Content/Collections/' took 0.01s
[2019.11.17-17.00.24:805][  0]LogCollectionManager: Rebuilt the GUID cache for 0 collections in 0.000001 seconds
[2019.11.17-17.00.24:838][  0]LogContentBrowser: Native class hierarchy populated in 0.0117 seconds. Added 2653 classes and 614 folders.
[2019.11.17-17.00.25:117][  0]LogContentBrowser: Native class hierarchy updated for 'WidgetCarousel' in 0.0003 seconds. Added 0 classes and 0 folders.
[2019.11.17-17.00.25:291][  0]LogPakFile: Registered encryption key '00000000000000000000000000000000': 0 pak files mounted, 0 remain pending
[2019.11.17-17.00.25:361][  0]LogPakFile: Registered encryption key '00000000000000000000000000000000': 0 pak files mounted, 0 remain pending
[2019.11.17-17.00.25:377][  0]LogPakFile: Registered encryption key '00000000000000000000000000000000': 0 pak files mounted, 0 remain pending
[2019.11.17-17.00.25:385][  0]LogPakFile: Registered encryption key '00000000000000000000000000000000': 0 pak files mounted, 0 remain pending
[2019.11.17-17.00.25:393][  0]LogPakFile: Registered encryption key '00000000000000000000000000000000': 0 pak files mounted, 0 remain pending
[2019.11.17-17.00.25:401][  0]LogPakFile: Registered encryption key '00000000000000000000000000000000': 0 pak files mounted, 0 remain pending
[2019.11.17-17.00.25:418][  0]LogPakFile: Registered encryption key '00000000000000000000000000000000': 0 pak files mounted, 0 remain pending
[2019.11.17-17.00.25:438][  0]LogPakFile: Registered encryption key '00000000000000000000000000000000': 0 pak files mounted, 0 remain pending
[2019.11.17-17.00.25:446][  0]LogPakFile: Registered encryption key '00000000000000000000000000000000': 0 pak files mounted, 0 remain pending
[2019.11.17-17.00.25:456][  0]LogPakFile: Registered encryption key '00000000000000000000000000000000': 0 pak files mounted, 0 remain pending
[2019.11.17-17.00.25:497][  0]LogPakFile: Registered encryption key '00000000000000000000000000000000': 0 pak files mounted, 0 remain pending
[2019.11.17-17.00.25:505][  0]LogPakFile: Registered encryption key '00000000000000000000000000000000': 0 pak files mounted, 0 remain pending
[2019.11.17-17.00.25:513][  0]LogPakFile: Registered encryption key '00000000000000000000000000000000': 0 pak files mounted, 0 remain pending
[2019.11.17-17.00.25:521][  0]LogPakFile: Registered encryption key '00000000000000000000000000000000': 0 pak files mounted, 0 remain pending
[2019.11.17-17.00.25:528][  0]LogPakFile: Registered encryption key '00000000000000000000000000000000': 0 pak files mounted, 0 remain pending
[2019.11.17-17.00.25:536][  0]LogPakFile: Registered encryption key '00000000000000000000000000000000': 0 pak files mounted, 0 remain pending
[2019.11.17-17.00.25:558][  0]LogPakFile: Registered encryption key '00000000000000000000000000000000': 0 pak files mounted, 0 remain pending
[2019.11.17-17.00.25:566][  0]LogPakFile: Registered encryption key '00000000000000000000000000000000': 0 pak files mounted, 0 remain pending
[2019.11.17-17.00.25:573][  0]LogPakFile: Registered encryption key '00000000000000000000000000000000': 0 pak files mounted, 0 remain pending
[2019.11.17-17.00.25:579][  0]LogPakFile: Registered encryption key '00000000000000000000000000000000': 0 pak files mounted, 0 remain pending
[2019.11.17-17.00.25:605][  0]LogPakFile: Registered encryption key '00000000000000000000000000000000': 0 pak files mounted, 0 remain pending
[2019.11.17-17.00.25:650][  0]LogPakFile: Registered encryption key '00000000000000000000000000000000': 0 pak files mounted, 0 remain pending
[2019.11.17-17.00.25:658][  0]LogPakFile: Registered encryption key '00000000000000000000000000000000': 0 pak files mounted, 0 remain pending
[2019.11.17-17.00.25:666][  0]LogPakFile: Registered encryption key '00000000000000000000000000000000': 0 pak files mounted, 0 remain pending
[2019.11.17-17.00.25:675][  0]LogPakFile: Registered encryption key '00000000000000000000000000000000': 0 pak files mounted, 0 remain pending
[2019.11.17-17.00.25:699][  0]LogPakFile: Registered encryption key '00000000000000000000000000000000': 0 pak files mounted, 0 remain pending
[2019.11.17-17.00.26:761][  0]LogContentBrowser: Native class hierarchy updated for 'AddContentDialog' in 0.0004 seconds. Added 0 classes and 0 folders.
[2019.11.17-17.00.26:831][  0]LogContentBrowser: Native class hierarchy updated for 'SceneOutliner' in 0.0006 seconds. Added 1 classes and 2 folders.
[2019.11.17-17.00.27:795][  0]LogSlate: Took 0.092597 seconds to synchronously load lazily loaded font '../../../Engine/Content/Slate/Fonts/Roboto-Regular.ttf' (155K)
[2019.11.17-17.00.27:898][  0]LogSlate: Took 0.062101 seconds to synchronously load lazily loaded font '../../../Engine/Content/Slate/Fonts/Roboto-Bold.ttf' (160K)
[2019.11.17-17.00.28:150][  0]LogSlate: Took 0.130029 seconds to synchronously load lazily loaded font '../../../Engine/Content/Editor/Slate/Fonts/FontAwesome.ttf' (139K)
[2019.11.17-17.00.29:289][  0]LogRenderer: Reallocating scene render targets to support 1208x576 Format 10 NumSamples 1 (Frame:1).
[2019.11.17-17.00.31:619][  0]LogContentBrowser: Native class hierarchy updated for 'HierarchicalLODOutliner' in 0.0003 seconds. Added 0 classes and 0 folders.
[2019.11.17-17.00.31:619][  0]LogLoad: (Engine Initialization) Total time: 228.78 seconds
[2019.11.17-17.00.31:619][  0]LogLoad: (Engine Initialization) Total Blueprint compile time: 0.00 seconds
[2019.11.17-17.00.32:435][  0]LogContentStreaming: Texture pool size now 1000 MB
[2019.11.17-17.00.32:740][  0]LogSlate: Took 0.020082 seconds to synchronously load lazily loaded font '../../../Engine/Content/Slate/Fonts/Roboto-Light.ttf' (167K)
[2019.11.17-17.00.32:914][  1]LogFileCache: Retrieving MD5 hashes for directory 'C:/Users/Isabel/Documents/Unreal Projects/DeadMex/Content/' took 0.87s
[2019.11.17-17.00.35:346][ 15]LogAssetRegistry: Asset discovery search completed in 174.0248 seconds
[2019.11.17-17.00.35:608][ 15]LogCollectionManager: Rebuilt the object cache for 0 collections in 0.000001 seconds (found 0 objects)
[2019.11.17-17.00.35:608][ 15]LogCollectionManager: Fixed up redirectors for 0 collections in 0.065346 seconds (updated 0 objects)
[2019.11.17-17.00.40:889][ 31]LogSlate: FSceneViewport::OnFocusLost() reason 0
[2019.11.17-17.00.41:201][ 33]LogSlate: Window 'DeadMex - Unreal Editor' being destroyed
[2019.11.17-17.00.41:217][ 33]LogWindowsTextInputMethodSystem: Display: IME system now deactivated.
[2019.11.17-17.00.41:884][ 34]Cmd: QUIT_EDITOR
[2019.11.17-17.00.42:401][ 34]LogExit: Preparing to exit.
[2019.11.17-17.00.43:681][ 34]LogExit: Editor shut down
[2019.11.17-17.00.43:681][ 34]LogExit: Transaction tracking system shut down
[2019.11.17-17.00.45:453][ 34]LogExit: Object subsystem successfully closed.
[2019.11.17-17.00.45:720][ 34]LogShaderCompilers: Display: Shaders left to compile 0
[2019.11.17-17.00.45:725][ 34]LogD3D11RHI: Shutdown
[2019.11.17-17.00.45:725][ 34]LogD3D11RHI: CleanupD3DDevice
[2019.11.17-17.00.45:866][ 34]LogD3D11RHI: ~FD3D11DynamicRHI
[2019.11.17-17.00.47:700][ 34]LogModuleManager: Shutting down and abandoning module HierarchicalLODOutliner (616)
[2019.11.17-17.00.47:700][ 34]LogModuleManager: Shutting down and abandoning module SceneOutliner (614)
[2019.11.17-17.00.47:702][ 34]LogModuleManager: Shutting down and abandoning module AddContentDialog (612)
[2019.11.17-17.00.47:732][ 34]LogModuleManager: Shutting down and abandoning module WidgetCarousel (611)
[2019.11.17-17.00.47:732][ 34]LogModuleManager: Shutting down and abandoning module EditorWidgets (608)
[2019.11.17-17.00.47:732][ 34]LogModuleManager: Shutting down and abandoning module CollectionManager (606)
[2019.11.17-17.00.47:773][ 34]LogModuleManager: Shutting down and abandoning module StatsViewer (604)
[2019.11.17-17.00.47:815][ 34]LogModuleManager: Shutting down and abandoning module FoliageEdit (602)
[2019.11.17-17.00.47:834][ 34]LogModuleManager: Shutting down and abandoning module LandscapeEditor (600)
[2019.11.17-17.00.47:913][ 34]LogModuleManager: Shutting down and abandoning module MeshPaintMode (598)
[2019.11.17-17.00.47:925][ 34]LogModuleManager: Shutting down and abandoning module SceneDepthPickerMode (596)
[2019.11.17-17.00.47:925][ 34]LogModuleManager: Shutting down and abandoning module ActorPickerMode (594)
[2019.11.17-17.00.47:925][ 34]LogModuleManager: Shutting down and abandoning module GeometryMode (592)
[2019.11.17-17.00.47:925][ 34]LogModuleManager: Shutting down and abandoning module TextureAlignMode (590)
[2019.11.17-17.00.47:925][ 34]LogModuleManager: Shutting down and abandoning module BspMode (588)
[2019.11.17-17.00.47:925][ 34]LogModuleManager: Shutting down and abandoning module PIEPreviewDeviceProfileSelector (586)
[2019.11.17-17.00.47:964][ 34]LogModuleManager: Shutting down and abandoning module SequenceRecorderSections (584)
[2019.11.17-17.00.47:995][ 34]LogModuleManager: Shutting down and abandoning module AutomationWorker (582)
[2019.11.17-17.00.47:995][ 34]LogModuleManager: Shutting down and abandoning module AudioCaptureEditor (580)
[2019.11.17-17.00.47:995][ 34]LogModuleManager: Shutting down and abandoning module MatineeToLevelSequence (578)
[2019.11.17-17.00.48:099][ 34]LogModuleManager: Shutting down and abandoning module LevelSequenceEditor (576)
[2019.11.17-17.00.48:135][ 34]LogModuleManager: Shutting down and abandoning module PlacementMode (575)
[2019.11.17-17.00.48:135][ 34]LogModuleManager: Shutting down and abandoning module MaterialEditor (574)
[2019.11.17-17.00.48:239][ 34]LogModuleManager: Shutting down and abandoning module WmfMediaFactory (570)
[2019.11.17-17.00.48:239][ 34]LogModuleManager: Shutting down and abandoning module WmfMediaEditor (568)
[2019.11.17-17.00.48:240][ 34]LogModuleManager: Shutting down and abandoning module WebMMediaFactory (566)
[2019.11.17-17.00.48:240][ 34]LogModuleManager: Shutting down and abandoning module WebMMediaEditor (564)
[2019.11.17-17.00.48:240][ 34]LogModuleManager: Shutting down and abandoning module WebMMedia (562)
[2019.11.17-17.00.48:247][ 34]LogModuleManager: Shutting down and abandoning module MediaPlayerEditor (560)
[2019.11.17-17.00.48:267][ 34]LogModuleManager: Shutting down and abandoning module MediaCompositingEditor (558)
[2019.11.17-17.00.48:407][ 34]LogModuleManager: Shutting down and abandoning module SequenceRecorder (557)
[2019.11.17-17.00.48:433][ 34]LogModuleManager: Shutting down and abandoning module OpenExrWrapper (554)
[2019.11.17-17.00.48:433][ 34]LogModuleManager: Shutting down and abandoning module ImgMediaFactory (552)
[2019.11.17-17.00.48:433][ 34]LogModuleManager: Shutting down and abandoning module ImgMediaEditor (550)
[2019.11.17-17.00.48:433][ 34]LogModuleManager: Shutting down and abandoning module AvfMediaFactory (548)
[2019.11.17-17.00.48:433][ 34]LogModuleManager: Shutting down and abandoning module AvfMediaEditor (546)
[2019.11.17-17.00.48:433][ 34]LogModuleManager: Shutting down and abandoning module AndroidMediaFactory (544)
[2019.11.17-17.00.48:433][ 34]LogModuleManager: Shutting down and abandoning module AndroidMediaEditor (542)
[2019.11.17-17.00.48:433][ 34]LogModuleManager: Shutting down and abandoning module MagicLeapCameraPreviewFactory (540)
[2019.11.17-17.00.48:433][ 34]LogModuleManager: Shutting down and abandoning module MagicLeapMediaFactory (538)
[2019.11.17-17.00.48:433][ 34]LogModuleManager: Shutting down and abandoning module MagicLeapMediaEditor (536)
[2019.11.17-17.00.48:433][ 34]LogModuleManager: Shutting down and abandoning module CharacterAI (534)
[2019.11.17-17.00.48:433][ 34]LogModuleManager: Shutting down and abandoning module SmartSnapping (532)
[2019.11.17-17.00.48:433][ 34]LogModuleManager: Shutting down and abandoning module SessionServices (530)
[2019.11.17-17.00.48:433][ 34]LogModuleManager: Shutting down and abandoning module ViewportSnapping (528)
[2019.11.17-17.00.48:433][ 34]LogModuleManager: Shutting down and abandoning module ViewportInteraction (526)
[2019.11.17-17.00.48:433][ 34]LogModuleManager: Shutting down and abandoning module ClothPainter (524)
[2019.11.17-17.00.48:523][ 34]LogModuleManager: Shutting down and abandoning module SkeletalMeshEditor (523)
[2019.11.17-17.00.48:555][ 34]LogModuleManager: Shutting down and abandoning module LogVisualizer (520)
[2019.11.17-17.00.48:692][ 34]LogModuleManager: Shutting down and abandoning module IntroTutorials (518)
[2019.11.17-17.00.48:777][ 34]LogModuleManager: Shutting down and abandoning module GameProjectGeneration (517)
[2019.11.17-17.00.48:820][ 34]LogModuleManager: Shutting down and abandoning module LuminPlatformEditor (514)
[2019.11.17-17.00.48:820][ 34]LogModuleManager: Shutting down and abandoning module IOSPlatformEditor (512)
[2019.11.17-17.00.48:820][ 34]LogModuleManager: Shutting down and abandoning module HTML5PlatformEditor (510)
[2019.11.17-17.00.48:820][ 34]LogModuleManager: Shutting down and abandoning module AndroidPlatformEditor (508)
[2019.11.17-17.00.48:820][ 34]LogModuleManager: Shutting down and abandoning module AndroidDeviceDetection (507)
[2019.11.17-17.00.49:859][ 34]LogModuleManager: Shutting down and abandoning module WindowsPlatformEditor (504)
[2019.11.17-17.00.49:859][ 34]LogModuleManager: Shutting down and abandoning module LuminRuntimeSettings (502)
[2019.11.17-17.00.49:859][ 34]LogModuleManager: Shutting down and abandoning module IOSRuntimeSettings (500)
[2019.11.17-17.00.49:859][ 34]LogModuleManager: Shutting down and abandoning module AndroidRuntimeSettings (498)
[2019.11.17-17.00.49:859][ 34]LogModuleManager: Shutting down and abandoning module TimeManagementEditor (496)
[2019.11.17-17.00.49:859][ 34]LogModuleManager: Shutting down and abandoning module InputBindingEditor (494)
[2019.11.17-17.00.49:885][ 34]LogModuleManager: Shutting down and abandoning module MergeActors (492)
[2019.11.17-17.00.49:900][ 34]LogModuleManager: Shutting down and abandoning module LocalizationDashboard (490)
[2019.11.17-17.00.49:927][ 34]LogModuleManager: Shutting down and abandoning module LocalizationService (489)
[2019.11.17-17.00.49:940][ 34]LogModuleManager: Shutting down and abandoning module HardwareTargeting (486)
[2019.11.17-17.00.49:940][ 34]LogModuleManager: Shutting down and abandoning module DeviceProfileEditor (484)
[2019.11.17-17.00.49:958][ 34]LogModuleManager: Shutting down and abandoning module UndoHistory (482)
[2019.11.17-17.00.49:975][ 34]LogModuleManager: Shutting down and abandoning module XmlParser (480)
[2019.11.17-17.00.49:975][ 34]LogModuleManager: Shutting down and abandoning module Blutility (478)
[2019.11.17-17.00.49:991][ 34]LogModuleManager: Shutting down and abandoning module ProjectSettingsViewer (476)
[2019.11.17-17.00.49:991][ 34]LogModuleManager: Shutting down and abandoning module ProjectTargetPlatformEditor (475)
[2019.11.17-17.00.49:991][ 34]LogModuleManager: Shutting down and abandoning module EditorSettingsViewer (472)
[2019.11.17-17.00.49:991][ 34]LogModuleManager: Shutting down and abandoning module SettingsEditor (470)
[2019.11.17-17.00.50:001][ 34]LogModuleManager: Shutting down and abandoning module ProjectLauncher (468)
[2019.11.17-17.00.50:011][ 34]LogModuleManager: Shutting down and abandoning module SessionFrontend (466)
[2019.11.17-17.00.50:025][ 34]LogModuleManager: Shutting down and abandoning module ProfilerClient (464)
[2019.11.17-17.00.50:035][ 34]LogModuleManager: Shutting down and abandoning module DeviceManager (462)
[2019.11.17-17.00.50:049][ 34]LogModuleManager: Shutting down and abandoning module TargetDeviceServices (461)
[2019.11.17-17.00.50:111][ 34]LogModuleManager: Shutting down and abandoning module AutomationController (458)
[2019.11.17-17.00.50:132][ 34]LogModuleManager: Shutting down and abandoning module AutomationWindow (456)
[2019.11.17-17.00.50:163][ 34]LogModuleManager: Shutting down and abandoning module Layers (454)
[2019.11.17-17.00.50:201][ 34]LogModuleManager: Shutting down and abandoning module ComponentVisualizers (452)
[2019.11.17-17.00.50:202][ 34]LogModuleManager: Shutting down and abandoning module DetailCustomizations (450)
[2019.11.17-17.00.50:229][ 34]LogModuleManager: Shutting down and abandoning module PackagesDialog (448)
[2019.11.17-17.00.50:256][ 34]LogModuleManager: Shutting down and abandoning module Persona (446)
[2019.11.17-17.00.50:285][ 34]LogModuleManager: Shutting down and abandoning module AdvancedPreviewScene (445)
[2019.11.17-17.00.50:285][ 34]LogModuleManager: Shutting down and abandoning module AnimGraph (443)
[2019.11.17-17.00.50:285][ 34]LogModuleManager: Shutting down and abandoning module Kismet (440)
[2019.11.17-17.00.50:337][ 34]LogModuleManager: Shutting down and abandoning module GraphEditor (438)
[2019.11.17-17.00.50:382][ 34]LogModuleManager: Shutting down and abandoning module ClassViewer (436)
[2019.11.17-17.00.50:382][ 34]LogModuleManager: Shutting down and abandoning module Toolbox (434)
[2019.11.17-17.00.50:382][ 34]LogModuleManager: Shutting down and abandoning module ModuleUI (432)
[2019.11.17-17.00.50:392][ 34]LogModuleManager: Shutting down and abandoning module MovieSceneTools (430)
[2019.11.17-17.00.50:393][ 34]LogModuleManager: Shutting down and abandoning module OutputLog (428)
[2019.11.17-17.00.50:393][ 34]LogModuleManager: Shutting down and abandoning module GammaUI (426)
[2019.11.17-17.00.50:402][ 34]LogModuleManager: Shutting down and abandoning module Documentation (424)
[2019.11.17-17.00.50:402][ 34]LogModuleManager: Shutting down and abandoning module MovieSceneTracks (422)
[2019.11.17-17.00.50:402][ 34]LogModuleManager: Shutting down and abandoning module MovieScene (420)
[2019.11.17-17.00.50:403][ 34]LogModuleManager: Shutting down and abandoning module StreamingPauseRendering (418)
[2019.11.17-17.00.50:412][ 34]LogModuleManager: Shutting down and abandoning module LauncherPlatform (416)
[2019.11.17-17.00.50:412][ 34]LogModuleManager: Shutting down and abandoning module AnalyticsET (414)
[2019.11.17-17.00.50:412][ 34]LogModuleManager: Shutting down and abandoning module PortalServices (412)
[2019.11.17-17.00.50:412][ 34]LogModuleManager: Shutting down and abandoning module PortalRpc (410)
[2019.11.17-17.00.50:412][ 34]LogModuleManager: Shutting down and abandoning module MessagingRpc (408)
[2019.11.17-17.00.50:412][ 34]LogModuleManager: Shutting down and abandoning module AIModule (406)
[2019.11.17-17.00.50:414][ 34]LogModuleManager: Shutting down and abandoning module GameplayDebugger (405)
[2019.11.17-17.00.50:422][ 34]LogModuleManager: Shutting down and abandoning module AITestSuite (403)
[2019.11.17-17.00.50:422][ 34]LogModuleManager: Shutting down and abandoning module NavigationSystem (401)
[2019.11.17-17.00.50:422][ 34]LogModuleManager: Shutting down and abandoning module DesktopPlatform (398)
[2019.11.17-17.00.50:423][ 34]LogModuleManager: Shutting down and abandoning module ImageWriteQueue (396)
[2019.11.17-17.00.50:426][ 34]LogModuleManager: Shutting down and abandoning module ProfilerService (394)
[2019.11.17-17.00.50:533][ 34]LogModuleManager: Shutting down and abandoning module TaskGraph (392)
[2019.11.17-17.00.50:560][ 34]LogModuleManager: Shutting down and abandoning module ProceduralMeshComponentEditor (390)
[2019.11.17-17.00.50:560][ 34]LogModuleManager: Shutting down and abandoning module ProceduralMeshComponent (388)
[2019.11.17-17.00.50:578][ 34]LogModuleManager: Shutting down and abandoning module MobilePatchingUtils (386)
[2019.11.17-17.00.50:578][ 34]LogModuleManager: Shutting down and abandoning module EditableMesh (384)
[2019.11.17-17.00.50:594][ 34]LogModuleManager: Shutting down and abandoning module CustomMeshComponent (382)
[2019.11.17-17.00.50:594][ 34]LogModuleManager: Shutting down and abandoning module CableComponent (380)
[2019.11.17-17.00.50:595][ 34]LogModuleManager: Shutting down and abandoning module AudioCapture (378)
[2019.11.17-17.00.50:595][ 34]LogModuleManager: Shutting down and abandoning module ArchVisCharacter (376)
[2019.11.17-17.00.50:595][ 34]LogModuleManager: Shutting down and abandoning module AndroidPermission (374)
[2019.11.17-17.00.50:595][ 34]LogModuleManager: Shutting down and abandoning module NUTUnrealEngine4 (372)
[2019.11.17-17.00.50:601][ 34]LogModuleManager: Shutting down and abandoning module NetcodeUnitTest (370)
[2019.11.17-17.00.50:614][ 34]LogModuleManager: Shutting down and abandoning module MediaCompositing (368)
[2019.11.17-17.00.50:614][ 34]LogModuleManager: Shutting down and abandoning module LinearTimecode (366)
[2019.11.17-17.00.50:614][ 34]LogModuleManager: Shutting down and abandoning module ImgMedia (364)
[2019.11.17-17.00.50:618][ 34]LogModuleManager: Shutting down and abandoning module HTML5Networking (362)
[2019.11.17-17.00.50:618][ 34]LogModuleManager: Shutting down and abandoning module GeometryCacheTracks (360)
[2019.11.17-17.00.50:618][ 34]LogModuleManager: Shutting down and abandoning module GeometryCacheSequencer (358)
[2019.11.17-17.00.50:618][ 34]LogModuleManager: Shutting down and abandoning module BackChannel (356)
[2019.11.17-17.00.50:632][ 34]LogModuleManager: Shutting down and abandoning module AppleVision (354)
[2019.11.17-17.00.50:632][ 34]LogModuleManager: Shutting down and abandoning module AppleImageUtilsBlueprintSupport (352)
[2019.11.17-17.00.50:632][ 34]LogModuleManager: Shutting down and abandoning module AppleImageUtils (350)
[2019.11.17-17.00.50:632][ 34]LogModuleManager: Shutting down and abandoning module AlembicImporter (348)
[2019.11.17-17.00.50:632][ 34]LogModuleManager: Shutting down and abandoning module AlembicLibrary (347)
[2019.11.17-17.00.50:632][ 34]LogModuleManager: Shutting down and abandoning module GeometryCache (346)
[2019.11.17-17.00.50:632][ 34]LogModuleManager: Shutting down and abandoning module GeometryCacheEd (345)
[2019.11.17-17.00.50:632][ 34]LogModuleManager: Shutting down and abandoning module VariantManagerContent (340)
[2019.11.17-17.00.50:632][ 34]LogModuleManager: Shutting down and abandoning module DatasmithContentEditor (338)
[2019.11.17-17.00.50:649][ 34]LogModuleManager: Shutting down and abandoning module SpeedTreeImporter (336)
[2019.11.17-17.00.50:649][ 34]LogModuleManager: Shutting down and abandoning module PluginBrowser (334)
[2019.11.17-17.00.50:681][ 34]LogModuleManager: Shutting down and abandoning module MobileLauncherProfileWizard (332)
[2019.11.17-17.00.50:696][ 34]LogModuleManager: Shutting down and abandoning module PolygonModeling (330)
[2019.11.17-17.00.50:696][ 34]LogModuleManager: Shutting down and abandoning module MeshEditor (328)
[2019.11.17-17.00.50:706][ 34]LogModuleManager: Shutting down and abandoning module CryptoKeysOpenSSL (326)
[2019.11.17-17.00.50:722][ 34]LogModuleManager: Shutting down and abandoning module CryptoKeys (324)
[2019.11.17-17.00.50:722][ 34]LogModuleManager: Shutting down and abandoning module VisualStudioSourceCodeAccess (322)
[2019.11.17-17.00.50:722][ 34]LogModuleManager: Shutting down and abandoning module VisualStudioCodeSourceCodeAccess (320)
[2019.11.17-17.00.50:722][ 34]LogModuleManager: Shutting down and abandoning module UObjectPlugin (318)
[2019.11.17-17.00.50:722][ 34]LogModuleManager: Shutting down and abandoning module SubversionSourceControl (316)
[2019.11.17-17.00.50:735][ 34]LogModuleManager: Shutting down and abandoning module PerforceSourceControl (314)
[2019.11.17-17.00.50:756][ 34]LogModuleManager: Shutting down and abandoning module GitSourceControl (312)
[2019.11.17-17.00.50:777][ 34]LogModuleManager: Shutting down and abandoning module SourceControl (311)
[2019.11.17-17.00.50:788][ 34]LogModuleManager: Shutting down and abandoning module CLionSourceCodeAccess (308)
[2019.11.17-17.00.50:803][ 34]LogModuleManager: Shutting down and abandoning module ActorLayerUtilitiesEditor (306)
[2019.11.17-17.00.50:803][ 34]LogModuleManager: Shutting down and abandoning module ActorLayerUtilities (304)
[2019.11.17-17.00.50:803][ 34]LogModuleManager: Shutting down and abandoning module LightPropagationVolumeEditor (302)
[2019.11.17-17.00.50:803][ 34]LogModuleManager: Shutting down and abandoning module PaperTiledImporter (300)
[2019.11.17-17.00.50:803][ 34]LogModuleManager: Shutting down and abandoning module PaperSpriteSheetImporter (298)
[2019.11.17-17.00.50:819][ 34]LogModuleManager: Shutting down and abandoning module Paper2DEditor (296)
[2019.11.17-17.00.50:836][ 34]LogModuleManager: Shutting down and abandoning module MeshPaint (295)
[2019.11.17-17.00.50:850][ 34]LogModuleManager: Shutting down and abandoning module RuntimePhysXCooking (292)
[2019.11.17-17.00.50:850][ 34]LogModuleManager: Shutting down and abandoning module PhysXVehiclesEditor (290)
[2019.11.17-17.00.50:850][ 34]LogModuleManager: Shutting down and abandoning module PhysXVehicles (288)
[2019.11.17-17.00.50:850][ 34]LogModuleManager: Shutting down and abandoning module LocationServicesBPLibrary (286)
[2019.11.17-17.00.50:850][ 34]LogModuleManager: Shutting down and abandoning module ApexDestructionEditor (284)
[2019.11.17-17.00.50:879][ 34]LogModuleManager: Shutting down and abandoning module ApexDestruction (282)
[2019.11.17-17.00.50:884][ 34]LogModuleManager: Shutting down and abandoning module ActorSequence (280)
[2019.11.17-17.00.50:884][ 34]LogModuleManager: Shutting down and abandoning module UdpMessaging (278)
[2019.11.17-17.00.50:985][ 34]LogModuleManager: Shutting down and abandoning module TcpMessaging (276)
[2019.11.17-17.00.51:096][ 34]LogModuleManager: Shutting down and abandoning module MagicLeapAudio (274)
[2019.11.17-17.00.51:096][ 34]LogModuleManager: Shutting down and abandoning module GameplayTagsEditor (272)
[2019.11.17-17.00.51:104][ 34]LogModuleManager: Shutting down and abandoning module FacialAnimationEditor (270)
[2019.11.17-17.00.51:104][ 34]LogModuleManager: Shutting down and abandoning module FacialAnimation (268)
[2019.11.17-17.00.51:104][ 34]LogModuleManager: Shutting down and abandoning module DataValidation (266)
[2019.11.17-17.00.51:104][ 34]LogModuleManager: Shutting down and abandoning module AssetManagerEditor (264)
[2019.11.17-17.00.51:116][ 34]LogModuleManager: Shutting down and abandoning module LevelEditor (263)
[2019.11.17-17.00.51:135][ 34]LogModuleManager: Shutting down and abandoning module PixelInspectorModule (262)
[2019.11.17-17.00.51:160][ 34]LogModuleManager: Shutting down and abandoning module CommonMenuExtensions (260)
[2019.11.17-17.00.51:160][ 34]LogModuleManager: Shutting down and abandoning module MainFrame (258)
[2019.11.17-17.00.51:160][ 34]LogModuleManager: Shutting down and abandoning module HotReload (257)
[2019.11.17-17.00.51:171][ 34]LogModuleManager: Shutting down and abandoning module ContentBrowser (253)
[2019.11.17-17.00.51:171][ 34]LogModuleManager: Shutting down and abandoning module TreeMap (251)
[2019.11.17-17.00.51:184][ 34]LogModuleManager: Shutting down and abandoning module LightPropagationVolumeRuntime (248)
[2019.11.17-17.00.51:184][ 34]LogModuleManager: Shutting down and abandoning module AISupportModule (246)
[2019.11.17-17.00.51:184][ 34]LogModuleManager: Shutting down and abandoning module Paper2D (244)
[2019.11.17-17.00.51:185][ 34]LogModuleManager: Shutting down and abandoning module WindowsMoviePlayer (242)
[2019.11.17-17.00.51:186][ 34]LogModuleManager: Shutting down and abandoning module WebMMoviePlayer (240)
[2019.11.17-17.00.51:186][ 34]LogModuleManager: Shutting down and abandoning module WmfMedia (238)
[2019.11.17-17.00.51:200][ 34]LogModuleManager: Shutting down and abandoning module Media (237)
[2019.11.17-17.00.51:206][ 34]LogModuleManager: Shutting down and abandoning module PacketHandler (234)
[2019.11.17-17.00.51:206][ 34]LogModuleManager: Shutting down and abandoning module ClothingSystemEditor (232)
[2019.11.17-17.00.51:206][ 34]LogModuleManager: Shutting down and abandoning module ClothingSystemRuntime (230)
[2019.11.17-17.00.51:221][ 34]LogModuleManager: Shutting down and abandoning module MediaAssets (228)
[2019.11.17-17.00.51:221][ 34]LogModuleManager: Shutting down and abandoning module Overlay (226)
[2019.11.17-17.00.51:221][ 34]LogModuleManager: Shutting down and abandoning module OverlayEditor (225)
[2019.11.17-17.00.51:221][ 34]LogModuleManager: Shutting down and abandoning module VREditor (222)
[2019.11.17-17.00.51:239][ 34]LogModuleManager: Shutting down and abandoning module StringTableEditor (220)
[2019.11.17-17.00.51:258][ 34]LogModuleManager: Shutting down and abandoning module GameplayTasksEditor (218)
[2019.11.17-17.00.51:258][ 34]LogModuleManager: Shutting down and abandoning module BehaviorTreeEditor (216)
[2019.11.17-17.00.51:281][ 34]LogModuleManager: Shutting down and abandoning module FunctionalTesting (214)
[2019.11.17-17.00.51:296][ 34]LogModuleManager: Shutting down and abandoning module CollisionAnalyzer (212)
[2019.11.17-17.00.51:308][ 34]LogModuleManager: Shutting down and abandoning module WorkspaceMenuStructure (211)
[2019.11.17-17.00.51:308][ 34]LogModuleManager: Shutting down and abandoning module UMG (208)
[2019.11.17-17.00.51:325][ 34]LogModuleManager: Shutting down and abandoning module UMGEditor (207)
[2019.11.17-17.00.51:333][ 34]LogModuleManager: Shutting down and abandoning module Sequencer (206)
[2019.11.17-17.00.51:385][ 34]LogModuleManager: Shutting down and abandoning module MessageLog (203)
[2019.11.17-17.00.51:394][ 34]LogModuleManager: Shutting down and abandoning module SlateReflector (198)
[2019.11.17-17.00.51:427][ 34]LogModuleManager: Shutting down and abandoning module Slate (196)
[2019.11.17-17.00.51:427][ 34]LogModuleManager: Shutting down and abandoning module EditorStyle (194)
[2019.11.17-17.00.51:427][ 34]LogModuleManager: Shutting down and abandoning module MRMesh (192)
[2019.11.17-17.00.51:438][ 34]LogModuleManager: Shutting down and abandoning module SourceCodeAccess (190)
[2019.11.17-17.00.51:438][ 34]LogModuleManager: Shutting down and abandoning module HeadMountedDisplay (188)
[2019.11.17-17.00.51:438][ 34]LogModuleManager: Shutting down and abandoning module XAudio2 (186)
[2019.11.17-17.00.51:438][ 34]LogModuleManager: Shutting down and abandoning module Networking (184)
[2019.11.17-17.00.51:438][ 34]LogModuleManager: Shutting down and abandoning module Core (182)
[2019.11.17-17.00.51:438][ 34]LogModuleManager: Shutting down and abandoning module LevelSequence (180)
[2019.11.17-17.00.51:438][ 34]LogModuleManager: Shutting down and abandoning module KismetCompiler (178)
[2019.11.17-17.00.51:438][ 34]LogModuleManager: Shutting down and abandoning module MeshUtilities (176)
[2019.11.17-17.00.51:454][ 34]LogModuleManager: Shutting down and abandoning module MeshMergeUtilities (175)
[2019.11.17-17.00.51:472][ 34]LogModuleManager: Shutting down and abandoning module MeshReductionInterface (174)
[2019.11.17-17.00.51:472][ 34]LogModuleManager: Shutting down and abandoning module SimplygonSwarm (173)
[2019.11.17-17.00.51:481][ 34]LogModuleManager: Shutting down and abandoning module ProxyLODMeshReduction (171)
[2019.11.17-17.00.51:504][ 34]LogModuleManager: Shutting down and abandoning module SimplygonMeshReduction (169)
[2019.11.17-17.00.51:504][ 34]LogModuleManager: Shutting down and abandoning module QuadricMeshReduction (167)
[2019.11.17-17.00.51:514][ 34]LogModuleManager: Shutting down and abandoning module MaterialBaking (163)
[2019.11.17-17.00.51:530][ 34]LogModuleManager: Shutting down and abandoning module DirectoryWatcher (159)
[2019.11.17-17.00.51:531][ 34]LogModuleManager: Shutting down and abandoning module DerivedDataCache (156)
[2019.11.17-17.00.51:560][ 34]LogDerivedDataCache: Shutdown
[2019.11.17-17.00.51:560][ 34]LogModuleManager: Shutting down and abandoning module XGEController (154)
[2019.11.17-17.00.51:561][ 34]LogXGEController: Cleaning working directory: C:/Users/Isabel/AppData/Local/Temp/UnrealXGEWorkingDir/
[2019.11.17-17.00.51:561][ 34]LogModuleManager: Shutting down and abandoning module TargetPlatform (152)
[2019.11.17-17.00.51:561][ 34]LogModuleManager: Shutting down and abandoning module VulkanShaderFormat (151)
[2019.11.17-17.00.51:570][ 34]LogModuleManager: Shutting down and abandoning module ShaderFormatVectorVM (149)
[2019.11.17-17.00.51:583][ 34]LogModuleManager: Shutting down and abandoning module ShaderFormatOpenGL (147)
[2019.11.17-17.00.51:584][ 34]LogModuleManager: Shutting down and abandoning module ShaderFormatD3D (145)
[2019.11.17-17.00.51:584][ 34]LogModuleManager: Shutting down and abandoning module MetalShaderFormat (143)
[2019.11.17-17.00.51:607][ 34]LogModuleManager: Shutting down and abandoning module TextureFormatUncompressed (141)
[2019.11.17-17.00.51:607][ 34]LogModuleManager: Shutting down and abandoning module TextureFormatPVR (139)
[2019.11.17-17.00.51:607][ 34]LogModuleManager: Shutting down and abandoning module TextureFormatDXT (137)
[2019.11.17-17.00.51:608][ 34]LogModuleManager: Shutting down and abandoning module TextureFormatIntelISPCTexComp (135)
[2019.11.17-17.00.51:608][ 34]LogModuleManager: Shutting down and abandoning module TextureFormatASTC (133)
[2019.11.17-17.00.51:608][ 34]LogModuleManager: Shutting down and abandoning module ImageWrapper (132)
[2019.11.17-17.00.51:608][ 34]LogModuleManager: Shutting down and abandoning module TextureFormatAndroid (129)
[2019.11.17-17.00.51:608][ 34]LogModuleManager: Shutting down and abandoning module AudioFormatOpus (127)
[2019.11.17-17.00.51:608][ 34]LogModuleManager: Shutting down and abandoning module AudioFormatOgg (125)
[2019.11.17-17.00.51:608][ 34]LogModuleManager: Shutting down and abandoning module AudioFormatADPCM (123)
[2019.11.17-17.00.51:608][ 34]LogModuleManager: Shutting down and abandoning module LuminTargetPlatform (121)
[2019.11.17-17.00.51:610][ 34]LogModuleManager: Shutting down and abandoning module LinuxTargetPlatform (119)
[2019.11.17-17.00.51:610][ 34]LogModuleManager: Shutting down and abandoning module LinuxServerTargetPlatform (117)
[2019.11.17-17.00.51:610][ 34]LogModuleManager: Shutting down and abandoning module LinuxNoEditorTargetPlatform (115)
[2019.11.17-17.00.51:610][ 34]LogModuleManager: Shutting down and abandoning module LinuxClientTargetPlatform (113)
[2019.11.17-17.00.51:610][ 34]LogModuleManager: Shutting down and abandoning module TVOSTargetPlatform (111)
[2019.11.17-17.00.51:612][ 34]LogModuleManager: Shutting down and abandoning module Messaging (109)
[2019.11.17-17.00.51:612][ 34]LogModuleManager: Shutting down and abandoning module IOSTargetPlatform (107)
[2019.11.17-17.00.51:612][ 34]LogModuleManager: Shutting down and abandoning module HTML5TargetPlatform (105)
[2019.11.17-17.00.51:612][ 34]LogModuleManager: Shutting down and abandoning module AndroidTargetPlatform (103)
[2019.11.17-17.00.51:617][ 34]LogModuleManager: Shutting down and abandoning module WindowsTargetPlatform (101)
[2019.11.17-17.00.51:617][ 34]LogModuleManager: Shutting down and abandoning module WindowsServerTargetPlatform (99)
[2019.11.17-17.00.51:617][ 34]LogModuleManager: Shutting down and abandoning module WindowsNoEditorTargetPlatform (97)
[2019.11.17-17.00.51:617][ 34]LogModuleManager: Shutting down and abandoning module WindowsClientTargetPlatform (95)
[2019.11.17-17.00.51:617][ 34]LogModuleManager: Shutting down and abandoning module MacTargetPlatform (93)
[2019.11.17-17.00.51:617][ 34]LogModuleManager: Shutting down and abandoning module MacServerTargetPlatform (91)
[2019.11.17-17.00.51:617][ 34]LogModuleManager: Shutting down and abandoning module MacNoEditorTargetPlatform (89)
[2019.11.17-17.00.51:617][ 34]LogModuleManager: Shutting down and abandoning module MacClientTargetPlatform (87)
[2019.11.17-17.00.51:617][ 34]LogModuleManager: Shutting down and abandoning module AllDesktopTargetPlatform (85)
[2019.11.17-17.00.51:617][ 34]LogModuleManager: Shutting down and abandoning module InputCore (82)
[2019.11.17-17.00.51:617][ 34]LogModuleManager: Shutting down and abandoning module Settings (80)
[2019.11.17-17.00.51:617][ 34]LogModuleManager: Shutting down and abandoning module PhysXCooking (78)
[2019.11.17-17.00.51:617][ 34]LogModuleManager: Shutting down and abandoning module ExampleDeviceProfileSelector (76)
[2019.11.17-17.00.51:617][ 34]LogModuleManager: Shutting down and abandoning module LauncherChunkInstaller (74)
[2019.11.17-17.00.51:618][ 34]LogModuleManager: Shutting down and abandoning module OnlineBlueprintSupport (72)
[2019.11.17-17.00.51:618][ 34]LogModuleManager: Shutting down and abandoning module OnlineSubsystem (68)
[2019.11.17-17.00.51:641][ 34]LogModuleManager: Shutting down and abandoning module XMPP (63)
[2019.11.17-17.00.51:661][ 34]LogModuleManager: Shutting down and abandoning module WebSockets (62)
[2019.11.17-17.00.51:697][ 34]LogModuleManager: Shutting down and abandoning module HTTP (59)
[2019.11.17-17.00.51:697][ 34]LogHttp: Display: Http module shutting down, but needs to wait on 1 outstanding Http requests:
[2019.11.17-17.00.51:697][ 34]LogHttp: Display: 	verb=[POST] url=[https://datarouter.ol.epicgames.com/datarouter/api/v1/public/data?SessionID=%7BD956ECAF-4109-A166-E75D-9AAA32AB86F5%7D&AppID=UEEditor.Rocket.Release&AppVersion=4.21.1-4613538%2B%2B%2BUE4%2BRelease-4.21&UserID=897bdaff456d0706363377a73f26b632%7C1bb7b8bc03654f63b6ae6e9e0ca4ed28%7Cf1665a6d-cb0c-489a-a304-505991312bb5&AppEnvironment=datacollector-binary&UploadType=eteventstream] status=Processing
[2019.11.17-17.00.51:699][ 34]LogModuleManager: Shutting down and abandoning module SSL (58)
[2019.11.17-17.00.51:700][ 34]LogModuleManager: Shutting down and abandoning module MagicLeapIdentity (54)
[2019.11.17-17.00.51:700][ 34]LogModuleManager: Shutting down and abandoning module MagicLeapHelperVulkan (52)
[2019.11.17-17.00.51:700][ 34]LogModuleManager: Shutting down and abandoning module MagicLeapHelperOpenGL (50)
[2019.11.17-17.00.51:700][ 34]LogModuleManager: Shutting down and abandoning module MagicLeapSecureStorage (48)
[2019.11.17-17.00.51:700][ 34]LogModuleManager: Shutting down and abandoning module MagicLeapHandTracking (46)
[2019.11.17-17.00.51:700][ 34]LogModuleManager: Shutting down and abandoning module MagicLeapEyeTracker (44)
[2019.11.17-17.00.51:700][ 34]LogModuleManager: Shutting down and abandoning module MagicLeapController (42)
[2019.11.17-17.00.51:700][ 34]LogSlate: Slate User Destroyed.  User Index 0, Is Virtual User: 0
[2019.11.17-17.00.51:700][ 34]LogModuleManager: Shutting down and abandoning module MagicLeap (40)
[2019.11.17-17.00.51:702][ 34]LogModuleManager: Shutting down and abandoning module DatasmithContent (38)
[2019.11.17-17.00.51:702][ 34]LogModuleManager: Shutting down and abandoning module AnimationModifiers (36)
[2019.11.17-17.00.51:704][ 34]LogModuleManager: Shutting down and abandoning module PropertyEditor (35)
[2019.11.17-17.00.51:717][ 34]LogModuleManager: Shutting down and abandoning module AudioEditor (32)
[2019.11.17-17.00.51:733][ 34]LogModuleManager: Shutting down and abandoning module TextureCompressor (30)
[2019.11.17-17.00.51:749][ 34]LogModuleManager: Shutting down and abandoning module ShaderCore (28)
[2019.11.17-17.00.51:749][ 34]LogModuleManager: Shutting down and abandoning module Landscape (26)
[2019.11.17-17.00.51:749][ 34]LogModuleManager: Shutting down and abandoning module SlateRHIRenderer (24)
[2019.11.17-17.00.51:752][ 34]LogModuleManager: Shutting down and abandoning module OpenGLDrv (22)
[2019.11.17-17.00.51:775][ 34]LogModuleManager: Shutting down and abandoning module D3D11RHI (20)
[2019.11.17-17.00.51:775][ 34]LogModuleManager: Shutting down and abandoning module AnimGraphRuntime (18)
[2019.11.17-17.00.51:776][ 34]LogModuleManager: Shutting down and abandoning module Renderer (16)
[2019.11.17-17.00.51:776][ 34]LogModuleManager: Shutting down and abandoning module Engine (14)
[2019.11.17-17.00.51:776][ 34]LogModuleManager: Shutting down and abandoning module CoreUObject (12)
[2019.11.17-17.00.51:776][ 34]LogModuleManager: Shutting down and abandoning module NetworkFile (10)
[2019.11.17-17.00.51:777][ 34]LogModuleManager: Shutting down and abandoning module CookedIterativeFile (8)
[2019.11.17-17.00.51:777][ 34]LogModuleManager: Shutting down and abandoning module StreamingFile (6)
[2019.11.17-17.00.51:777][ 34]LogModuleManager: Shutting down and abandoning module SandboxFile (4)
[2019.11.17-17.00.51:777][ 34]LogModuleManager: Shutting down and abandoning module PakFile (2)
[2019.11.17-17.00.51:802][ 34]LogExit: Exiting.
[2019.11.17-17.00.51:829][ 34]Log file closed, 11/17/19 12:00:51
