Log file open, 10/12/19 13:14:02
LogWindows: Failed to load 'aqProf.dll' (GetLastError=126)
LogWindows: File 'aqProf.dll' does not exist
LogWindows: Failed to load 'VtuneApi.dll' (GetLastError=126)
LogWindows: File 'VtuneApi.dll' does not exist
LogWindows: Failed to load 'VtuneApi32e.dll' (GetLastError=126)
LogWindows: File 'VtuneApi32e.dll' does not exist
LogInit: Display: Running engine for game: TwerkingDead2
LogPlatformFile: Not using cached read wrapper
LogInit: Display: RandInit(782120058) SRandInit(782120058).
LogInit: Read version file with build ID '3944462'
LogInit: Overriding engine version to CL 4033788, compatible CL 3944462
LogInit: Registered custom module enumerator with build ID '3944462'
LogTaskGraph: Started task graph with 5 named threads and 23 total threads with 3 sets of task threads.
LogStats: Stats thread started at 0.310122
LogD3D11RHI: Aftermath initialized
LogICUInternationalization: Display: ICU TimeZone Detection - Raw Offset: -6:00, Platform Override: ''
LogModuleManager: Display: Found up-to-date module file ../../../Engine/Plugins/2D/Paper2D/Binaries/Win64/UE4Editor-Paper2D.dll (API version 3944462).
LogModuleManager: Display: Found up-to-date module file ../../../Engine/Plugins/2D/Paper2D/Binaries/Win64/UE4Editor-Paper2DEditor.dll (API version 3944462).
LogModuleManager: Display: Found up-to-date module file ../../../Engine/Plugins/2D/Paper2D/Binaries/Win64/UE4Editor-PaperSpriteSheetImporter.dll (API version 3944462).
LogModuleManager: Display: Found up-to-date module file ../../../Engine/Plugins/2D/Paper2D/Binaries/Win64/UE4Editor-PaperTiledImporter.dll (API version 3944462).
LogModuleManager: Display: Found up-to-date module file ../../../Engine/Plugins/2D/Paper2D/Binaries/Win64/UE4Editor-SmartSnapping.dll (API version 3944462).
LogModuleManager: Display: Found up-to-date module file ../../../Engine/Plugins/Blendables/LightPropagationVolume/Binaries/Win64/UE4Editor-LightPropagationVolumeRuntime.dll (API version 3944462).
LogModuleManager: Display: Found up-to-date module file ../../../Engine/Plugins/Blendables/LightPropagationVolume/Binaries/Win64/UE4Editor-LightPropagationVolumeEditor.dll (API version 3944462).
LogModuleManager: Display: Found up-to-date module file ../../../Engine/Plugins/Developer/CLionSourceCodeAccess/Binaries/Win64/UE4Editor-CLionSourceCodeAccess.dll (API version 3944462).
LogModuleManager: Display: Found up-to-date module file ../../../Engine/Plugins/Developer/GitSourceControl/Binaries/Win64/UE4Editor-GitSourceControl.dll (API version 3944462).
LogModuleManager: Display: Found up-to-date module file ../../../Engine/Plugins/Developer/PerforceSourceControl/Binaries/Win64/UE4Editor-PerforceSourceControl.dll (API version 3944462).
LogModuleManager: Display: Found up-to-date module file ../../../Engine/Plugins/Developer/SubversionSourceControl/Binaries/Win64/UE4Editor-SubversionSourceControl.dll (API version 3944462).
LogModuleManager: Display: Found up-to-date module file ../../../Engine/Plugins/Developer/UObjectPlugin/Binaries/Win64/UE4Editor-UObjectPlugin.dll (API version 3944462).
LogModuleManager: Display: Found up-to-date module file ../../../Engine/Plugins/Developer/VisualStudioCodeSourceCodeAccess/Binaries/Win64/UE4Editor-VisualStudioCodeSourceCodeAccess.dll (API version 3944462).
LogModuleManager: Display: Found up-to-date module file ../../../Engine/Plugins/Developer/VisualStudioSourceCodeAccess/Binaries/Win64/UE4Editor-VisualStudioSourceCodeAccess.dll (API version 3944462).
LogModuleManager: Display: Found up-to-date module file ../../../Engine/Plugins/Editor/AssetManagerEditor/Binaries/Win64/UE4Editor-AssetManagerEditor.dll (API version 3944462).
LogModuleManager: Display: Found up-to-date module file ../../../Engine/Plugins/Editor/CryptoKeys/Binaries/Win64/UE4Editor-CryptoKeys.dll (API version 3944462).
LogModuleManager: Display: Found up-to-date module file ../../../Engine/Plugins/Editor/CryptoKeys/Binaries/Win64/UE4Editor-CryptoKeysOpenSSL.dll (API version 3944462).
LogModuleManager: Display: Found up-to-date module file ../../../Engine/Plugins/Editor/DataValidation/Binaries/Win64/UE4Editor-DataValidation.dll (API version 3944462).
LogModuleManager: Display: Found up-to-date module file ../../../Engine/Plugins/Editor/FacialAnimation/Binaries/Win64/UE4Editor-FacialAnimation.dll (API version 3944462).
LogModuleManager: Display: Found up-to-date module file ../../../Engine/Plugins/Editor/FacialAnimation/Binaries/Win64/UE4Editor-FacialAnimationEditor.dll (API version 3944462).
LogModuleManager: Display: Found up-to-date module file ../../../Engine/Plugins/Editor/GameplayTagsEditor/Binaries/Win64/UE4Editor-GameplayTagsEditor.dll (API version 3944462).
LogModuleManager: Display: Found up-to-date module file ../../../Engine/Plugins/Editor/MobileLauncherProfileWizard/Binaries/Win64/UE4Editor-MobileLauncherProfileWizard.dll (API version 3944462).
LogModuleManager: Display: Found up-to-date module file ../../../Engine/Plugins/Editor/PluginBrowser/Binaries/Win64/UE4Editor-PluginBrowser.dll (API version 3944462).
LogModuleManager: Display: Found up-to-date module file ../../../Engine/Plugins/Editor/SpeedTreeImporter/Binaries/Win64/UE4Editor-SpeedTreeImporter.dll (API version 3944462).
LogModuleManager: Display: Found up-to-date module file ../../../Engine/Plugins/Enterprise/DatasmithContent/Binaries/Win64/UE4Editor-DatasmithContent.dll (API version 3944462).
LogModuleManager: Display: Found up-to-date module file ../../../Engine/Plugins/Experimental/AlembicImporter/Binaries/Win64/UE4Editor-AlembicImporter.dll (API version 3944462).
LogModuleManager: Display: Found up-to-date module file ../../../Engine/Plugins/Experimental/AlembicImporter/Binaries/Win64/UE4Editor-AlembicLibrary.dll (API version 3944462).
LogModuleManager: Display: Found up-to-date module file ../../../Engine/Plugins/Experimental/CharacterAI/Binaries/Win64/UE4Editor-CharacterAI.dll (API version 3944462).
LogModuleManager: Display: Found up-to-date module file ../../../Engine/Plugins/Experimental/HTML5Networking/Binaries/Win64/UE4Editor-HTML5Networking.dll (API version 3944462).
LogModuleManager: Display: Found up-to-date module file ../../../Engine/Plugins/Media/AndroidMedia/Binaries/Win64/UE4Editor-AndroidMediaEditor.dll (API version 3944462).
LogModuleManager: Display: Found up-to-date module file ../../../Engine/Plugins/Media/AndroidMedia/Binaries/Win64/UE4Editor-AndroidMediaFactory.dll (API version 3944462).
LogModuleManager: Display: Found up-to-date module file ../../../Engine/Plugins/Media/AvfMedia/Binaries/Win64/UE4Editor-AvfMediaEditor.dll (API version 3944462).
LogModuleManager: Display: Found up-to-date module file ../../../Engine/Plugins/Media/AvfMedia/Binaries/Win64/UE4Editor-AvfMediaFactory.dll (API version 3944462).
LogModuleManager: Display: Found up-to-date module file ../../../Engine/Plugins/Media/AvfMedia/Binaries/Win64/UE4Editor-AvfMediaFactory.dll (API version 3944462).
LogModuleManager: Display: Found up-to-date module file ../../../Engine/Plugins/Media/ImgMedia/Binaries/Win64/UE4Editor-ImgMedia.dll (API version 3944462).
LogModuleManager: Display: Found up-to-date module file ../../../Engine/Plugins/Media/ImgMedia/Binaries/Win64/UE4Editor-ImgMediaEditor.dll (API version 3944462).
LogModuleManager: Display: Found up-to-date module file ../../../Engine/Plugins/Media/ImgMedia/Binaries/Win64/UE4Editor-ImgMediaFactory.dll (API version 3944462).
LogModuleManager: Display: Found up-to-date module file ../../../Engine/Plugins/Media/ImgMedia/Binaries/Win64/UE4Editor-ImgMediaFactory.dll (API version 3944462).
LogModuleManager: Display: Found up-to-date module file ../../../Engine/Plugins/Media/ImgMedia/Binaries/Win64/UE4Editor-OpenExrWrapper.dll (API version 3944462).
LogModuleManager: Display: Found up-to-date module file ../../../Engine/Plugins/Media/LinearTimecode/Binaries/Win64/UE4Editor-LinearTimecode.dll (API version 3944462).
LogModuleManager: Display: Found up-to-date module file ../../../Engine/Plugins/Media/MediaCompositing/Binaries/Win64/UE4Editor-MediaCompositing.dll (API version 3944462).
LogModuleManager: Display: Found up-to-date module file ../../../Engine/Plugins/Media/MediaCompositing/Binaries/Win64/UE4Editor-MediaCompositingEditor.dll (API version 3944462).
LogModuleManager: Display: Found up-to-date module file ../../../Engine/Plugins/Media/MediaPlayerEditor/Binaries/Win64/UE4Editor-MediaPlayerEditor.dll (API version 3944462).
LogModuleManager: Display: Found up-to-date module file ../../../Engine/Plugins/Media/WmfMedia/Binaries/Win64/UE4Editor-WmfMedia.dll (API version 3944462).
LogModuleManager: Display: Found up-to-date module file ../../../Engine/Plugins/Media/WmfMedia/Binaries/Win64/UE4Editor-WmfMediaEditor.dll (API version 3944462).
LogModuleManager: Display: Found up-to-date module file ../../../Engine/Plugins/Media/WmfMedia/Binaries/Win64/UE4Editor-WmfMediaFactory.dll (API version 3944462).
LogModuleManager: Display: Found up-to-date module file ../../../Engine/Plugins/Media/WmfMedia/Binaries/Win64/UE4Editor-WmfMediaFactory.dll (API version 3944462).
LogModuleManager: Display: Found up-to-date module file ../../../Engine/Plugins/Messaging/TcpMessaging/Binaries/Win64/UE4Editor-TcpMessaging.dll (API version 3944462).
LogModuleManager: Display: Found up-to-date module file ../../../Engine/Plugins/Messaging/UdpMessaging/Binaries/Win64/UE4Editor-UdpMessaging.dll (API version 3944462).
LogModuleManager: Display: Found up-to-date module file ../../../Engine/Plugins/MovieScene/ActorSequence/Binaries/Win64/UE4Editor-ActorSequence.dll (API version 3944462).
LogModuleManager: Display: Found up-to-date module file ../../../Engine/Plugins/MovieScene/LevelSequenceEditor/Binaries/Win64/UE4Editor-LevelSequenceEditor.dll (API version 3944462).
LogModuleManager: Display: Found up-to-date module file ../../../Engine/Plugins/MovieScene/MatineeToLevelSequence/Binaries/Win64/UE4Editor-MatineeToLevelSequence.dll (API version 3944462).
LogModuleManager: Display: Found up-to-date module file ../../../Engine/Plugins/NetcodeUnitTest/NetcodeUnitTest/Binaries/Win64/UE4Editor-NetcodeUnitTest.dll (API version 3944462).
LogModuleManager: Display: Found up-to-date module file ../../../Engine/Plugins/NetcodeUnitTest/NUTUnrealEngine4/Binaries/Win64/UE4Editor-NUTUnrealEngine4.dll (API version 3944462).
LogModuleManager: Display: Found up-to-date module file ../../../Engine/Plugins/Online/OnlineSubsystem/Binaries/Win64/UE4Editor-OnlineSubsystem.dll (API version 3944462).
LogModuleManager: Display: Found up-to-date module file ../../../Engine/Plugins/Runtime/AndroidPermission/Binaries/Win64/UE4Editor-AndroidPermission.dll (API version 3944462).
LogModuleManager: Display: Found up-to-date module file ../../../Engine/Plugins/Online/OnlineSubsystemNull/Binaries/Win64/UE4Editor-OnlineSubsystemNull.dll (API version 3944462).
LogModuleManager: Display: Found up-to-date module file ../../../Engine/Plugins/Online/OnlineSubsystemUtils/Binaries/Win64/UE4Editor-OnlineSubsystemUtils.dll (API version 3944462).
LogModuleManager: Display: Found up-to-date module file ../../../Engine/Plugins/Online/OnlineSubsystemUtils/Binaries/Win64/UE4Editor-OnlineBlueprintSupport.dll (API version 3944462).
LogModuleManager: Display: Found up-to-date module file ../../../Engine/Plugins/Runtime/AndroidDeviceProfileSelector/Binaries/Win64/UE4Editor-AndroidDeviceProfileSelector.dll (API version 3944462).
LogModuleManager: Display: Found up-to-date module file ../../../Engine/Plugins/Runtime/AppleARKit/Binaries/Win64/UE4Editor-AppleARKit.dll (API version 3944462).
LogModuleManager: Display: Found up-to-date module file ../../../Engine/Plugins/Runtime/ProceduralMeshComponent/Binaries/Win64/UE4Editor-ProceduralMeshComponent.dll (API version 3944462).
LogModuleManager: Display: Found up-to-date module file ../../../Engine/Plugins/Runtime/ProceduralMeshComponent/Binaries/Win64/UE4Editor-ProceduralMeshComponentEditor.dll (API version 3944462).
LogModuleManager: Display: Found up-to-date module file ../../../Engine/Plugins/Animation/LiveLink/Binaries/Win64/UE4Editor-LiveLink.dll (API version 3944462).
LogModuleManager: Display: Found up-to-date module file ../../../Engine/Plugins/Animation/LiveLink/Binaries/Win64/UE4Editor-LiveLinkEditor.dll (API version 3944462).
LogModuleManager: Display: Found up-to-date module file ../../../Engine/Plugins/Runtime/ArchVisCharacter/Binaries/Win64/UE4Editor-ArchVisCharacter.dll (API version 3944462).
LogModuleManager: Display: Found up-to-date module file ../../../Engine/Plugins/Runtime/AudioCapture/Binaries/Win64/UE4Editor-AudioCapture.dll (API version 3944462).
LogModuleManager: Display: Found up-to-date module file ../../../Engine/Plugins/Runtime/AudioCapture/Binaries/Win64/UE4Editor-AudioCaptureEditor.dll (API version 3944462).
LogModuleManager: Display: Found up-to-date module file ../../../Engine/Plugins/Runtime/CableComponent/Binaries/Win64/UE4Editor-CableComponent.dll (API version 3944462).
LogModuleManager: Display: Found up-to-date module file ../../../Engine/Plugins/Runtime/CustomMeshComponent/Binaries/Win64/UE4Editor-CustomMeshComponent.dll (API version 3944462).
LogModuleManager: Display: Found up-to-date module file ../../../Engine/Plugins/Runtime/ExampleDeviceProfileSelector/Binaries/Win64/UE4Editor-ExampleDeviceProfileSelector.dll (API version 3944462).
LogModuleManager: Display: Found up-to-date module file ../../../Engine/Plugins/Runtime/ImmediatePhysics/Binaries/Win64/UE4Editor-ImmediatePhysics.dll (API version 3944462).
LogModuleManager: Display: Found up-to-date module file ../../../Engine/Plugins/Runtime/ImmediatePhysics/Binaries/Win64/UE4Editor-ImmediatePhysicsEditor.dll (API version 3944462).
LogModuleManager: Display: Found up-to-date module file ../../../Engine/Plugins/Runtime/LocationServicesBPLibrary/Binaries/Win64/UE4Editor-LocationServicesBPLibrary.dll (API version 3944462).
LogModuleManager: Display: Found up-to-date module file ../../../Engine/Plugins/Runtime/MobilePatchingUtils/Binaries/Win64/UE4Editor-MobilePatchingUtils.dll (API version 3944462).
LogModuleManager: Display: Found up-to-date module file ../../../Engine/Plugins/Runtime/Oculus/OculusVR/Binaries/Win64/UE4Editor-OculusHMD.dll (API version 3944462).
LogModuleManager: Display: Found up-to-date module file ../../../Engine/Plugins/Runtime/Oculus/OculusVR/Binaries/Win64/UE4Editor-OculusInput.dll (API version 3944462).
LogModuleManager: Display: Found up-to-date module file ../../../Engine/Plugins/Runtime/Oculus/OculusVR/Binaries/Win64/UE4Editor-OculusEditor.dll (API version 3944462).
LogModuleManager: Display: Found up-to-date module file ../../../Engine/Plugins/Runtime/PhysXVehicles/Binaries/Win64/UE4Editor-PhysXVehicles.dll (API version 3944462).
LogModuleManager: Display: Found up-to-date module file ../../../Engine/Plugins/Runtime/PhysXVehicles/Binaries/Win64/UE4Editor-PhysXVehiclesEditor.dll (API version 3944462).
LogModuleManager: Display: Found up-to-date module file ../../../Engine/Plugins/Runtime/RuntimePhysXCooking/Binaries/Win64/UE4Editor-RuntimePhysXCooking.dll (API version 3944462).
LogModuleManager: Display: Found up-to-date module file ../../../Engine/Plugins/Runtime/Steam/SteamVR/Binaries/Win64/UE4Editor-SteamVR.dll (API version 3944462).
LogModuleManager: Display: Found up-to-date module file ../../../Engine/Plugins/Runtime/Steam/SteamVR/Binaries/Win64/UE4Editor-SteamVRController.dll (API version 3944462).
LogModuleManager: Display: Found up-to-date module file ../../../Engine/Plugins/Runtime/WindowsMoviePlayer/Binaries/Win64/UE4Editor-WindowsMoviePlayer.dll (API version 3944462).
LogPluginManager: Mounting plugin Paper2D
LogPluginManager: Mounting plugin LiveLink
LogPluginManager: Mounting plugin LightPropagationVolume
LogPluginManager: Mounting plugin CLionSourceCodeAccess
LogPluginManager: Mounting plugin CodeLiteSourceCodeAccess
LogPluginManager: Mounting plugin GitSourceControl
LogPluginManager: Mounting plugin KDevelopSourceCodeAccess
LogPluginManager: Mounting plugin NullSourceCodeAccess
LogPluginManager: Mounting plugin PerforceSourceControl
LogPluginManager: Mounting plugin SubversionSourceControl
LogPluginManager: Mounting plugin UObjectPlugin
LogPluginManager: Mounting plugin VisualStudioCodeSourceCodeAccess
LogPluginManager: Mounting plugin VisualStudioSourceCodeAccess
LogPluginManager: Mounting plugin XCodeSourceCodeAccess
LogPluginManager: Mounting plugin AssetManagerEditor
LogPluginManager: Mounting plugin CryptoKeys
LogPluginManager: Mounting plugin DataValidation
LogPluginManager: Mounting plugin FacialAnimation
LogPluginManager: Mounting plugin GameplayTagsEditor
LogPluginManager: Mounting plugin MobileLauncherProfileWizard
LogPluginManager: Mounting plugin PluginBrowser
LogPluginManager: Mounting plugin SpeedTreeImporter
LogPluginManager: Mounting plugin DatasmithContent
LogPluginManager: Mounting plugin AlembicImporter
LogPluginManager: Mounting plugin CharacterAI
LogPluginManager: Mounting plugin HTML5Networking
LogPluginManager: Mounting plugin AndroidMedia
LogPluginManager: Mounting plugin AvfMedia
LogPluginManager: Mounting plugin ImgMedia
LogPluginManager: Mounting plugin LinearTimecode
LogPluginManager: Mounting plugin MediaCompositing
LogPluginManager: Mounting plugin MediaPlayerEditor
LogPluginManager: Mounting plugin WmfMedia
LogPluginManager: Mounting plugin TcpMessaging
LogPluginManager: Mounting plugin UdpMessaging
LogPluginManager: Mounting plugin ActorSequence
LogPluginManager: Mounting plugin LevelSequenceEditor
LogPluginManager: Mounting plugin MatineeToLevelSequence
LogPluginManager: Mounting plugin NetcodeUnitTest
LogPluginManager: Mounting plugin NUTUnrealEngine4
LogPluginManager: Mounting plugin OnlineSubsystemGooglePlay
LogPluginManager: Mounting plugin OnlineSubsystemIOS
LogPluginManager: Mounting plugin OnlineSubsystem
LogPluginManager: Mounting plugin OnlineSubsystemNull
LogPluginManager: Mounting plugin OnlineSubsystemUtils
LogPluginManager: Mounting plugin AndroidDeviceProfileSelector
LogPluginManager: Mounting plugin AndroidMoviePlayer
LogPluginManager: Mounting plugin AndroidPermission
LogPluginManager: Mounting plugin AppleARKit
LogPluginManager: Mounting plugin AppleMoviePlayer
LogPluginManager: Mounting plugin ArchVisCharacter
LogPluginManager: Mounting plugin AudioCapture
LogPluginManager: Mounting plugin CableComponent
LogPluginManager: Mounting plugin CustomMeshComponent
LogPluginManager: Mounting plugin ExampleDeviceProfileSelector
LogPluginManager: Mounting plugin GoogleCloudMessaging
LogPluginManager: Mounting plugin ImmediatePhysics
LogPluginManager: Mounting plugin IOSDeviceProfileSelector
LogPluginManager: Mounting plugin LinuxDeviceProfileSelector
LogPluginManager: Mounting plugin LocationServicesBPLibrary
LogPluginManager: Mounting plugin MobilePatchingUtils
LogPluginManager: Mounting plugin OculusVR
LogPluginManager: Plugin shader directory ../../../Engine/Plugins/Runtime/Oculus/OculusVR/Shaders found
LogPluginManager: Mapping shader source directory ../../../Engine/Plugins/Runtime/Oculus/OculusVR/Shaders to virtual directory /Plugin/OculusVR
LogPluginManager: Mounting plugin PhysXVehicles
LogPluginManager: Mounting plugin ProceduralMeshComponent
LogPluginManager: Mounting plugin RuntimePhysXCooking
LogPluginManager: Mounting plugin SteamVR
LogPluginManager: Mounting plugin WindowsMoviePlayer
LogStreaming: Display: Took  5.028s to configure plugins.
LogInit: Using libcurl 7.47.1
LogInit:  - built for x86_64-pc-win32
LogInit:  - supports SSL with OpenSSL/1.0.2g
LogInit:  - supports HTTP deflate (compression) using libz 1.2.8
LogInit:  - other features:
LogInit:      CURL_VERSION_SSL
LogInit:      CURL_VERSION_LIBZ
LogInit:      CURL_VERSION_IPV6
LogInit:      CURL_VERSION_ASYNCHDNS
LogInit:      CURL_VERSION_LARGEFILE
LogInit:      CURL_VERSION_IDN
LogInit:  CurlRequestOptions (configurable via config and command line):
LogInit:  - bVerifyPeer = false  - Libcurl will NOT verify peer certificate
LogInit:  - bUseHttpProxy = false  - Libcurl will NOT use HTTP proxy
LogInit:  - bDontReuseConnections = false  - Libcurl will reuse connections
LogInit:  - CertBundlePath = nullptr  - Libcurl will use whatever was configured at build time.
LogInit:  - MaxHostConnections = 16  - Libcurl will limit the number of connections to a host
LogInit:  - LocalHostAddr = Default
LogInit: WinSock: version 1.1 (2.2), MaxSocks=32767, MaxUdp=65467
LogInit: WinSock: I am DESKTOP-KBCBRJV (192.168.0.104:0)
LogInit: Build: ++UE4+Release-4.19-CL-4033788
LogInit: Engine Version: 4.19.2-4033788+++UE4+Release-4.19
LogInit: Compatible Engine Version: 4.19.0-3944462+++UE4+Release-4.19
LogInit: Net CL: 3944462
LogDevObjectVersion: Number of dev versions registered: 18
LogDevObjectVersion:   Dev-Blueprints (B0D832E4-1F89-4F0D-ACCF-7EB736FD4AA2): 10
LogDevObjectVersion:   Dev-Build (E1C64328-A22C-4D53-A36C-8E866417BD8C): 0
LogDevObjectVersion:   Dev-Core (375EC13C-06E4-48FB-B500-84F0262A717E): 2
LogDevObjectVersion:   Dev-Editor (E4B068ED-F494-42E9-A231-DA0B2E46BB41): 23
LogDevObjectVersion:   Dev-Framework (CFFC743F-43B0-4480-9391-14DF171D2073): 33
LogDevObjectVersion:   Dev-Mobile (B02B49B5-BB20-44E9-A304-32B752E40360): 2
LogDevObjectVersion:   Dev-Networking (A4E4105C-59A1-49B5-A7C5-40C4547EDFEE): 0
LogDevObjectVersion:   Dev-Online (39C831C9-5AE6-47DC-9A44-9C173E1C8E7C): 0
LogDevObjectVersion:   Dev-Physics (78F01B33-EBEA-4F98-B9B4-84EACCB95AA2): 0
LogDevObjectVersion:   Dev-Platform (6631380F-2D4D-43E0-8009-CF276956A95A): 0
LogDevObjectVersion:   Dev-Rendering (12F88B9F-8875-4AFC-A67C-D90C383ABD29): 25
LogDevObjectVersion:   Dev-Sequencer (7B5AE74C-D270-4C10-A958-57980B212A5A): 6
LogDevObjectVersion:   Dev-VR (D7296918-1DD6-4BDD-9DE2-64A83CC13884): 1
LogDevObjectVersion:   Dev-LoadTimes (C2A15278-BFE7-4AFE-6C17-90FF531DF755): 1
LogDevObjectVersion:   Private-Geometry (6EACA3D4-40EC-4CC1-B786-8BED09428FC5): 2
LogDevObjectVersion:   Dev-AnimPhys (29E575DD-E0A3-4627-9D10-D276232CDCEA): 16
LogDevObjectVersion:   Dev-ReflectionCapture (6B266CEC-1EC7-4B8F-A30B-E4D90942FC07): 1
LogDevObjectVersion:   Dev-Automation (0DF73D61-A23F-47EA-B727-89E90C41499A): 1
LogInit: Compiled (64-bit): Apr 27 2018 02:06:57
LogInit: Compiled with Visual C++: 19.00.24215.01
LogInit: Build Configuration: Development
LogInit: Branch Name: ++UE4+Release-4.19
LogInit: Command Line:  
LogInit: Base Directory: C:/Program Files/Epic Games/UE_4.19/Engine/Binaries/Win64/
LogInit: Installed Engine Build: 1
LogStreaming: Display: Took  0.004s to delete old logs.
LogInit: Presizing for max 8388607 objects, including 0 objects not considered by GC, pre-allocating 0 bytes for permanent pool.
LogInit: Object subsystem initialized
[2019.10.12-18.14.07:766][  0]LogInit: Selected Device Profile: [Windows]
[2019.10.12-18.14.07:766][  0]LogInit: Applying CVar settings loaded from the selected device profile: [Windows]
[2019.10.12-18.14.07:844][  0]LogInit: Computer: DESKTOP-KBCBRJV
[2019.10.12-18.14.07:844][  0]LogInit: User: Isabel
[2019.10.12-18.14.07:844][  0]LogInit: CPU Page size=4096, Cores=4
[2019.10.12-18.14.07:844][  0]LogInit: High frequency timer resolution =10.000000 MHz
[2019.10.12-18.14.07:845][  0]LogMemory: Memory total: Physical=7.9GB (8GB approx)
[2019.10.12-18.14.07:845][  0]LogMemory: Platform Memory Stats for Windows
[2019.10.12-18.14.07:845][  0]LogMemory: Process Physical Memory: 274.52 MB used, 274.52 MB peak
[2019.10.12-18.14.07:845][  0]LogMemory: Process Virtual Memory: 264.73 MB used, 264.73 MB peak
[2019.10.12-18.14.07:845][  0]LogMemory: Physical Memory: 6265.00 MB used,  1793.27 MB free, 8058.27 MB total
[2019.10.12-18.14.07:845][  0]LogMemory: Virtual Memory: 4778.79 MB used,  1793.27 MB free, 134217728.00 MB total
[2019.10.12-18.14.08:038][  0]LogInit: Overriding language with editor language configuration option (en).
[2019.10.12-18.14.08:038][  0]LogInit: Overriding locale with editor locale configuration option (en).
[2019.10.12-18.14.08:868][  0]LogStreaming: Display: Took  0.829s to EndInitTextLocalization.
[2019.10.12-18.14.08:868][  0]LogInit: Setting process to per monitor DPI aware
[2019.10.12-18.14.09:083][  0]LogSlate: New Slate User Created.  User Index 0, Is Virtual User: 0
[2019.10.12-18.14.09:083][  0]LogSlate: Slate User Registered.  User Index 0, Is Virtual User: 0
[2019.10.12-18.14.09:871][  0]LogD3D11RHI: D3D11 adapters:
[2019.10.12-18.14.10:269][  0]LogD3D11RHI:    0. 'NVIDIA GeForce GTX 1050 Ti' (Feature Level 11_0)
[2019.10.12-18.14.10:269][  0]LogD3D11RHI:       4018/0/4029 MB DedicatedVideo/DedicatedSystem/SharedSystem, Outputs:1, VendorId:0x10de
[2019.10.12-18.14.10:285][  0]LogD3D11RHI:    1. 'Intel(R) HD Graphics 630' (Feature Level 11_0)
[2019.10.12-18.14.10:285][  0]LogD3D11RHI:       128/0/4029 MB DedicatedVideo/DedicatedSystem/SharedSystem, Outputs:0, VendorId:0x8086
[2019.10.12-18.14.10:291][  0]LogD3D11RHI:    2. 'Microsoft Basic Render Driver' (Feature Level 11_0)
[2019.10.12-18.14.10:291][  0]LogD3D11RHI:       0/0/4029 MB DedicatedVideo/DedicatedSystem/SharedSystem, Outputs:0, VendorId:0x1414
[2019.10.12-18.14.10:291][  0]LogD3D11RHI: Chosen D3D11 Adapter: 0
[2019.10.12-18.14.10:330][  0]LogD3D11RHI: Creating new Direct3DDevice
[2019.10.12-18.14.10:330][  0]LogD3D11RHI:     GPU DeviceId: 0x1c8c (for the marketing name, search the web for "GPU Device Id")
[2019.10.12-18.14.10:330][  0]LogWindows: EnumDisplayDevices:
[2019.10.12-18.14.10:330][  0]LogWindows:    0. 'Intel(R) HD Graphics 630' (P:1 D:1)
[2019.10.12-18.14.10:331][  0]LogWindows:    1. 'Intel(R) HD Graphics 630' (P:0 D:0)
[2019.10.12-18.14.10:331][  0]LogWindows:    2. 'Intel(R) HD Graphics 630' (P:0 D:0)
[2019.10.12-18.14.10:331][  0]LogWindows:    3. 'NVIDIA GeForce GTX 1050 Ti' (P:0 D:0)
[2019.10.12-18.14.10:332][  0]LogWindows: DebugString: GetVideoDriverDetailsInvalid PrimaryIsNotTheChoosenAdapter GetVideoDriverDetailsInvalid PrimaryIsNotTheChoosenAdapter GetVideoDriverDetailsInvalid PrimaryIsNotTheChoosenAdapter GetVideoDriverDetailsInvalid PrimaryIsNotTheChoosenAdapter FoundDriverCount:0 
[2019.10.12-18.14.10:332][  0]LogD3D11RHI:     Adapter Name: NVIDIA GeForce GTX 1050 Ti
[2019.10.12-18.14.10:332][  0]LogD3D11RHI:   Driver Version: Unknown (internal:Unknown, unified:Unknown)
[2019.10.12-18.14.10:332][  0]LogD3D11RHI:      Driver Date: Unknown
[2019.10.12-18.14.10:332][  0]LogRHI: Texture pool is 2812 MB (70% of 4018 MB)
[2019.10.12-18.14.10:406][  0]LogD3D11RHI: [Aftermath] Aftermath enabled and primed
[2019.10.12-18.14.10:406][  0]LogD3D11RHI: [Aftermath] Aftermath enabled and primed
[2019.10.12-18.14.10:406][  0]LogD3D11RHI: Async texture creation enabled
[2019.10.12-18.14.10:546][  0]LogD3D11RHI: GPU Timing Frequency: 1000.000000 (Debug: 2 1)
[2019.10.12-18.14.10:554][  0]LogShaderCompilers: Guid format shader working directory is -24 characters bigger than the processId version (../../../../../../Users/Isabel/Documents/Unreal Projects/TwerkingDead2/Intermediate/Shaders/WorkingDirectory/10004/).
[2019.10.12-18.14.10:554][  0]LogShaderCompilers: Cleaned the shader compiler working directory 'C:/Users/Isabel/AppData/Local/Temp/UnrealShaderWorkingDir/AADDFC964D67E5BF8F2612B4DFE0919F/'.
[2019.10.12-18.14.11:476][  0]LogTemp: Display: Loaded TP AllDesktopTargetPlatform
[2019.10.12-18.14.11:502][  0]LogTemp: Display: Loaded TP MacClientTargetPlatform
[2019.10.12-18.14.11:522][  0]LogTemp: Display: Loaded TP MacNoEditorTargetPlatform
[2019.10.12-18.14.11:546][  0]LogTemp: Display: Loaded TP MacServerTargetPlatform
[2019.10.12-18.14.11:579][  0]LogTemp: Display: Loaded TP MacTargetPlatform
[2019.10.12-18.14.11:606][  0]LogTemp: Display: Loaded TP WindowsClientTargetPlatform
[2019.10.12-18.14.11:627][  0]LogTemp: Display: Loaded TP WindowsNoEditorTargetPlatform
[2019.10.12-18.14.11:652][  0]LogTemp: Display: Loaded TP WindowsServerTargetPlatform
[2019.10.12-18.14.11:664][  0]LogTemp: Display: Loaded TP WindowsTargetPlatform
[2019.10.12-18.14.11:685][  0]LogTemp: Display: Loaded TP Android_ASTCTargetPlatform
[2019.10.12-18.14.11:705][  0]LogTemp: Display: Loaded TP Android_ATCTargetPlatform
[2019.10.12-18.14.11:724][  0]LogTemp: Display: Loaded TP Android_DXTTargetPlatform
[2019.10.12-18.14.11:747][  0]LogTemp: Display: Loaded TP Android_ETC1aTargetPlatform
[2019.10.12-18.14.11:766][  0]LogTemp: Display: Loaded TP Android_ETC1TargetPlatform
[2019.10.12-18.14.11:787][  0]LogTemp: Display: Loaded TP Android_ETC2TargetPlatform
[2019.10.12-18.14.11:831][  0]LogTemp: Display: Loaded TP Android_MultiTargetPlatform
[2019.10.12-18.14.11:831][  0]LogTemp: Display: Loaded TP Android_PVRTCTargetPlatform
[2019.10.12-18.14.12:030][  0]LogTemp: Display: Loaded TP AndroidTargetPlatform
[2019.10.12-18.14.12:035][  0]LogTemp: Display: Loaded TP HTML5TargetPlatform
[2019.10.12-18.14.12:124][  0]LogTemp: Display: Loaded TP IOSTargetPlatform
[2019.10.12-18.14.12:141][  0]LogTemp: Display: Loaded TP TVOSTargetPlatform
[2019.10.12-18.14.12:159][  0]LogTemp: Display: Loaded TP LinuxClientTargetPlatform
[2019.10.12-18.14.12:182][  0]LogTemp: Display: Loaded TP LinuxNoEditorTargetPlatform
[2019.10.12-18.14.12:206][  0]LogTemp: Display: Loaded TP LinuxServerTargetPlatform
[2019.10.12-18.14.12:247][  0]LogTemp: Display: Loaded TP LinuxTargetPlatform
[2019.10.12-18.14.12:247][  0]LogTargetPlatformManager: Display: Building Assets For Windows
[2019.10.12-18.14.12:857][  0]LogXGEController: Cannot use XGE Controller as Incredibuild is not installed on this machine.
[2019.10.12-18.14.12:858][  0]LogShaderCompilers: Cannot use XGE Shader Compiler as Incredibuild is not installed on this machine.
[2019.10.12-18.14.12:858][  0]LogShaderCompilers: Display: Using Local Shader Compiler.
[2019.10.12-18.14.15:407][  0]LogDerivedDataCache: Display: Max Cache Size: 512 MB
[2019.10.12-18.14.16:684][  0]LogDerivedDataCache: Loaded boot cache 1.28s 74MB C:/Users/Isabel/AppData/Local/UnrealEngine/4.19/DerivedDataCache/Boot.ddc.
[2019.10.12-18.14.16:684][  0]LogDerivedDataCache: Display: Loaded Boot cache: C:/Users/Isabel/AppData/Local/UnrealEngine/4.19/DerivedDataCache/Boot.ddc
[2019.10.12-18.14.16:685][  0]LogDerivedDataCache: FDerivedDataBackendGraph:  Pak pak cache file ../../../../../../Users/Isabel/Documents/Unreal Projects/TwerkingDead2/DerivedDataCache/DDC.ddp not found, will not use a pak cache.
[2019.10.12-18.14.16:685][  0]LogDerivedDataCache: Unable to find inner node Pak for hierarchical cache Hierarchy.
[2019.10.12-18.14.16:685][  0]LogDerivedDataCache: FDerivedDataBackendGraph:  CompressedPak pak cache file ../../../../../../Users/Isabel/Documents/Unreal Projects/TwerkingDead2/DerivedDataCache/Compressed.ddp not found, will not use a pak cache.
[2019.10.12-18.14.16:685][  0]LogDerivedDataCache: Unable to find inner node CompressedPak for hierarchical cache Hierarchy.
[2019.10.12-18.14.16:707][  0]LogDerivedDataCache: Display: Pak cache opened for reading ../../../Engine/DerivedDataCache/Compressed.ddp.
[2019.10.12-18.14.16:724][  0]LogDerivedDataCache: Using Local data cache path C:/Users/Isabel/AppData/Local/UnrealEngine/Common/DerivedDataCache: Writable
[2019.10.12-18.14.16:724][  0]LogDerivedDataCache: Shared data cache path not found in *engine.ini, will not use an Shared cache.
[2019.10.12-18.14.16:724][  0]LogDerivedDataCache: Unable to find inner node Shared for hierarchical cache Hierarchy.
[2019.10.12-18.14.16:771][  0]LogMaterial: Verifying Global Shaders for PCD3D_SM5
[2019.10.12-18.14.16:772][  0]LogSlate: Using Freetype 2.6.0
[2019.10.12-18.14.16:773][  0]LogSlate: SlateFontCache - WITH_FREETYPE: 1, WITH_HARFBUZZ: 1
[2019.10.12-18.14.16:773][  0]LogSlate: SlateFontCache - WITH_FREETYPE: 1, WITH_HARFBUZZ: 1
[2019.10.12-18.14.19:586][  0]LogAssetRegistry: FAssetRegistry took 0.0337 seconds to start up
[2019.10.12-18.14.20:476][  0]LogInit: Selected Device Profile: [Windows]
[2019.10.12-18.14.21:273][  0]LogSimplygon: Simplygon DLL not present - disabling.
[2019.10.12-18.14.21:299][  0]LogMeshReduction: Using SimplygonSwarm for distributed automatic mesh merging
[2019.10.12-18.14.21:299][  0]LogMeshReduction: Using QuadricMeshReduction for automatic static mesh reduction
[2019.10.12-18.14.21:299][  0]LogMeshReduction: No automatic skeletal mesh reduction module available
[2019.10.12-18.14.21:299][  0]LogMeshReduction: No automatic mesh merging module available
[2019.10.12-18.14.21:299][  0]LogMeshMerging: No automatic mesh merging module available
[2019.10.12-18.14.21:446][  0]LogNetVersion: TwerkingDead2 , NetCL: 3944462, EngineNetVer: 2, GameNetVer: 0 (Checksum: 1654180667)
[2019.10.12-18.14.25:694][  0]LogPackageLocalizationCache: Processed 9 localized package path(s) for 1 prioritized culture(s) in 0.124853 seconds
[2019.10.12-18.14.25:704][  0]LogUObjectArray: 36728 objects as part of root set at end of initial load.
[2019.10.12-18.14.25:704][  0]LogUObjectAllocator: 7314312 out of 0 bytes used by permanent object pool.
[2019.10.12-18.14.25:704][  0]LogUObjectArray: CloseDisregardForGC: 0/0 objects in disregard for GC pool
[2019.10.12-18.14.35:010][  0]LogTcpMessaging: Initializing TcpMessaging bridge
[2019.10.12-18.14.35:060][  0]LogUdpMessaging: Initializing bridge on interface 0.0.0.0:0 to multicast group 230.0.0.1:6666.
[2019.10.12-18.14.35:756][  0]SourceControl: Source control is disabled
[2019.10.12-18.14.35:756][  0]SourceControl: Source control is disabled
[2019.10.12-18.14.35:782][  0]SourceControl: Source control is disabled
[2019.10.12-18.14.35:808][  0]SourceControl: Source control is disabled
[2019.10.12-18.14.36:726][  0]LogAndroidPermission: UAndroidPermissionCallbackProxy::GetInstance
[2019.10.12-18.14.37:029][  0]LogOcInput: OculusInput pre-init called
[2019.10.12-18.14.37:257][  0]LogEngine: Initializing Engine...
[2019.10.12-18.14.37:259][  0]LogHMD: Failed to initialize OpenVR with code 110
[2019.10.12-18.14.37:262][  0]LogStats: UGameplayTagsManager::ConstructGameplayTagTree: Construct from data asset -  0.000 s
[2019.10.12-18.14.37:262][  0]LogStats: UGameplayTagsManager::ConstructGameplayTagTree: GameplayTagTreeChangedEvent.Broadcast -  0.000 s
[2019.10.12-18.14.37:787][  0]LogAIModule: Creating AISystem for world Untitled
[2019.10.12-18.14.37:897][  0]LogInit: XAudio2 using 'Altavoces / Auriculares (Realtek Audio)' : 2 channels at 48 kHz using 32 bits per sample (channel mask 0x3)
[2019.10.12-18.14.38:099][  0]LogInit: FAudioDevice initialized.
[2019.10.12-18.14.38:344][  0]LogDerivedDataCache: Saved boot cache 0.24s 74MB C:/Users/Isabel/AppData/Local/UnrealEngine/4.19/DerivedDataCache/Boot.ddc.
[2019.10.12-18.14.38:378][  0]LogInit: Texture streaming: Enabled
[2019.10.12-18.14.38:440][  0]LogEngineSessionManager: EngineSessionManager initialized
[2019.10.12-18.14.38:488][  0]LogInit: Transaction tracking system initialized
[2019.10.12-18.14.38:760][  0]BlueprintLog: New page: Editor Load
[2019.10.12-18.14.39:009][  0]LocalizationService: Localization service is disabled
[2019.10.12-18.14.39:293][  0]LogConsoleResponse: Display: 
[2019.10.12-18.14.39:803][  0]LogCook: Display: Max memory allowance for cook 16384mb min free memory 0mb
[2019.10.12-18.14.39:803][  0]LogCook: Display: Mobile HDR setting 0
[2019.10.12-18.14.39:803][  0]LogGameplayTags: Display: UGameplayTagsManager::DoneAddingNativeTags. DelegateIsBound: 0
[2019.10.12-18.14.39:803][  0]LogStats: UGameplayTagsManager::ConstructGameplayTagTree: Construct from data asset -  0.000 s
[2019.10.12-18.14.39:803][  0]LogStats: UGameplayTagsManager::ConstructGameplayTagTree: GameplayTagTreeChangedEvent.Broadcast -  0.000 s
[2019.10.12-18.14.40:804][  0]LogFileCache: Scanning file cache for directory 'C:/Users/Isabel/Documents/Unreal Projects/TwerkingDead2/Content/' took 0.02s
[2019.10.12-18.14.41:172][  0]SourceControl: Source control is disabled
[2019.10.12-18.14.41:337][  0]LogSlate: Took 0.029418 seconds to synchronously load lazily loaded font '../../../Engine/Content/Slate/Fonts/Roboto-Regular.ttf' (155K)
[2019.10.12-18.15.01:442][  0]LogSlate: Window 'Restore Packages' being destroyed
[2019.10.12-18.15.01:443][  0]LogWindowsTextInputMethodSystem: Display: IME system now deactivated.
[2019.10.12-18.15.01:499][  0]LogWindowsTextInputMethodSystem: Display: IME system now deactivated.
[2019.10.12-18.15.01:500][  0]Cmd: MAP LOAD FILE="../../../../../../Users/Isabel/Documents/Unreal Projects/TwerkingDead2/Content/ThirdPersonBP/Maps/CompleteMap.umap" TEMPLATE=0 SHOWPROGRESS=1 FEATURELEVEL=3
[2019.10.12-18.15.01:501][  0]LightingResults: New page: Lighting Build
[2019.10.12-18.15.01:508][  0]MapCheck: New page: Map Check
[2019.10.12-18.15.01:508][  0]LightingResults: New page: Lighting Build
[2019.10.12-18.15.03:504][  0]LogAIModule: Creating AISystem for world CompleteMap
[2019.10.12-18.15.05:401][  0]LogEditorServer: Finished looking for orphan Actors (0.000 secs)
[2019.10.12-18.15.05:421][  0]Cmd: MAP CHECKDEP NOCLEARLOG
[2019.10.12-18.15.05:528][  0]MapCheck: Map check complete: 0 Error(s), 0 Warning(s), took 105.99ms to complete.
[2019.10.12-18.15.05:528][  0]LogFileHelpers: Loading map 'CompleteMap' took 4.027
[2019.10.12-18.15.05:926][  0]LogStats: Warning: MetaData mismatch. Did you assign a stat to two groups? New //STATGROUP_Threads//SplashScreenThread///Thread_4aa4_0///####STATCAT_Advanced#### old //STATGROUP_Threads//SplashScreenThread///Thread_4ee0_0///####STATCAT_Advanced####
[2019.10.12-18.15.05:926][  0]LogCollectionManager: Loaded 0 collections in 0.002194 seconds
[2019.10.12-18.15.05:976][  0]LogFileCache: Scanning file cache for directory 'C:/Users/Isabel/Documents/Unreal Projects/TwerkingDead2/Saved/Collections/' took 0.01s
[2019.10.12-18.15.05:976][  0]LogFileCache: Scanning file cache for directory 'C:/Users/Isabel/Documents/Unreal Projects/TwerkingDead2/Content/Developers/Isabel/Collections/' took 0.01s
[2019.10.12-18.15.05:976][  0]LogFileCache: Scanning file cache for directory 'C:/Users/Isabel/Documents/Unreal Projects/TwerkingDead2/Content/Collections/' took 0.01s
[2019.10.12-18.15.05:976][  0]LogCollectionManager: Rebuilt the GUID cache for 0 collections in 0.000001 seconds
[2019.10.12-18.15.05:988][  0]LogContentBrowser: Native class hierarchy populated in 0.0120 seconds. Added 2452 classes and 558 folders.
[2019.10.12-18.15.05:999][  0]LogContentBrowser: Native class hierarchy updated for 'WidgetCarousel' in 0.0003 seconds. Added 0 classes and 0 folders.
[2019.10.12-18.15.06:987][  0]LogContentBrowser: Native class hierarchy updated for 'AddContentDialog' in 0.0002 seconds. Added 0 classes and 0 folders.
[2019.10.12-18.15.06:994][  0]LogContentBrowser: Native class hierarchy updated for 'SceneOutliner' in 0.0004 seconds. Added 1 classes and 2 folders.
[2019.10.12-18.15.07:126][  0]LogSlate: Took 0.003426 seconds to synchronously load lazily loaded font '../../../Engine/Content/Slate/Fonts/Roboto-Bold.ttf' (160K)
[2019.10.12-18.15.07:200][  0]LogSlate: Took 0.062980 seconds to synchronously load lazily loaded font '../../../Engine/Content/Editor/Slate/Fonts/FontAwesome.ttf' (139K)
[2019.10.12-18.15.07:440][  0]LogRenderer: Reallocating scene render targets to support 1120x652 Format 10 NumSamples 1 (Frame:1).
[2019.10.12-18.15.07:480][  0]LogSlate: Took 0.009002 seconds to synchronously load lazily loaded font '../../../Engine/Content/Slate/Fonts/Roboto-Light.ttf' (167K)
[2019.10.12-18.15.07:596][  0]LogContentBrowser: Native class hierarchy updated for 'HierarchicalLODOutliner' in 0.0002 seconds. Added 0 classes and 0 folders.
[2019.10.12-18.15.07:596][  0]LogLoad: (Engine Initialization) Total time: 91.96 seconds
[2019.10.12-18.15.07:596][  0]LogLoad: (Engine Initialization) Total Blueprint compile time: 0.00 seconds
[2019.10.12-18.15.07:640][  0]LogContentStreaming: Texture pool size now 1000 MB
[2019.10.12-18.15.07:771][  2]LogAssetRegistry: Asset discovery search completed in 48.2090 seconds
[2019.10.12-18.15.07:776][  2]LogCollectionManager: Rebuilt the object cache for 0 collections in 0.000001 seconds (found 0 objects)
[2019.10.12-18.15.07:777][  2]LogCollectionManager: Fixed up redirectors for 0 collections in 0.000116 seconds (updated 0 objects)
[2019.10.12-18.15.10:021][130]LogEditorViewport: Clicking on Actor (LMB): StaticMeshActor (sm_RightWallPart2)
[2019.10.12-18.15.19:106][648]LogEditorViewport: Clicking on Actor (LMB): StaticMeshActor (sm_BackWall2)
[2019.10.12-18.15.20:460][726]LogEditorViewport: Clicking on Actor (LMB): StaticMeshActor (sm_BackWall)
[2019.10.12-18.15.36:576][308]LogSlate: FSceneViewport::OnFocusLost() reason 0
[2019.10.12-18.16.52:482][292]LogSlate: Took 0.020695 seconds to synchronously load lazily loaded font '../../../Engine/Content/Slate/Fonts/Roboto-Italic.ttf' (157K)
[2019.10.12-18.17.38:560][742]LogEditorViewport: Clicking on Actor (LMB): StaticMeshActor (sm_CubiclesWall)
[2019.10.12-18.19.09:076][902]LogEditorViewport: Clicking on Actor (LMB): StaticMeshActor (sm_BackWall)
[2019.10.12-18.19.51:955][571]LogEditorViewport: Clicking on Actor (LMB): StaticMeshActor (sm_CubiclesWall)
[2019.10.12-18.20.38:176][ 98]LogEditorViewport: Clicking on Actor (LMB): StaticMeshActor (sm_FrontWall)
[2019.10.12-18.21.01:967][532]LogEditorViewport: Clicking on Actor (LMB): StaticMeshActor (sm_BackWall)
[2019.10.12-18.21.04:846][702]LogSlate: FSceneViewport::OnFocusLost() reason 0
[2019.10.12-18.22.51:355][351]LogEditorViewport: Clicking on Actor (LMB): StaticMeshActor (sm_FrontWall)
[2019.10.12-18.22.56:955][684]LogEditorViewport: Clicking on Actor (LMB): StaticMeshActor (sm_FrontWall2)
[2019.10.12-18.23.14:389][727]LogEditorViewport: Clicking on Actor (LMB): StaticMeshActor (sm_FrontWall2)
[2019.10.12-18.23.43:125][450]LogSlate: FSceneViewport::OnFocusLost() reason 0
[2019.10.12-18.25.06:072][999]LogSlate: Took 0.000249 seconds to synchronously load lazily loaded font '../../../Engine/Content/Slate/Fonts/Roboto-Light.ttf' (167K)
[2019.10.12-18.25.15:681][ 27]LogSavePackage: Save=195.54ms
[2019.10.12-18.25.15:681][ 27]LogSavePackage: Moving '../../../../../../Users/Isabel/Documents/Unreal Projects/TwerkingDead2/Saved/CompleteMap_Auto12CBCB8C74456B1F312B7CE9A690D7E2B.tmp' to '../../../../../../Users/Isabel/Documents/Unreal Projects/TwerkingDead2/Saved/Autosaves/Game/ThirdPersonBP/Maps/CompleteMap_Auto1.umap'
[2019.10.12-18.25.15:692][ 27]LogSavePackage: Display: Finished SavePackage ../../../../../../Users/Isabel/Documents/Unreal Projects/TwerkingDead2/Saved/Autosaves/Game/ThirdPersonBP/Maps/CompleteMap_Auto1.umap
[2019.10.12-18.25.15:732][ 27]LogFileHelpers: Editor autosave (incl. sublevels) for '/Game/ThirdPersonBP/Maps/CompleteMap' took 0.307
[2019.10.12-18.25.15:732][ 27]LogFileHelpers: Editor autosave (incl. sublevels) for all levels took 0.307
[2019.10.12-18.25.51:941][667]LogEditorViewport: Clicking on Actor (LMB): StaticMeshActor (sm_BackWall2)
[2019.10.12-18.26.00:698][189]LogSlate: FSceneViewport::OnFocusLost() reason 0
[2019.10.12-18.28.48:557][ 23]LogEditorViewport: Clicking on Actor (LMB): StaticMeshActor (sm_FloorPart1)
[2019.10.12-18.29.40:119][865]LogSlate: FSceneViewport::OnFocusLost() reason 0
[2019.10.12-18.35.10:276][388]LogSlate: FSceneViewport::OnFocusLost() reason 0
[2019.10.12-18.35.35:518][841]LogSavePackage: Save=188.54ms
[2019.10.12-18.35.35:518][841]LogSavePackage: Moving '../../../../../../Users/Isabel/Documents/Unreal Projects/TwerkingDead2/Saved/CompleteMap_Auto2ABCF06FF48E24FEFF033A19DF8FCDF92.tmp' to '../../../../../../Users/Isabel/Documents/Unreal Projects/TwerkingDead2/Saved/Autosaves/Game/ThirdPersonBP/Maps/CompleteMap_Auto2.umap'
[2019.10.12-18.35.35:520][841]LogSavePackage: Display: Finished SavePackage ../../../../../../Users/Isabel/Documents/Unreal Projects/TwerkingDead2/Saved/Autosaves/Game/ThirdPersonBP/Maps/CompleteMap_Auto2.umap
[2019.10.12-18.35.35:523][841]LogFileHelpers: Editor autosave (incl. sublevels) for '/Game/ThirdPersonBP/Maps/CompleteMap' took 0.226
[2019.10.12-18.35.35:523][841]LogFileHelpers: Editor autosave (incl. sublevels) for all levels took 0.226
[2019.10.12-18.35.59:466][686]Cmd: BRUSH ADD SELECTNEWBRUSH
[2019.10.12-18.36.00:899][753]LogSlate: FSceneViewport::OnFocusLost() reason 0
[2019.10.12-18.36.35:869][832]LogEditorViewport: Clicking on Actor (LMB): StaticMeshActor (sm_RightWallPart1)
[2019.10.12-18.36.37:509][927]LogEditorViewport: Clicking on Actor (LMB): StaticMeshActor (sm_FloorPart1)
[2019.10.12-18.36.54:578][946]LogEditorViewport: Clicking on Actor (LMB): StaticMeshActor (sm_FrontWall)
[2019.10.12-18.37.13:253][ 39]LogEditorViewport: Clicking on Actor (LMB): StaticMeshActor (sm_FloorPart1)
[2019.10.12-18.37.27:098][863]LogEditorViewport: Clicking on Actor (LMB): StaticMeshActor (sm_FloorPart1)
[2019.10.12-18.37.29:636][ 12]Cmd: TRANSACTION UNDO
[2019.10.12-18.37.29:636][ 12]LogEditorTransaction: Undo Clicking on Actors
[2019.10.12-18.37.30:016][ 32]Cmd: TRANSACTION UNDO
[2019.10.12-18.37.30:016][ 32]LogEditorTransaction: Undo Select Brush Surface
[2019.10.12-18.37.30:366][ 47]Cmd: TRANSACTION UNDO
[2019.10.12-18.37.30:366][ 47]LogEditorTransaction: Undo Clicking on Actors
[2019.10.12-18.37.30:742][ 68]Cmd: TRANSACTION UNDO
[2019.10.12-18.37.30:742][ 68]LogEditorTransaction: Undo Move Actors
[2019.10.12-18.37.31:062][ 82]Cmd: TRANSACTION UNDO
[2019.10.12-18.37.31:062][ 82]LogEditorTransaction: Undo Select Brush Surface
[2019.10.12-18.37.31:616][112]Cmd: TRANSACTION UNDO
[2019.10.12-18.37.31:616][112]LogEditorTransaction: Undo Move Actors
[2019.10.12-18.37.32:834][179]Cmd: TRANSACTION UNDO
[2019.10.12-18.37.32:834][179]LogEditorTransaction: Undo Clicking on Actors
[2019.10.12-18.37.33:510][217]Cmd: TRANSACTION UNDO
[2019.10.12-18.37.33:510][217]LogEditorTransaction: Undo Move Actors
[2019.10.12-18.37.34:166][256]Cmd: TRANSACTION UNDO
[2019.10.12-18.37.34:166][256]LogEditorTransaction: Undo Move Actors
[2019.10.12-18.37.35:421][331]Cmd: TRANSACTION UNDO
[2019.10.12-18.37.35:421][331]LogEditorTransaction: Undo Clicking on Actors
[2019.10.12-18.37.35:996][363]Cmd: TRANSACTION UNDO
[2019.10.12-18.37.35:996][363]LogEditorTransaction: Undo Clicking on Actors
[2019.10.12-18.37.36:619][399]Cmd: TRANSACTION UNDO
[2019.10.12-18.37.36:619][399]LogEditorTransaction: Undo Snap Actors To Floor
[2019.10.12-18.37.38:860][530]LogEditorViewport: Clicking on Actor (LMB): StaticMeshActor (sm_FrontWall)
[2019.10.12-18.37.44:303][851]LogEditorViewport: Clicking on Actor (LMB): StaticMeshActor (sm_FrontWall)
[2019.10.12-18.37.46:094][955]Cmd: CAMERA ALIGN ACTIVEVIEWPORTONLY
[2019.10.12-18.38.13:872][617]LogEditorViewport: Clicking on Actor (LMB): StaticMeshActor (sm_FrontWall)
[2019.10.12-18.41.12:246][583]LogSlate: FSceneViewport::OnFocusLost() reason 0
[2019.10.12-18.42.51:075][725]LogEditorViewport: Clicking on Actor (LMB): StaticMeshActor (sm_RoofPart1)
[2019.10.12-18.42.56:563][ 51]LogSlate: FSceneViewport::OnFocusLost() reason 0
[2019.10.12-18.45.30:155][959]LogEditorViewport: Clicking on Actor (LMB): StaticMeshActor (sm_RightWallPart1)
[2019.10.12-18.45.31:350][ 28]LogEditorViewport: Clicking on Actor (LMB): StaticMeshActor (sm_RightWall)
[2019.10.12-18.45.31:970][ 62]LogEditorViewport: Clicking on Actor (LMB): StaticMeshActor (sm_RightWallPart2)
[2019.10.12-18.45.32:821][110]LogEditorViewport: Clicking on Actor (LMB): StaticMeshActor (sm_RightWallPart1)
[2019.10.12-18.45.44:349][799]LogSlate: FSceneViewport::OnFocusLost() reason 0
[2019.10.12-18.46.43:913][658]LogSavePackage: Save=197.55ms
[2019.10.12-18.46.43:913][658]LogSavePackage: Moving '../../../../../../Users/Isabel/Documents/Unreal Projects/TwerkingDead2/Saved/CompleteMap_Auto3D43A056149E7A23A7B3E26976781A05B.tmp' to '../../../../../../Users/Isabel/Documents/Unreal Projects/TwerkingDead2/Saved/Autosaves/Game/ThirdPersonBP/Maps/CompleteMap_Auto3.umap'
[2019.10.12-18.46.43:916][658]LogSavePackage: Display: Finished SavePackage ../../../../../../Users/Isabel/Documents/Unreal Projects/TwerkingDead2/Saved/Autosaves/Game/ThirdPersonBP/Maps/CompleteMap_Auto3.umap
[2019.10.12-18.46.43:918][658]LogFileHelpers: Editor autosave (incl. sublevels) for '/Game/ThirdPersonBP/Maps/CompleteMap' took 0.250
[2019.10.12-18.46.43:918][658]LogFileHelpers: Editor autosave (incl. sublevels) for all levels took 0.250
[2019.10.12-18.50.14:682][169]LogEditorViewport: Clicking on Actor (LMB): StaticMeshActor (sm_LeftWallPart1)
[2019.10.12-18.50.18:666][405]LogSlate: FSceneViewport::OnFocusLost() reason 0
[2019.10.12-18.58.37:667][295]LogEditorViewport: Clicking on Actor (LMB): StaticMeshActor (sm_LeftWallPart2)
[2019.10.12-18.58.51:872][144]LogSlate: FSceneViewport::OnFocusLost() reason 0
[2019.10.12-19.07.21:717][968]LogEditorViewport: Clicking on Actor (LMB): StaticMeshActor (sm_RightWallPart2)
[2019.10.12-19.07.23:736][ 86]LogSlate: FSceneViewport::OnFocusLost() reason 0
[2019.10.12-19.11.28:650][276]LogEditorViewport: Clicking on Actor (LMB): StaticMeshActor (sm_RightWallPart3)
[2019.10.12-19.13.32:493][281]LogSlate: FSceneViewport::OnFocusLost() reason 0
[2019.10.12-19.14.57:324][832]LogEditorViewport: Clicking on Actor (LMB): StaticMeshActor (sm_LeftWallPart3)
[2019.10.12-19.16.49:319][171]LogSlate: FSceneViewport::OnFocusLost() reason 0
[2019.10.12-19.18.58:850][197]LogEditorViewport: Clicking on Actor (LMB): StaticMeshActor (sm_RoofPart1)
[2019.10.12-19.19.57:430][707]LogEditorViewport: Clicking on Actor (LMB): StaticMeshActor (sm_LeftJailWall1)
[2019.10.12-19.20.06:115][225]LogSlate: FSceneViewport::OnFocusLost() reason 0
[2019.10.12-19.28.37:387][746]LogSlate: Window 'Save Content' being destroyed
[2019.10.12-19.28.37:472][746]LogSlate: Window 'TwerkingDead2 - Unreal Editor' being destroyed
[2019.10.12-19.28.37:744][747]Cmd: QUIT_EDITOR
[2019.10.12-19.28.37:980][747]LogWindowsTextInputMethodSystem: Display: IME system now deactivated.
[2019.10.12-19.28.37:994][747]LogSlate: Slate User Destroyed.  User Index 0, Is Virtual User: 0
[2019.10.12-19.28.37:994][747]LogExit: Preparing to exit.
[2019.10.12-19.28.38:444][747]LogDirectoryWatcher: A directory notification for 'C:/Users/Isabel/Documents/Unreal Projects/TwerkingDead2/Content/' was aborted.
[2019.10.12-19.28.38:499][747]LogExit: Editor shut down
[2019.10.12-19.28.38:522][747]LogExit: Transaction tracking system shut down
[2019.10.12-19.28.38:639][747]LogDirectoryWatcher: A directory notification for '../../../Engine/Content/' was aborted.
[2019.10.12-19.28.38:639][747]LogDirectoryWatcher: A directory notification for '../../../../../../Users/Isabel/Documents/Unreal Projects/TwerkingDead2/Content/' was aborted.
[2019.10.12-19.28.38:639][747]LogDirectoryWatcher: A directory notification for '../../Plugins/2D/Paper2D/Content/' was aborted.
[2019.10.12-19.28.38:639][747]LogDirectoryWatcher: A directory notification for '../../Plugins/Enterprise/DatasmithContent/Content/' was aborted.
[2019.10.12-19.28.38:639][747]LogDirectoryWatcher: A directory notification for '../../Plugins/Media/MediaCompositing/Content/' was aborted.
[2019.10.12-19.28.38:639][747]LogDirectoryWatcher: A directory notification for '../../Plugins/Runtime/AppleARKit/Content/' was aborted.
[2019.10.12-19.28.38:639][747]LogDirectoryWatcher: A directory notification for '../../Plugins/Runtime/Oculus/OculusVR/Content/' was aborted.
[2019.10.12-19.28.38:639][747]LogDirectoryWatcher: A directory notification for '../../Plugins/Runtime/Steam/SteamVR/Content/' was aborted.
[2019.10.12-19.28.38:738][747]LogExit: Object subsystem successfully closed.
[2019.10.12-19.28.38:763][747]LogShaderCompilers: Display: Shaders left to compile 0
[2019.10.12-19.28.38:767][747]LogD3D11RHI: Shutdown
[2019.10.12-19.28.38:767][747]LogD3D11RHI: CleanupD3DDevice
[2019.10.12-19.28.38:771][747]LogD3D11RHI: ~FD3D11DynamicRHI
[2019.10.12-19.28.38:796][747]LogModuleManager: Shutting down and abandoning module HierarchicalLODOutliner (574)
[2019.10.12-19.28.38:796][747]LogModuleManager: Shutting down and abandoning module SceneOutliner (572)
[2019.10.12-19.28.38:796][747]LogModuleManager: Shutting down and abandoning module AddContentDialog (570)
[2019.10.12-19.28.38:796][747]LogDirectoryWatcher: A directory notification for 'C:/Program Files/Epic Games/UE_4.19/FeaturePacks/' was aborted.
[2019.10.12-19.28.38:801][747]LogModuleManager: Shutting down and abandoning module WidgetCarousel (569)
[2019.10.12-19.28.38:801][747]LogModuleManager: Shutting down and abandoning module EditorWidgets (566)
[2019.10.12-19.28.38:801][747]LogModuleManager: Shutting down and abandoning module CollectionManager (564)
[2019.10.12-19.28.38:801][747]LogDirectoryWatcher: A directory notification for 'C:/Users/Isabel/Documents/Unreal Projects/TwerkingDead2/Content/Collections/' was aborted.
[2019.10.12-19.28.38:801][747]LogDirectoryWatcher: A directory notification for 'C:/Users/Isabel/Documents/Unreal Projects/TwerkingDead2/Content/Developers/Isabel/Collections/' was aborted.
[2019.10.12-19.28.38:801][747]LogDirectoryWatcher: A directory notification for 'C:/Users/Isabel/Documents/Unreal Projects/TwerkingDead2/Saved/Collections/' was aborted.
[2019.10.12-19.28.38:801][747]LogModuleManager: Shutting down and abandoning module StatsViewer (562)
[2019.10.12-19.28.38:801][747]LogModuleManager: Shutting down and abandoning module FoliageEdit (560)
[2019.10.12-19.28.38:801][747]LogModuleManager: Shutting down and abandoning module LandscapeEditor (558)
[2019.10.12-19.28.38:801][747]LogModuleManager: Shutting down and abandoning module MeshPaintMode (556)
[2019.10.12-19.28.38:801][747]LogModuleManager: Shutting down and abandoning module SceneDepthPickerMode (554)
[2019.10.12-19.28.38:801][747]LogModuleManager: Shutting down and abandoning module ActorPickerMode (552)
[2019.10.12-19.28.38:801][747]LogModuleManager: Shutting down and abandoning module GeometryMode (550)
[2019.10.12-19.28.38:801][747]LogModuleManager: Shutting down and abandoning module TextureAlignMode (548)
[2019.10.12-19.28.38:801][747]LogModuleManager: Shutting down and abandoning module BspMode (546)
[2019.10.12-19.28.38:801][747]LogModuleManager: Shutting down and abandoning module PIEPreviewDeviceProfileSelector (544)
[2019.10.12-19.28.38:801][747]LogModuleManager: Shutting down and abandoning module HardwareSurvey (542)
[2019.10.12-19.28.38:801][747]LogModuleManager: Shutting down and abandoning module SequenceRecorderSections (540)
[2019.10.12-19.28.38:801][747]LogModuleManager: Shutting down and abandoning module AutomationWorker (538)
[2019.10.12-19.28.38:801][747]LogModuleManager: Shutting down and abandoning module AudioCaptureEditor (536)
[2019.10.12-19.28.38:801][747]LogModuleManager: Shutting down and abandoning module SequenceRecorder (535)
[2019.10.12-19.28.38:801][747]LogModuleManager: Shutting down and abandoning module MatineeToLevelSequence (532)
[2019.10.12-19.28.38:801][747]LogModuleManager: Shutting down and abandoning module LevelSequenceEditor (530)
[2019.10.12-19.28.38:802][747]LogModuleManager: Shutting down and abandoning module PlacementMode (529)
[2019.10.12-19.28.38:802][747]LogModuleManager: Shutting down and abandoning module MaterialEditor (528)
[2019.10.12-19.28.38:802][747]LogModuleManager: Shutting down and abandoning module WmfMediaFactory (524)
[2019.10.12-19.28.38:802][747]LogModuleManager: Shutting down and abandoning module WmfMediaEditor (522)
[2019.10.12-19.28.38:802][747]LogModuleManager: Shutting down and abandoning module MediaPlayerEditor (520)
[2019.10.12-19.28.38:802][747]LogModuleManager: Shutting down and abandoning module OpenExrWrapper (518)
[2019.10.12-19.28.38:802][747]LogModuleManager: Shutting down and abandoning module ImgMediaFactory (516)
[2019.10.12-19.28.38:802][747]LogModuleManager: Shutting down and abandoning module ImgMediaEditor (514)
[2019.10.12-19.28.38:802][747]LogModuleManager: Shutting down and abandoning module AvfMediaFactory (512)
[2019.10.12-19.28.38:802][747]LogModuleManager: Shutting down and abandoning module AvfMediaEditor (510)
[2019.10.12-19.28.38:802][747]LogModuleManager: Shutting down and abandoning module AndroidMediaFactory (508)
[2019.10.12-19.28.38:802][747]LogModuleManager: Shutting down and abandoning module AndroidMediaEditor (506)
[2019.10.12-19.28.38:802][747]LogModuleManager: Shutting down and abandoning module CharacterAI (504)
[2019.10.12-19.28.38:802][747]LogModuleManager: Shutting down and abandoning module SmartSnapping (502)
[2019.10.12-19.28.38:802][747]LogModuleManager: Shutting down and abandoning module SessionServices (500)
[2019.10.12-19.28.38:802][747]LogModuleManager: Shutting down and abandoning module ViewportSnapping (498)
[2019.10.12-19.28.38:802][747]LogModuleManager: Shutting down and abandoning module ViewportInteraction (496)
[2019.10.12-19.28.38:802][747]LogModuleManager: Shutting down and abandoning module ClothPainter (494)
[2019.10.12-19.28.38:802][747]LogModuleManager: Shutting down and abandoning module SkeletalMeshEditor (493)
[2019.10.12-19.28.38:802][747]LogModuleManager: Shutting down and abandoning module LogVisualizer (490)
[2019.10.12-19.28.38:802][747]LogModuleManager: Shutting down and abandoning module IntroTutorials (488)
[2019.10.12-19.28.38:802][747]LogModuleManager: Shutting down and abandoning module GameProjectGeneration (487)
[2019.10.12-19.28.38:802][747]LogModuleManager: Shutting down and abandoning module IOSPlatformEditor (484)
[2019.10.12-19.28.38:802][747]LogModuleManager: Shutting down and abandoning module HTML5PlatformEditor (482)
[2019.10.12-19.28.38:803][747]LogModuleManager: Shutting down and abandoning module AndroidPlatformEditor (480)
[2019.10.12-19.28.38:803][747]LogModuleManager: Shutting down and abandoning module AndroidDeviceDetection (479)
[2019.10.12-19.28.38:998][747]LogModuleManager: Shutting down and abandoning module WindowsPlatformEditor (476)
[2019.10.12-19.28.38:998][747]LogModuleManager: Shutting down and abandoning module IOSRuntimeSettings (474)
[2019.10.12-19.28.38:998][747]LogModuleManager: Shutting down and abandoning module AndroidRuntimeSettings (472)
[2019.10.12-19.28.38:998][747]LogModuleManager: Shutting down and abandoning module InputBindingEditor (470)
[2019.10.12-19.28.38:998][747]LogModuleManager: Shutting down and abandoning module MergeActors (468)
[2019.10.12-19.28.38:998][747]LogModuleManager: Shutting down and abandoning module LocalizationDashboard (466)
[2019.10.12-19.28.38:998][747]LogModuleManager: Shutting down and abandoning module LocalizationService (465)
[2019.10.12-19.28.38:998][747]LogModuleManager: Shutting down and abandoning module HardwareTargeting (462)
[2019.10.12-19.28.38:999][747]LogModuleManager: Shutting down and abandoning module DeviceProfileEditor (460)
[2019.10.12-19.28.38:999][747]LogModuleManager: Shutting down and abandoning module UndoHistory (458)
[2019.10.12-19.28.38:999][747]LogModuleManager: Shutting down and abandoning module XmlParser (456)
[2019.10.12-19.28.38:999][747]LogModuleManager: Shutting down and abandoning module Blutility (454)
[2019.10.12-19.28.38:999][747]LogModuleManager: Shutting down and abandoning module ProjectSettingsViewer (452)
[2019.10.12-19.28.38:999][747]LogModuleManager: Shutting down and abandoning module ProjectTargetPlatformEditor (451)
[2019.10.12-19.28.38:999][747]LogModuleManager: Shutting down and abandoning module EditorSettingsViewer (448)
[2019.10.12-19.28.38:999][747]LogModuleManager: Shutting down and abandoning module SettingsEditor (446)
[2019.10.12-19.28.38:999][747]LogModuleManager: Shutting down and abandoning module ProjectLauncher (444)
[2019.10.12-19.28.38:999][747]LogModuleManager: Shutting down and abandoning module SessionFrontend (442)
[2019.10.12-19.28.38:999][747]LogModuleManager: Shutting down and abandoning module ProfilerClient (440)
[2019.10.12-19.28.38:999][747]LogModuleManager: Shutting down and abandoning module DeviceManager (438)
[2019.10.12-19.28.38:999][747]LogModuleManager: Shutting down and abandoning module TargetDeviceServices (437)
[2019.10.12-19.28.39:064][747]LogModuleManager: Shutting down and abandoning module AutomationController (434)
[2019.10.12-19.28.39:064][747]LogModuleManager: Shutting down and abandoning module AutomationWindow (432)
[2019.10.12-19.28.39:064][747]LogModuleManager: Shutting down and abandoning module Layers (430)
[2019.10.12-19.28.39:064][747]LogModuleManager: Shutting down and abandoning module ComponentVisualizers (428)
[2019.10.12-19.28.39:064][747]LogModuleManager: Shutting down and abandoning module DetailCustomizations (426)
[2019.10.12-19.28.39:064][747]LogModuleManager: Shutting down and abandoning module PackagesDialog (424)
[2019.10.12-19.28.39:064][747]LogModuleManager: Shutting down and abandoning module Persona (422)
[2019.10.12-19.28.39:064][747]LogModuleManager: Shutting down and abandoning module AdvancedPreviewScene (421)
[2019.10.12-19.28.39:064][747]LogModuleManager: Shutting down and abandoning module AnimGraph (419)
[2019.10.12-19.28.39:064][747]LogModuleManager: Shutting down and abandoning module Kismet (416)
[2019.10.12-19.28.39:064][747]LogModuleManager: Shutting down and abandoning module GraphEditor (414)
[2019.10.12-19.28.39:065][747]LogModuleManager: Shutting down and abandoning module ClassViewer (412)
[2019.10.12-19.28.39:065][747]LogModuleManager: Shutting down and abandoning module Toolbox (410)
[2019.10.12-19.28.39:065][747]LogModuleManager: Shutting down and abandoning module ModuleUI (408)
[2019.10.12-19.28.39:065][747]LogModuleManager: Shutting down and abandoning module MovieSceneTools (406)
[2019.10.12-19.28.39:065][747]LogModuleManager: Shutting down and abandoning module OutputLog (404)
[2019.10.12-19.28.39:065][747]LogModuleManager: Shutting down and abandoning module GammaUI (402)
[2019.10.12-19.28.39:065][747]LogModuleManager: Shutting down and abandoning module Documentation (400)
[2019.10.12-19.28.39:065][747]LogModuleManager: Shutting down and abandoning module MovieSceneTracks (398)
[2019.10.12-19.28.39:065][747]LogModuleManager: Shutting down and abandoning module MovieScene (396)
[2019.10.12-19.28.39:065][747]LogModuleManager: Shutting down and abandoning module StreamingPauseRendering (394)
[2019.10.12-19.28.39:065][747]LogModuleManager: Shutting down and abandoning module LauncherPlatform (392)
[2019.10.12-19.28.39:065][747]LogModuleManager: Shutting down and abandoning module AnalyticsET (390)
[2019.10.12-19.28.39:065][747]LogModuleManager: Shutting down and abandoning module PortalServices (388)
[2019.10.12-19.28.39:065][747]LogModuleManager: Shutting down and abandoning module PortalRpc (386)
[2019.10.12-19.28.39:065][747]LogModuleManager: Shutting down and abandoning module MessagingRpc (384)
[2019.10.12-19.28.39:065][747]LogModuleManager: Shutting down and abandoning module AIModule (382)
[2019.10.12-19.28.39:065][747]LogModuleManager: Shutting down and abandoning module GameplayDebugger (381)
[2019.10.12-19.28.39:065][747]LogModuleManager: Shutting down and abandoning module AITestSuite (379)
[2019.10.12-19.28.39:065][747]LogModuleManager: Shutting down and abandoning module DesktopPlatform (376)
[2019.10.12-19.28.39:065][747]LogModuleManager: Shutting down and abandoning module ProfilerService (374)
[2019.10.12-19.28.39:213][747]LogModuleManager: Shutting down and abandoning module TaskGraph (372)
[2019.10.12-19.28.39:213][747]LogModuleManager: Shutting down and abandoning module SteamVRController (370)
[2019.10.12-19.28.39:213][747]LogModuleManager: Shutting down and abandoning module ProceduralMeshComponentEditor (368)
[2019.10.12-19.28.39:213][747]LogModuleManager: Shutting down and abandoning module ProceduralMeshComponent (366)
[2019.10.12-19.28.39:213][747]LogModuleManager: Shutting down and abandoning module OculusInput (364)
[2019.10.12-19.28.39:213][747]LogModuleManager: Shutting down and abandoning module MobilePatchingUtils (362)
[2019.10.12-19.28.39:213][747]LogModuleManager: Shutting down and abandoning module CustomMeshComponent (360)
[2019.10.12-19.28.39:213][747]LogModuleManager: Shutting down and abandoning module CableComponent (358)
[2019.10.12-19.28.39:213][747]LogModuleManager: Shutting down and abandoning module AudioCapture (356)
[2019.10.12-19.28.39:213][747]LogModuleManager: Shutting down and abandoning module ArchVisCharacter (354)
[2019.10.12-19.28.39:213][747]LogModuleManager: Shutting down and abandoning module AndroidPermission (352)
[2019.10.12-19.28.39:213][747]LogModuleManager: Shutting down and abandoning module NUTUnrealEngine4 (348)
[2019.10.12-19.28.39:213][747]LogModuleManager: Shutting down and abandoning module NetcodeUnitTest (346)
[2019.10.12-19.28.39:213][747]LogModuleManager: Shutting down and abandoning module MediaCompositingEditor (344)
[2019.10.12-19.28.39:213][747]LogModuleManager: Shutting down and abandoning module MediaCompositing (342)
[2019.10.12-19.28.39:213][747]LogModuleManager: Shutting down and abandoning module LinearTimecode (340)
[2019.10.12-19.28.39:213][747]LogModuleManager: Shutting down and abandoning module ImgMedia (338)
[2019.10.12-19.28.39:225][747]LogModuleManager: Shutting down and abandoning module HTML5Networking (336)
[2019.10.12-19.28.39:225][747]LogModuleManager: Shutting down and abandoning module AlembicImporter (334)
[2019.10.12-19.28.39:225][747]LogModuleManager: Shutting down and abandoning module AlembicLibrary (333)
[2019.10.12-19.28.39:225][747]LogModuleManager: Shutting down and abandoning module GeometryCache (332)
[2019.10.12-19.28.39:225][747]LogModuleManager: Shutting down and abandoning module GeometryCacheEd (331)
[2019.10.12-19.28.39:225][747]LogModuleManager: Shutting down and abandoning module DatasmithContent (326)
[2019.10.12-19.28.39:225][747]LogModuleManager: Shutting down and abandoning module SpeedTreeImporter (324)
[2019.10.12-19.28.39:225][747]LogModuleManager: Shutting down and abandoning module PluginBrowser (322)
[2019.10.12-19.28.39:225][747]LogModuleManager: Shutting down and abandoning module MobileLauncherProfileWizard (320)
[2019.10.12-19.28.39:226][747]LogModuleManager: Shutting down and abandoning module CryptoKeysOpenSSL (318)
[2019.10.12-19.28.39:226][747]LogModuleManager: Shutting down and abandoning module CryptoKeys (316)
[2019.10.12-19.28.39:226][747]LogModuleManager: Shutting down and abandoning module VisualStudioSourceCodeAccess (314)
[2019.10.12-19.28.39:226][747]LogModuleManager: Shutting down and abandoning module VisualStudioCodeSourceCodeAccess (312)
[2019.10.12-19.28.39:226][747]LogModuleManager: Shutting down and abandoning module UObjectPlugin (310)
[2019.10.12-19.28.39:226][747]LogModuleManager: Shutting down and abandoning module SubversionSourceControl (308)
[2019.10.12-19.28.39:226][747]LogModuleManager: Shutting down and abandoning module PerforceSourceControl (306)
[2019.10.12-19.28.39:226][747]LogModuleManager: Shutting down and abandoning module GitSourceControl (304)
[2019.10.12-19.28.39:226][747]LogModuleManager: Shutting down and abandoning module SourceControl (303)
[2019.10.12-19.28.39:226][747]LogModuleManager: Shutting down and abandoning module CLionSourceCodeAccess (300)
[2019.10.12-19.28.39:226][747]LogModuleManager: Shutting down and abandoning module LightPropagationVolumeEditor (298)
[2019.10.12-19.28.39:226][747]LogModuleManager: Shutting down and abandoning module PaperTiledImporter (296)
[2019.10.12-19.28.39:226][747]LogModuleManager: Shutting down and abandoning module PaperSpriteSheetImporter (294)
[2019.10.12-19.28.39:226][747]LogModuleManager: Shutting down and abandoning module Paper2DEditor (292)
[2019.10.12-19.28.39:226][747]LogModuleManager: Shutting down and abandoning module MeshPaint (291)
[2019.10.12-19.28.39:226][747]LogModuleManager: Shutting down and abandoning module RuntimePhysXCooking (288)
[2019.10.12-19.28.39:226][747]LogModuleManager: Shutting down and abandoning module PhysXVehiclesEditor (286)
[2019.10.12-19.28.39:226][747]LogModuleManager: Shutting down and abandoning module PhysXVehicles (284)
[2019.10.12-19.28.39:226][747]LogModuleManager: Shutting down and abandoning module OculusEditor (282)
[2019.10.12-19.28.39:226][747]LogModuleManager: Shutting down and abandoning module LocationServicesBPLibrary (280)
[2019.10.12-19.28.39:226][747]LogModuleManager: Shutting down and abandoning module ImmediatePhysicsEditor (278)
[2019.10.12-19.28.39:226][747]LogModuleManager: Shutting down and abandoning module ImmediatePhysics (276)
[2019.10.12-19.28.39:226][747]LogModuleManager: Shutting down and abandoning module ActorSequence (274)
[2019.10.12-19.28.39:226][747]LogModuleManager: Shutting down and abandoning module UdpMessaging (272)
[2019.10.12-19.28.39:328][747]LogModuleManager: Shutting down and abandoning module TcpMessaging (270)
[2019.10.12-19.28.39:429][747]LogModuleManager: Shutting down and abandoning module GameplayTagsEditor (268)
[2019.10.12-19.28.39:429][747]LogModuleManager: Shutting down and abandoning module FacialAnimationEditor (266)
[2019.10.12-19.28.39:429][747]LogModuleManager: Shutting down and abandoning module FacialAnimation (264)
[2019.10.12-19.28.39:429][747]LogModuleManager: Shutting down and abandoning module DataValidation (262)
[2019.10.12-19.28.39:429][747]LogModuleManager: Shutting down and abandoning module AssetManagerEditor (260)
[2019.10.12-19.28.39:429][747]LogModuleManager: Shutting down and abandoning module LevelEditor (259)
[2019.10.12-19.28.39:430][747]LogModuleManager: Shutting down and abandoning module PixelInspectorModule (258)
[2019.10.12-19.28.39:430][747]LogModuleManager: Shutting down and abandoning module CommonMenuExtensions (256)
[2019.10.12-19.28.39:430][747]LogModuleManager: Shutting down and abandoning module MainFrame (254)
[2019.10.12-19.28.39:430][747]LogModuleManager: Shutting down and abandoning module HotReload (253)
[2019.10.12-19.28.39:431][747]LogModuleManager: Shutting down and abandoning module ContentBrowser (249)
[2019.10.12-19.28.39:432][747]LogModuleManager: Shutting down and abandoning module TreeMap (247)
[2019.10.12-19.28.39:432][747]LogModuleManager: Shutting down and abandoning module LightPropagationVolumeRuntime (244)
[2019.10.12-19.28.39:432][747]LogModuleManager: Shutting down and abandoning module LiveLinkEditor (242)
[2019.10.12-19.28.39:432][747]LogModuleManager: Shutting down and abandoning module LiveLink (240)
[2019.10.12-19.28.39:711][747]LogModuleManager: Shutting down and abandoning module Paper2D (238)
[2019.10.12-19.28.39:711][747]LogModuleManager: Shutting down and abandoning module WindowsMoviePlayer (236)
[2019.10.12-19.28.39:711][747]LogModuleManager: Shutting down and abandoning module WmfMedia (234)
[2019.10.12-19.28.39:712][747]LogModuleManager: Shutting down and abandoning module Media (233)
[2019.10.12-19.28.39:718][747]LogModuleManager: Shutting down and abandoning module PacketHandler (230)
[2019.10.12-19.28.39:719][747]LogModuleManager: Shutting down and abandoning module ClothingSystemEditor (228)
[2019.10.12-19.28.39:719][747]LogModuleManager: Shutting down and abandoning module ClothingSystemRuntime (226)
[2019.10.12-19.28.39:719][747]LogModuleManager: Shutting down and abandoning module MediaAssets (224)
[2019.10.12-19.28.39:719][747]LogModuleManager: Shutting down and abandoning module Overlay (222)
[2019.10.12-19.28.39:719][747]LogModuleManager: Shutting down and abandoning module OverlayEditor (221)
[2019.10.12-19.28.39:719][747]LogModuleManager: Shutting down and abandoning module VREditor (218)
[2019.10.12-19.28.39:719][747]LogModuleManager: Shutting down and abandoning module StringTableEditor (216)
[2019.10.12-19.28.39:719][747]LogModuleManager: Shutting down and abandoning module GameplayTasksEditor (214)
[2019.10.12-19.28.39:719][747]LogModuleManager: Shutting down and abandoning module BehaviorTreeEditor (212)
[2019.10.12-19.28.39:719][747]LogModuleManager: Shutting down and abandoning module FunctionalTesting (210)
[2019.10.12-19.28.39:719][747]LogModuleManager: Shutting down and abandoning module CollisionAnalyzer (208)
[2019.10.12-19.28.39:719][747]LogModuleManager: Shutting down and abandoning module WorkspaceMenuStructure (207)
[2019.10.12-19.28.39:719][747]LogModuleManager: Shutting down and abandoning module UMG (204)
[2019.10.12-19.28.39:719][747]LogModuleManager: Shutting down and abandoning module UMGEditor (203)
[2019.10.12-19.28.39:719][747]LogModuleManager: Shutting down and abandoning module Sequencer (202)
[2019.10.12-19.28.39:719][747]LogModuleManager: Shutting down and abandoning module MessageLog (199)
[2019.10.12-19.28.39:719][747]LogModuleManager: Shutting down and abandoning module SlateReflector (194)
[2019.10.12-19.28.39:719][747]LogModuleManager: Shutting down and abandoning module Slate (192)
[2019.10.12-19.28.39:719][747]LogModuleManager: Shutting down and abandoning module EditorStyle (190)
[2019.10.12-19.28.39:721][747]LogModuleManager: Shutting down and abandoning module MRMesh (188)
[2019.10.12-19.28.39:721][747]LogModuleManager: Shutting down and abandoning module SourceCodeAccess (186)
[2019.10.12-19.28.39:721][747]LogModuleManager: Shutting down and abandoning module HeadMountedDisplay (184)
[2019.10.12-19.28.39:721][747]LogModuleManager: Shutting down and abandoning module XAudio2 (182)
[2019.10.12-19.28.39:721][747]LogModuleManager: Shutting down and abandoning module Networking (180)
[2019.10.12-19.28.39:721][747]LogModuleManager: Shutting down and abandoning module Core (178)
[2019.10.12-19.28.39:721][747]LogModuleManager: Shutting down and abandoning module LevelSequence (176)
[2019.10.12-19.28.39:721][747]LogModuleManager: Shutting down and abandoning module KismetCompiler (174)
[2019.10.12-19.28.39:721][747]LogModuleManager: Shutting down and abandoning module MeshUtilities (172)
[2019.10.12-19.28.39:721][747]LogModuleManager: Shutting down and abandoning module MeshMergeUtilities (171)
[2019.10.12-19.28.39:721][747]LogModuleManager: Shutting down and abandoning module MeshReductionInterface (170)
[2019.10.12-19.28.39:721][747]LogModuleManager: Shutting down and abandoning module SimplygonSwarm (169)
[2019.10.12-19.28.39:721][747]LogModuleManager: Shutting down and abandoning module SimplygonMeshReduction (167)
[2019.10.12-19.28.39:721][747]LogModuleManager: Shutting down and abandoning module QuadricMeshReduction (165)
[2019.10.12-19.28.39:721][747]LogModuleManager: Shutting down and abandoning module MaterialBaking (161)
[2019.10.12-19.28.39:721][747]LogModuleManager: Shutting down and abandoning module DirectoryWatcher (157)
[2019.10.12-19.28.39:727][747]LogModuleManager: Shutting down and abandoning module DerivedDataCache (154)
[2019.10.12-19.28.39:745][747]LogDerivedDataCache: Shutdown
[2019.10.12-19.28.39:745][747]LogModuleManager: Shutting down and abandoning module XGEController (152)
[2019.10.12-19.28.39:745][747]LogModuleManager: Shutting down and abandoning module TargetPlatform (150)
[2019.10.12-19.28.39:745][747]LogModuleManager: Shutting down and abandoning module VulkanShaderFormat (149)
[2019.10.12-19.28.39:745][747]LogModuleManager: Shutting down and abandoning module ShaderFormatVectorVM (147)
[2019.10.12-19.28.39:745][747]LogModuleManager: Shutting down and abandoning module ShaderFormatOpenGL (145)
[2019.10.12-19.28.39:745][747]LogModuleManager: Shutting down and abandoning module ShaderFormatD3D (143)
[2019.10.12-19.28.39:745][747]LogModuleManager: Shutting down and abandoning module MetalShaderFormat (141)
[2019.10.12-19.28.39:745][747]LogModuleManager: Shutting down and abandoning module TextureFormatUncompressed (139)
[2019.10.12-19.28.39:745][747]LogModuleManager: Shutting down and abandoning module TextureFormatPVR (137)
[2019.10.12-19.28.39:745][747]LogModuleManager: Shutting down and abandoning module TextureFormatDXT (135)
[2019.10.12-19.28.39:745][747]LogModuleManager: Shutting down and abandoning module TextureFormatIntelISPCTexComp (133)
[2019.10.12-19.28.39:745][747]LogModuleManager: Shutting down and abandoning module TextureFormatASTC (131)
[2019.10.12-19.28.39:745][747]LogModuleManager: Shutting down and abandoning module ImageWrapper (130)
[2019.10.12-19.28.39:745][747]LogModuleManager: Shutting down and abandoning module TextureFormatAndroid (127)
[2019.10.12-19.28.39:745][747]LogModuleManager: Shutting down and abandoning module AudioFormatOpus (125)
[2019.10.12-19.28.39:745][747]LogModuleManager: Shutting down and abandoning module AudioFormatOgg (123)
[2019.10.12-19.28.39:745][747]LogModuleManager: Shutting down and abandoning module AudioFormatADPCM (121)
[2019.10.12-19.28.39:745][747]LogModuleManager: Shutting down and abandoning module LinuxTargetPlatform (119)
[2019.10.12-19.28.39:745][747]LogModuleManager: Shutting down and abandoning module LinuxServerTargetPlatform (117)
[2019.10.12-19.28.39:745][747]LogModuleManager: Shutting down and abandoning module LinuxNoEditorTargetPlatform (115)
[2019.10.12-19.28.39:745][747]LogModuleManager: Shutting down and abandoning module LinuxClientTargetPlatform (113)
[2019.10.12-19.28.39:745][747]LogModuleManager: Shutting down and abandoning module TVOSTargetPlatform (111)
[2019.10.12-19.28.39:746][747]LogModuleManager: Shutting down and abandoning module Messaging (109)
[2019.10.12-19.28.39:746][747]LogModuleManager: Shutting down and abandoning module IOSTargetPlatform (107)
[2019.10.12-19.28.39:746][747]LogModuleManager: Shutting down and abandoning module HTML5TargetPlatform (105)
[2019.10.12-19.28.39:746][747]LogModuleManager: Shutting down and abandoning module AndroidTargetPlatform (103)
[2019.10.12-19.28.39:746][747]LogModuleManager: Shutting down and abandoning module Android_PVRTCTargetPlatform (101)
[2019.10.12-19.28.39:746][747]LogModuleManager: Shutting down and abandoning module Android_MultiTargetPlatform (99)
[2019.10.12-19.28.39:746][747]LogModuleManager: Shutting down and abandoning module Android_ETC2TargetPlatform (97)
[2019.10.12-19.28.39:746][747]LogModuleManager: Shutting down and abandoning module Android_ETC1TargetPlatform (95)
[2019.10.12-19.28.39:746][747]LogModuleManager: Shutting down and abandoning module Android_ETC1aTargetPlatform (93)
[2019.10.12-19.28.39:746][747]LogModuleManager: Shutting down and abandoning module Android_DXTTargetPlatform (91)
[2019.10.12-19.28.39:746][747]LogModuleManager: Shutting down and abandoning module Android_ATCTargetPlatform (89)
[2019.10.12-19.28.39:746][747]LogModuleManager: Shutting down and abandoning module Android_ASTCTargetPlatform (87)
[2019.10.12-19.28.39:746][747]LogModuleManager: Shutting down and abandoning module WindowsTargetPlatform (85)
[2019.10.12-19.28.39:746][747]LogModuleManager: Shutting down and abandoning module WindowsServerTargetPlatform (83)
[2019.10.12-19.28.39:746][747]LogModuleManager: Shutting down and abandoning module WindowsNoEditorTargetPlatform (81)
[2019.10.12-19.28.39:746][747]LogModuleManager: Shutting down and abandoning module WindowsClientTargetPlatform (79)
[2019.10.12-19.28.39:746][747]LogModuleManager: Shutting down and abandoning module MacTargetPlatform (77)
[2019.10.12-19.28.39:746][747]LogModuleManager: Shutting down and abandoning module MacServerTargetPlatform (75)
[2019.10.12-19.28.39:746][747]LogModuleManager: Shutting down and abandoning module MacNoEditorTargetPlatform (73)
[2019.10.12-19.28.39:746][747]LogModuleManager: Shutting down and abandoning module MacClientTargetPlatform (71)
[2019.10.12-19.28.39:746][747]LogModuleManager: Shutting down and abandoning module AllDesktopTargetPlatform (69)
[2019.10.12-19.28.39:746][747]LogModuleManager: Shutting down and abandoning module InputCore (66)
[2019.10.12-19.28.39:746][747]LogModuleManager: Shutting down and abandoning module Settings (64)
[2019.10.12-19.28.39:746][747]LogModuleManager: Shutting down and abandoning module PhysXCooking (62)
[2019.10.12-19.28.39:746][747]LogModuleManager: Shutting down and abandoning module SteamVR (60)
[2019.10.12-19.28.39:746][747]LogModuleManager: Shutting down and abandoning module OculusHMD (58)
[2019.10.12-19.28.39:746][747]LogModuleManager: Shutting down and abandoning module ExampleDeviceProfileSelector (56)
[2019.10.12-19.28.39:746][747]LogModuleManager: Shutting down and abandoning module AppleARKit (54)
[2019.10.12-19.28.39:746][747]LogModuleManager: Shutting down and abandoning module AugmentedReality (51)
[2019.10.12-19.28.39:746][747]LogModuleManager: Shutting down and abandoning module OnlineBlueprintSupport (48)
[2019.10.12-19.28.39:746][747]LogModuleManager: Shutting down and abandoning module OnlineSubsystem (44)
[2019.10.12-19.28.39:746][747]LogModuleManager: Shutting down and abandoning module XMPP (43)
[2019.10.12-19.28.39:746][747]LogModuleManager: Shutting down and abandoning module HTTP (41)
[2019.10.12-19.28.39:746][747]LogHttp: Display: Http module shutting down, but needs to wait on 1 outstanding Http requests:
[2019.10.12-19.28.39:746][747]LogHttp: Display: 	verb=[POST] url=[https://datarouter.ol.epicgames.com/datarouter/api/v1/public/data?SessionID=%7B75A447FF-4EEB-ABC3-A332-6EBF6C518A10%7D&AppID=UEEditor.Rocket.Release&AppVersion=4.19.2-4033788%2B%2B%2BUE4%2BRelease-4.19&UserID=897bdaff456d0706363377a73f26b632%7C1bb7b8bc03654f63b6ae6e9e0ca4ed28%7Cf1665a6d-cb0c-489a-a304-505991312bb5&AppEnvironment=datacollector-binary&UploadType=eteventstream] status=Processing
[2019.10.12-19.28.39:767][747]LogModuleManager: Shutting down and abandoning module SSL (40)
[2019.10.12-19.28.39:768][747]LogModuleManager: Shutting down and abandoning module AnimationModifiers (36)
[2019.10.12-19.28.39:768][747]LogModuleManager: Shutting down and abandoning module PropertyEditor (35)
[2019.10.12-19.28.39:768][747]LogModuleManager: Shutting down and abandoning module AudioEditor (32)
[2019.10.12-19.28.39:768][747]LogModuleManager: Shutting down and abandoning module TextureCompressor (30)
[2019.10.12-19.28.39:768][747]LogModuleManager: Shutting down and abandoning module ShaderCore (28)
[2019.10.12-19.28.39:768][747]LogModuleManager: Shutting down and abandoning module Landscape (26)
[2019.10.12-19.28.39:768][747]LogModuleManager: Shutting down and abandoning module SlateRHIRenderer (24)
[2019.10.12-19.28.39:770][747]LogModuleManager: Shutting down and abandoning module OpenGLDrv (22)
[2019.10.12-19.28.39:770][747]LogModuleManager: Shutting down and abandoning module D3D11RHI (20)
[2019.10.12-19.28.39:770][747]LogModuleManager: Shutting down and abandoning module AnimGraphRuntime (18)
[2019.10.12-19.28.39:770][747]LogModuleManager: Shutting down and abandoning module Renderer (16)
[2019.10.12-19.28.39:770][747]LogModuleManager: Shutting down and abandoning module Engine (14)
[2019.10.12-19.28.39:770][747]LogModuleManager: Shutting down and abandoning module CoreUObject (12)
[2019.10.12-19.28.39:770][747]LogModuleManager: Shutting down and abandoning module NetworkFile (10)
[2019.10.12-19.28.39:770][747]LogModuleManager: Shutting down and abandoning module CookedIterativeFile (8)
[2019.10.12-19.28.39:770][747]LogModuleManager: Shutting down and abandoning module StreamingFile (6)
[2019.10.12-19.28.39:771][747]LogModuleManager: Shutting down and abandoning module SandboxFile (4)
[2019.10.12-19.28.39:771][747]LogModuleManager: Shutting down and abandoning module PakFile (2)
[2019.10.12-19.28.39:778][747]LogExit: Exiting.
[2019.10.12-19.28.39:795][747]Log file closed, 10/12/19 14:28:39
